<!DOCTYPE html>
<html>
  <head>
    <meta charset="utf-8"/>
    <title>Test Report</title>
    <style>body {
	font-family: Helvetica, Arial, sans-serif;
	font-size: 12px;
	min-width: 1200px;
	color: #999;
}

h1 {
	font-size: 24px;
	color: black;
}

h2 {
	font-size: 16px;
	color: black;
}

p {
    color: black;
}

a {
	color: #999;
}

table {
	border-collapse: collapse;
}

/******************************
 * SUMMARY INFORMATION
 ******************************/

#environment td {
	padding: 5px;
	border: 1px solid #E6E6E6;
}

#environment tr:nth-child(odd) {
	background-color: #f6f6f6;
}

/******************************
 * TEST RESULT COLORS
 ******************************/
span.passed, .passed .col-result {
	color: green;
}
span.skipped, span.xfailed, span.rerun, .skipped .col-result, .xfailed .col-result, .rerun .col-result {
	color: orange;
}
span.error, span.failed, span.xpassed, .error .col-result, .failed .col-result, .xpassed .col-result  {
	color: red;
}


/******************************
 * RESULTS TABLE
 *
 * 1. Table Layout
 * 2. Extra
 * 3. Sorting items
 *
 ******************************/

/*------------------
 * 1. Table Layout
 *------------------*/

#results-table {
	border: 1px solid #e6e6e6;
	color: #999;
	font-size: 12px;
	width: 100%
}

#results-table th, #results-table td {
	padding: 5px;
	border: 1px solid #E6E6E6;
	text-align: left
}
#results-table th {
	font-weight: bold
}

/*------------------
 * 2. Extra
 *------------------*/

.log:only-child {
	height: inherit
}
.log {
	background-color: #e6e6e6;
	border: 1px solid #e6e6e6;
	color: black;
	display: block;
	font-family: "Courier New", Courier, monospace;
	height: 230px;
	overflow-y: scroll;
	padding: 5px;
	white-space: pre-wrap
}
div.image {
	border: 1px solid #e6e6e6;
	float: right;
	height: 240px;
	margin-left: 5px;
	overflow: hidden;
	width: 320px
}
div.image img {
	width: 320px
}
.collapsed {
	display: none;
}
.expander::after {
	content: " (show details)";
	color: #BBB;
	font-style: italic;
	cursor: pointer;
}
.collapser::after {
	content: " (hide details)";
	color: #BBB;
	font-style: italic;
	cursor: pointer;
}

/*------------------
 * 3. Sorting items
 *------------------*/
.sortable {
	cursor: pointer;
}

.sort-icon {
	font-size: 0px;
	float: left;
	margin-right: 5px;
	margin-top: 5px;
	/*triangle*/
	width: 0;
	height: 0;
	border-left: 8px solid transparent;
	border-right: 8px solid transparent;
}

.inactive .sort-icon {
	/*finish triangle*/
	border-top: 8px solid #E6E6E6;
}

.asc.active .sort-icon {
	/*finish triangle*/
	border-bottom: 8px solid #999;
}

.desc.active .sort-icon {
	/*finish triangle*/
	border-top: 8px solid #999;
}
</style></head>
  <body onLoad="init()">
    <script>/* This Source Code Form is subject to the terms of the Mozilla Public
 * License, v. 2.0. If a copy of the MPL was not distributed with this file,
 * You can obtain one at http://mozilla.org/MPL/2.0/. */


function toArray(iter) {
    if (iter === null) {
        return null;
    }
    return Array.prototype.slice.call(iter);
}

function find(selector, elem) {
    if (!elem) {
        elem = document;
    }
    return elem.querySelector(selector);
}

function find_all(selector, elem) {
    if (!elem) {
        elem = document;
    }
    return toArray(elem.querySelectorAll(selector));
}

function sort_column(elem) {
    toggle_sort_states(elem);
    var colIndex = toArray(elem.parentNode.childNodes).indexOf(elem);
    var key;
    if (elem.classList.contains('numeric')) {
        key = key_num;
    } else if (elem.classList.contains('result')) {
        key = key_result;
    } else {
        key = key_alpha;
    }
    sort_table(elem, key(colIndex));
}

function show_all_extras() {
    find_all('.col-result').forEach(show_extras);
}

function hide_all_extras() {
    find_all('.col-result').forEach(hide_extras);
}

function show_extras(colresult_elem) {
    var extras = colresult_elem.parentNode.nextElementSibling;
    var expandcollapse = colresult_elem.firstElementChild;
    extras.classList.remove("collapsed");
    expandcollapse.classList.remove("expander");
    expandcollapse.classList.add("collapser");
}

function hide_extras(colresult_elem) {
    var extras = colresult_elem.parentNode.nextElementSibling;
    var expandcollapse = colresult_elem.firstElementChild;
    extras.classList.add("collapsed");
    expandcollapse.classList.remove("collapser");
    expandcollapse.classList.add("expander");
}

function show_filters() {
    var filter_items = document.getElementsByClassName('filter');
    for (var i = 0; i < filter_items.length; i++)
        filter_items[i].hidden = false;
}

function add_collapse() {
    // Add links for show/hide all
    var resulttable = find('table#results-table');
    var showhideall = document.createElement("p");
    showhideall.innerHTML = '<a href="javascript:show_all_extras()">Show all details</a> / ' +
                            '<a href="javascript:hide_all_extras()">Hide all details</a>';
    resulttable.parentElement.insertBefore(showhideall, resulttable);

    // Add show/hide link to each result
    find_all('.col-result').forEach(function(elem) {
        var collapsed = get_query_parameter('collapsed') || 'Passed';
        var extras = elem.parentNode.nextElementSibling;
        var expandcollapse = document.createElement("span");
        if (collapsed.includes(elem.innerHTML)) {
            extras.classList.add("collapsed");
            expandcollapse.classList.add("expander");
        } else {
            expandcollapse.classList.add("collapser");
        }
        elem.appendChild(expandcollapse);

        elem.addEventListener("click", function(event) {
            if (event.currentTarget.parentNode.nextElementSibling.classList.contains("collapsed")) {
                show_extras(event.currentTarget);
            } else {
                hide_extras(event.currentTarget);
            }
        });
    })
}

function get_query_parameter(name) {
    var match = RegExp('[?&]' + name + '=([^&]*)').exec(window.location.search);
    return match && decodeURIComponent(match[1].replace(/\+/g, ' '));
}

function init () {
    reset_sort_headers();

    add_collapse();

    show_filters();

    toggle_sort_states(find('.initial-sort'));

    find_all('.sortable').forEach(function(elem) {
        elem.addEventListener("click",
                              function(event) {
                                  sort_column(elem);
                              }, false)
    });

};

function sort_table(clicked, key_func) {
    var rows = find_all('.results-table-row');
    var reversed = !clicked.classList.contains('asc');
    var sorted_rows = sort(rows, key_func, reversed);
    /* Whole table is removed here because browsers acts much slower
     * when appending existing elements.
     */
    var thead = document.getElementById("results-table-head");
    document.getElementById('results-table').remove();
    var parent = document.createElement("table");
    parent.id = "results-table";
    parent.appendChild(thead);
    sorted_rows.forEach(function(elem) {
        parent.appendChild(elem);
    });
    document.getElementsByTagName("BODY")[0].appendChild(parent);
}

function sort(items, key_func, reversed) {
    var sort_array = items.map(function(item, i) {
        return [key_func(item), i];
    });
    var multiplier = reversed ? -1 : 1;

    sort_array.sort(function(a, b) {
        var key_a = a[0];
        var key_b = b[0];
        return multiplier * (key_a >= key_b ? 1 : -1);
    });

    return sort_array.map(function(item) {
        var index = item[1];
        return items[index];
    });
}

function key_alpha(col_index) {
    return function(elem) {
        return elem.childNodes[1].childNodes[col_index].firstChild.data.toLowerCase();
    };
}

function key_num(col_index) {
    return function(elem) {
        return parseFloat(elem.childNodes[1].childNodes[col_index].firstChild.data);
    };
}

function key_result(col_index) {
    return function(elem) {
        var strings = ['Error', 'Failed', 'Rerun', 'XFailed', 'XPassed',
                       'Skipped', 'Passed'];
        return strings.indexOf(elem.childNodes[1].childNodes[col_index].firstChild.data);
    };
}

function reset_sort_headers() {
    find_all('.sort-icon').forEach(function(elem) {
        elem.parentNode.removeChild(elem);
    });
    find_all('.sortable').forEach(function(elem) {
        var icon = document.createElement("div");
        icon.className = "sort-icon";
        icon.textContent = "vvv";
        elem.insertBefore(icon, elem.firstChild);
        elem.classList.remove("desc", "active");
        elem.classList.add("asc", "inactive");
    });
}

function toggle_sort_states(elem) {
    //if active, toggle between asc and desc
    if (elem.classList.contains('active')) {
        elem.classList.toggle('asc');
        elem.classList.toggle('desc');
    }

    //if inactive, reset all other functions and add ascending active
    if (elem.classList.contains('inactive')) {
        reset_sort_headers();
        elem.classList.remove('inactive');
        elem.classList.add('active');
    }
}

function is_all_rows_hidden(value) {
  return value.hidden == false;
}

function filter_table(elem) {
    var outcome_att = "data-test-result";
    var outcome = elem.getAttribute(outcome_att);
    class_outcome = outcome + " results-table-row";
    var outcome_rows = document.getElementsByClassName(class_outcome);

    for(var i = 0; i < outcome_rows.length; i++){
        outcome_rows[i].hidden = !elem.checked;
    }

    var rows = find_all('.results-table-row').filter(is_all_rows_hidden);
    var all_rows_hidden = rows.length == 0 ? true : false;
    var not_found_message = document.getElementById("not-found-message");
    not_found_message.hidden = !all_rows_hidden;
}
</script>
    <h1>2020-03-05_11_48_42SYS_Seting_report.html</h1>
    <p>Report generated on 05-Mar-2020 at 12:54:59 by<a href="https://pypi.python.org/pypi/pytest-html"> pytest-html</a> v1.19.0</p>
    <h2>Environment</h2>
    <table id="environment">
      <tr>
        <td>Packages</td>
        <td>{&apos;pytest&apos;: &apos;3.6.3&apos;, &apos;py&apos;: &apos;1.8.0&apos;, &apos;pluggy&apos;: &apos;0.6.0&apos;}</td></tr>
      <tr>
        <td>Platform</td>
        <td>Windows-7-6.1.7601-SP1</td></tr>
      <tr>
        <td>Plugins</td>
        <td>{&apos;rerunfailures&apos;: &apos;4.1&apos;, &apos;metadata&apos;: &apos;1.8.0&apos;, &apos;html&apos;: &apos;1.19.0&apos;}</td></tr>
      <tr>
        <td>Python</td>
        <td>3.7.0</td></tr></table>
    <h2>Summary</h2>
    <p>56 tests ran in 3976.60 seconds. </p>
    <p class="filter" hidden="true">(Un)check the boxes to filter the results.</p><input checked="true" class="filter" data-test-result="passed" hidden="true" name="filter_checkbox" onChange="filter_table(this)" type="checkbox"/><span class="passed">50 passed</span>, <input checked="true" class="filter" data-test-result="skipped" disabled="true" hidden="true" name="filter_checkbox" onChange="filter_table(this)" type="checkbox"/><span class="skipped">0 skipped</span>, <input checked="true" class="filter" data-test-result="failed" hidden="true" name="filter_checkbox" onChange="filter_table(this)" type="checkbox"/><span class="failed">6 failed</span>, <input checked="true" class="filter" data-test-result="error" disabled="true" hidden="true" name="filter_checkbox" onChange="filter_table(this)" type="checkbox"/><span class="error">0 errors</span>, <input checked="true" class="filter" data-test-result="xfailed" disabled="true" hidden="true" name="filter_checkbox" onChange="filter_table(this)" type="checkbox"/><span class="xfailed">0 expected failures</span>, <input checked="true" class="filter" data-test-result="xpassed" disabled="true" hidden="true" name="filter_checkbox" onChange="filter_table(this)" type="checkbox"/><span class="xpassed">0 unexpected passes</span>, <input checked="true" class="filter" data-test-result="rerun" hidden="true" name="filter_checkbox" onChange="filter_table(this)" type="checkbox"/><span class="rerun">7 rerun</span>
    <h2>Results</h2>
    <table id="results-table">
      <thead id="results-table-head">
        <tr>
          <th class="sortable result initial-sort" col="result">Result</th>
          <th class="sortable time" col="time">Time</th>
          <th class="sortable" col="name">Test</th>
          <th>Description</th>
          <th class="sortable numeric" col="duration">Duration</th></tr>
        <tr hidden="true" id="not-found-message">
          <th colspan="5">No results found. Try to check the filters</th></tr></thead>
      <tbody class="failed results-table-row">
        <tr>
          <td class="col-result">Failed</td>
          <td class="col-time">2020-03-05 04:01:57.616676</td>
          <td class="col-name">test_case/scg/scg_SYS_Seting/test_c139467.py::test_c139467</td>
          <td>None</td>
          <td class="col-duration">128.65</td></tr>
        <tr>
          <td class="extra" colspan="5">
            <div class="log">browser = &lt;selenium.webdriver.chrome.webdriver.WebDriver (session=&quot;3e4019d784f92e546f72acc11c57a8cb&quot;)&gt;<br/><br/>    def test_c139467(browser):<br/>    	try:<br/>    		login_web(browser, url=dev1)<br/>    		# 点击管理员<br/>    		test_info = itest_ntpservers_availability(browser, servers_option=&quot;default&quot;)<br/>    		result = &#x27;&#x27;<br/>    		loginfo = get_log_info(browser, log_type=管理日志, num=5)<br/>    		for x in test_info:<br/>    			# print(x)<br/>    			# loginfo = get_log_info(browser, log_type=管理日志, num=5)<br/>    			# print(loginfo)<br/>    			try:<br/>&gt;   				assert &#x27;成功修改[date&#x27; in loginfo and &quot;adjust time server&quot; in x<br/><span class="error">E       AssertionError: assert (&#x27;成功修改[date&#x27; in &#x27;\n系统管理员[admin]成功修改[date frome Thu Mar 5 12:02:10 2020]为[2020-03-05:12:02:10 ]\n系统管理员[admin]成功修改[date frome Thu Mar 5 ...理员[admin@2097316]执行操作[reload]，原因是[pytest]\n系统管理员[admin]成功修改[date frome Thu Mar 5 11:59:45 2020]为[2020-03-05:11:59:45 ]&#x27; and &#x27;adjust time server&#x27; in &#x27;5 Mar 12:01:45 ntpdate[6775]: no server suitable for synchronization found&#x27;)</span><br/><br/>test_case\scg\scg_SYS_Seting\test_c139467.py:31: AssertionError<br/><br/>During handling of the above exception, another exception occurred:<br/><br/>browser = &lt;selenium.webdriver.chrome.webdriver.WebDriver (session=&quot;3e4019d784f92e546f72acc11c57a8cb&quot;)&gt;<br/><br/>    def test_c139467(browser):<br/>    	try:<br/>    		login_web(browser, url=dev1)<br/>    		# 点击管理员<br/>    		test_info = itest_ntpservers_availability(browser, servers_option=&quot;default&quot;)<br/>    		result = &#x27;&#x27;<br/>    		loginfo = get_log_info(browser, log_type=管理日志, num=5)<br/>    		for x in test_info:<br/>    			# print(x)<br/>    			# loginfo = get_log_info(browser, log_type=管理日志, num=5)<br/>    			# print(loginfo)<br/>    			try:<br/>    				assert &#x27;成功修改[date&#x27; in loginfo and &quot;adjust time server&quot; in x<br/>    				rail_pass(test_run_id, test_id)<br/>    			except:<br/>    				rail_fail(test_run_id, test_id)<br/>    				print(x)<br/>&gt;   				assert &#x27;成功修改[date&#x27; in loginfo and &quot;adjust time server&quot; in x<br/><span class="error">E       AssertionError: assert (&#x27;成功修改[date&#x27; in &#x27;\n系统管理员[admin]成功修改[date frome Thu Mar 5 12:02:10 2020]为[2020-03-05:12:02:10 ]\n系统管理员[admin]成功修改[date frome Thu Mar 5 ...理员[admin@2097316]执行操作[reload]，原因是[pytest]\n系统管理员[admin]成功修改[date frome Thu Mar 5 11:59:45 2020]为[2020-03-05:11:59:45 ]&#x27; and &#x27;adjust time server&#x27; in &#x27;5 Mar 12:01:45 ntpdate[6775]: no server suitable for synchronization found&#x27;)</span><br/><br/>test_case\scg\scg_SYS_Seting\test_c139467.py:36: AssertionError<br/><br/>During handling of the above exception, another exception occurred:<br/><br/>browser = &lt;selenium.webdriver.chrome.webdriver.WebDriver (session=&quot;3e4019d784f92e546f72acc11c57a8cb&quot;)&gt;<br/><br/>    def test_c139467(browser):<br/>    	try:<br/>    		login_web(browser, url=dev1)<br/>    		# 点击管理员<br/>    		test_info = itest_ntpservers_availability(browser, servers_option=&quot;default&quot;)<br/>    		result = &#x27;&#x27;<br/>    		loginfo = get_log_info(browser, log_type=管理日志, num=5)<br/>    		for x in test_info:<br/>    			# print(x)<br/>    			# loginfo = get_log_info(browser, log_type=管理日志, num=5)<br/>    			# print(loginfo)<br/>    			try:<br/>    				assert &#x27;成功修改[date&#x27; in loginfo and &quot;adjust time server&quot; in x<br/>    				rail_pass(test_run_id, test_id)<br/>    			except:<br/>    				rail_fail(test_run_id, test_id)<br/>    				print(x)<br/>    				assert &#x27;成功修改[date&#x27; in loginfo and &quot;adjust time server&quot; in x<br/>    <br/>    		set_ntpservers_disable(browser)<br/>    	except Exception as err:<br/>    		# 如果上面的步骤有报错，重新设备，恢复配置<br/>    		reload(hostip=dev1)<br/>    		print(err)<br/>    		rail_fail(test_run_id, test_id)<br/>&gt;   		assert False<br/><span class="error">E     assert False</span><br/><br/>test_case\scg\scg_SYS_Seting\test_c139467.py:44: AssertionError<br/></div></td></tr></tbody>
      <tbody class="failed results-table-row">
        <tr>
          <td class="col-result">Failed</td>
          <td class="col-time">2020-03-05 04:22:15.279322</td>
          <td class="col-name">test_case/scg/scg_SYS_Seting/test_c139547.py::test_c139547</td>
          <td>None</td>
          <td class="col-duration">96.80</td></tr>
        <tr>
          <td class="extra" colspan="5">
            <div class="log">browser = &lt;selenium.webdriver.chrome.webdriver.WebDriver (session=&quot;3e4019d784f92e546f72acc11c57a8cb&quot;)&gt;<br/><br/>    def test_c139547(browser):<br/>    	try:<br/>    		login_web(browser, url=dev5)<br/>    		info1 = trace_route(browser, ipadd=&quot;45.1.1.4&quot;, packersize=&quot;40&quot;, count=&quot;10&quot;, ping_wait_time=&quot;2&quot;, interface=interface_name_4, timesleep=10)<br/>    		# print(info1)<br/>    		try:<br/>&gt;   			assert &quot;*&quot; in info1<br/><span class="error">E      AssertionError: assert &#x27;*&#x27; in &#x27;traceroute to 45.1.1.4 (45.1.1.4), 10 hops max, 48 byte packe&#x27;</span><br/><br/>test_case\scg\scg_SYS_Seting\test_c139547.py:22: AssertionError<br/><br/>During handling of the above exception, another exception occurred:<br/><br/>browser = &lt;selenium.webdriver.chrome.webdriver.WebDriver (session=&quot;3e4019d784f92e546f72acc11c57a8cb&quot;)&gt;<br/><br/>    def test_c139547(browser):<br/>    	try:<br/>    		login_web(browser, url=dev5)<br/>    		info1 = trace_route(browser, ipadd=&quot;45.1.1.4&quot;, packersize=&quot;40&quot;, count=&quot;10&quot;, ping_wait_time=&quot;2&quot;, interface=interface_name_4, timesleep=10)<br/>    		# print(info1)<br/>    		try:<br/>    			assert &quot;*&quot; in info1<br/>    			rail_pass(test_run_id, test_id)<br/>    		except:<br/>    			rail_fail(test_run_id, test_id)<br/>&gt;   			assert &quot;*&quot; in info1<br/><span class="error">E      AssertionError: assert &#x27;*&#x27; in &#x27;traceroute to 45.1.1.4 (45.1.1.4), 10 hops max, 48 byte packe&#x27;</span><br/><br/>test_case\scg\scg_SYS_Seting\test_c139547.py:26: AssertionError<br/><br/>During handling of the above exception, another exception occurred:<br/><br/>browser = &lt;selenium.webdriver.chrome.webdriver.WebDriver (session=&quot;3e4019d784f92e546f72acc11c57a8cb&quot;)&gt;<br/><br/>    def test_c139547(browser):<br/>    	try:<br/>    		login_web(browser, url=dev5)<br/>    		info1 = trace_route(browser, ipadd=&quot;45.1.1.4&quot;, packersize=&quot;40&quot;, count=&quot;10&quot;, ping_wait_time=&quot;2&quot;, interface=interface_name_4, timesleep=10)<br/>    		# print(info1)<br/>    		try:<br/>    			assert &quot;*&quot; in info1<br/>    			rail_pass(test_run_id, test_id)<br/>    		except:<br/>    			rail_fail(test_run_id, test_id)<br/>    			assert &quot;*&quot; in info1<br/>    <br/>    	except Exception as err:<br/>    		# 如果上面的步骤有报错，重新设备，恢复配置<br/>    		print(err)<br/>    		rail_fail(test_run_id, test_id)<br/>    		reload(hostip=dev5)<br/>&gt;   		assert False<br/><span class="error">E     assert False</span><br/><br/>test_case\scg\scg_SYS_Seting\test_c139547.py:33: AssertionError<br/></div></td></tr></tbody>
      <tbody class="failed results-table-row">
        <tr>
          <td class="col-result">Failed</td>
          <td class="col-time">2020-03-05 04:27:44.451149</td>
          <td class="col-name">test_case/scg/scg_SYS_Seting/test_c139556.py::test_c139556</td>
          <td>None</td>
          <td class="col-duration">98.87</td></tr>
        <tr>
          <td class="extra" colspan="5">
            <div class="log">browser = &lt;selenium.webdriver.chrome.webdriver.WebDriver (session=&quot;3e4019d784f92e546f72acc11c57a8cb&quot;)&gt;<br/><br/>    def test_c139556(browser):<br/>    	try:<br/>    		login_web(browser, url=dev5)<br/>    		info1 = trace_route(browser, ipadd=&quot;45.1.1.4&quot;, packersize=&quot;40&quot;, count=&quot;10&quot;, ping_wait_time=&quot;2&quot;, interface=interface_name_4, timesleep=10)<br/>    		# print(info1)<br/>    		try:<br/>&gt;   			assert &quot;*&quot; in info1<br/><span class="error">E      AssertionError: assert &#x27;*&#x27; in &#x27;traceroute to 45.1.1.4 (45.1.1.4), 10 hops max, 48 byte packe&#x27;</span><br/><br/>test_case\scg\scg_SYS_Seting\test_c139556.py:22: AssertionError<br/><br/>During handling of the above exception, another exception occurred:<br/><br/>browser = &lt;selenium.webdriver.chrome.webdriver.WebDriver (session=&quot;3e4019d784f92e546f72acc11c57a8cb&quot;)&gt;<br/><br/>    def test_c139556(browser):<br/>    	try:<br/>    		login_web(browser, url=dev5)<br/>    		info1 = trace_route(browser, ipadd=&quot;45.1.1.4&quot;, packersize=&quot;40&quot;, count=&quot;10&quot;, ping_wait_time=&quot;2&quot;, interface=interface_name_4, timesleep=10)<br/>    		# print(info1)<br/>    		try:<br/>    			assert &quot;*&quot; in info1<br/>    			rail_pass(test_run_id, test_id)<br/>    		except:<br/>    			rail_fail(test_run_id, test_id)<br/>&gt;   			assert &quot;*&quot; in info1<br/><span class="error">E      AssertionError: assert &#x27;*&#x27; in &#x27;traceroute to 45.1.1.4 (45.1.1.4), 10 hops max, 48 byte packe&#x27;</span><br/><br/>test_case\scg\scg_SYS_Seting\test_c139556.py:26: AssertionError<br/><br/>During handling of the above exception, another exception occurred:<br/><br/>browser = &lt;selenium.webdriver.chrome.webdriver.WebDriver (session=&quot;3e4019d784f92e546f72acc11c57a8cb&quot;)&gt;<br/><br/>    def test_c139556(browser):<br/>    	try:<br/>    		login_web(browser, url=dev5)<br/>    		info1 = trace_route(browser, ipadd=&quot;45.1.1.4&quot;, packersize=&quot;40&quot;, count=&quot;10&quot;, ping_wait_time=&quot;2&quot;, interface=interface_name_4, timesleep=10)<br/>    		# print(info1)<br/>    		try:<br/>    			assert &quot;*&quot; in info1<br/>    			rail_pass(test_run_id, test_id)<br/>    		except:<br/>    			rail_fail(test_run_id, test_id)<br/>    			assert &quot;*&quot; in info1<br/>    <br/>    	except Exception as err:<br/>    		# 如果上面的步骤有报错，重新设备，恢复配置<br/>    		print(err)<br/>    		rail_fail(test_run_id, test_id)<br/>    		reload(hostip=dev5)<br/>&gt;   		assert False<br/><span class="error">E     assert False</span><br/><br/>test_case\scg\scg_SYS_Seting\test_c139556.py:33: AssertionError<br/></div></td></tr></tbody>
      <tbody class="failed results-table-row">
        <tr>
          <td class="col-result">Failed</td>
          <td class="col-time">2020-03-05 04:36:14.464320</td>
          <td class="col-name">test_case/scg/scg_SYS_Seting/test_c139571.py::test_c139571</td>
          <td>None</td>
          <td class="col-duration">115.70</td></tr>
        <tr>
          <td class="extra" colspan="5">
            <div class="log">browser = &lt;selenium.webdriver.chrome.webdriver.WebDriver (session=&quot;3e4019d784f92e546f72acc11c57a8cb&quot;)&gt;<br/><br/>    def test_c139571(browser):<br/>    	try:<br/>    		login_web(browser, url=dev5)<br/>    		info1 = trace_route(browser, ipadd=&quot;45.1.1.4&quot;, packersize=&quot;40&quot;, count=&quot;5&quot;, ping_wait_time=&quot;2&quot;, interface=&quot;请选择&quot;, timesleep=10)<br/>    		info2 = trace_route(browser, ipadd=&quot;45.1.1.4&quot;, packersize=&quot;40&quot;, count=&quot;5&quot;, ping_wait_time=&quot;2&quot;, interface=interface_name_4, timesleep=10)<br/>    		try:<br/>&gt;   			assert &quot;*&quot; in info1 and &quot;*&quot; in info2<br/><span class="error">E      AssertionError: assert (&#x27;*&#x27; in &#x27;traceroute to 45.1.1.4 (45.1.1.4), 5 hops max, 48 byte packe&#x27;)</span><br/><br/>test_case\scg\scg_SYS_Seting\test_c139571.py:22: AssertionError<br/><br/>During handling of the above exception, another exception occurred:<br/><br/>browser = &lt;selenium.webdriver.chrome.webdriver.WebDriver (session=&quot;3e4019d784f92e546f72acc11c57a8cb&quot;)&gt;<br/><br/>    def test_c139571(browser):<br/>    	try:<br/>    		login_web(browser, url=dev5)<br/>    		info1 = trace_route(browser, ipadd=&quot;45.1.1.4&quot;, packersize=&quot;40&quot;, count=&quot;5&quot;, ping_wait_time=&quot;2&quot;, interface=&quot;请选择&quot;, timesleep=10)<br/>    		info2 = trace_route(browser, ipadd=&quot;45.1.1.4&quot;, packersize=&quot;40&quot;, count=&quot;5&quot;, ping_wait_time=&quot;2&quot;, interface=interface_name_4, timesleep=10)<br/>    		try:<br/>    			assert &quot;*&quot; in info1 and &quot;*&quot; in info2<br/>    			rail_pass(test_run_id, test_id)<br/>    		except:<br/>    			rail_fail(test_run_id, test_id)<br/>&gt;   			assert &quot;*&quot; in info1 and &quot;*&quot; in info2<br/><span class="error">E      AssertionError: assert (&#x27;*&#x27; in &#x27;traceroute to 45.1.1.4 (45.1.1.4), 5 hops max, 48 byte packe&#x27;)</span><br/><br/>test_case\scg\scg_SYS_Seting\test_c139571.py:26: AssertionError<br/><br/>During handling of the above exception, another exception occurred:<br/><br/>browser = &lt;selenium.webdriver.chrome.webdriver.WebDriver (session=&quot;3e4019d784f92e546f72acc11c57a8cb&quot;)&gt;<br/><br/>    def test_c139571(browser):<br/>    	try:<br/>    		login_web(browser, url=dev5)<br/>    		info1 = trace_route(browser, ipadd=&quot;45.1.1.4&quot;, packersize=&quot;40&quot;, count=&quot;5&quot;, ping_wait_time=&quot;2&quot;, interface=&quot;请选择&quot;, timesleep=10)<br/>    		info2 = trace_route(browser, ipadd=&quot;45.1.1.4&quot;, packersize=&quot;40&quot;, count=&quot;5&quot;, ping_wait_time=&quot;2&quot;, interface=interface_name_4, timesleep=10)<br/>    		try:<br/>    			assert &quot;*&quot; in info1 and &quot;*&quot; in info2<br/>    			rail_pass(test_run_id, test_id)<br/>    		except:<br/>    			rail_fail(test_run_id, test_id)<br/>    			assert &quot;*&quot; in info1 and &quot;*&quot; in info2<br/>    <br/>    	except Exception as err:<br/>    		# 如果上面的步骤有报错，重新设备，恢复配置<br/>    		print(err)<br/>    		rail_fail(test_run_id, test_id)<br/>    		reload(hostip=dev5)<br/>&gt;   		assert False<br/><span class="error">E     assert False</span><br/><br/>test_case\scg\scg_SYS_Seting\test_c139571.py:33: AssertionError<br/></div></td></tr></tbody>
      <tbody class="failed results-table-row">
        <tr>
          <td class="col-result">Failed</td>
          <td class="col-time">2020-03-05 04:48:50.320553</td>
          <td class="col-name">test_case/scg/scg_SYS_Seting/test_c139575.py::test_c139575</td>
          <td>None</td>
          <td class="col-duration">175.17</td></tr>
        <tr>
          <td class="extra" colspan="5">
            <div class="log">browser = &lt;selenium.webdriver.chrome.webdriver.WebDriver (session=&quot;3e4019d784f92e546f72acc11c57a8cb&quot;)&gt;<br/><br/>    def test_c139575(browser):<br/>    	try:<br/>    		login_web(browser, url=dev5)<br/>    		reload(hostip=dev5, switch=&quot;重启&quot;)<br/>    		time.sleep(2)<br/>    		login_web(browser, url=dev5)<br/>    		info1 = trace_route(browser, ipadd=&quot;45.1.1.4&quot;, packersize=&quot;40&quot;, count=&quot;5&quot;, ping_wait_time=&quot;2&quot;, interface=interface_name_4, timesleep=10)<br/>    <br/>    		try:<br/>&gt;   			assert &quot;*&quot; in info1<br/><span class="error">E      AssertionError: assert &#x27;*&#x27; in &#x27;traceroute to 45.1.1.4 (45.1.1.4), 5 hops max, 48 byte packe&#x27;</span><br/><br/>test_case\scg\scg_SYS_Seting\test_c139575.py:24: AssertionError<br/><br/>During handling of the above exception, another exception occurred:<br/><br/>browser = &lt;selenium.webdriver.chrome.webdriver.WebDriver (session=&quot;3e4019d784f92e546f72acc11c57a8cb&quot;)&gt;<br/><br/>    def test_c139575(browser):<br/>    	try:<br/>    		login_web(browser, url=dev5)<br/>    		reload(hostip=dev5, switch=&quot;重启&quot;)<br/>    		time.sleep(2)<br/>    		login_web(browser, url=dev5)<br/>    		info1 = trace_route(browser, ipadd=&quot;45.1.1.4&quot;, packersize=&quot;40&quot;, count=&quot;5&quot;, ping_wait_time=&quot;2&quot;, interface=interface_name_4, timesleep=10)<br/>    <br/>    		try:<br/>    			assert &quot;*&quot; in info1<br/>    			rail_pass(test_run_id, test_id)<br/>    		except:<br/>    			rail_fail(test_run_id, test_id)<br/>&gt;   			assert &quot;*&quot; in info1<br/><span class="error">E      AssertionError: assert &#x27;*&#x27; in &#x27;traceroute to 45.1.1.4 (45.1.1.4), 5 hops max, 48 byte packe&#x27;</span><br/><br/>test_case\scg\scg_SYS_Seting\test_c139575.py:28: AssertionError<br/><br/>During handling of the above exception, another exception occurred:<br/><br/>browser = &lt;selenium.webdriver.chrome.webdriver.WebDriver (session=&quot;3e4019d784f92e546f72acc11c57a8cb&quot;)&gt;<br/><br/>    def test_c139575(browser):<br/>    	try:<br/>    		login_web(browser, url=dev5)<br/>    		reload(hostip=dev5, switch=&quot;重启&quot;)<br/>    		time.sleep(2)<br/>    		login_web(browser, url=dev5)<br/>    		info1 = trace_route(browser, ipadd=&quot;45.1.1.4&quot;, packersize=&quot;40&quot;, count=&quot;5&quot;, ping_wait_time=&quot;2&quot;, interface=interface_name_4, timesleep=10)<br/>    <br/>    		try:<br/>    			assert &quot;*&quot; in info1<br/>    			rail_pass(test_run_id, test_id)<br/>    		except:<br/>    			rail_fail(test_run_id, test_id)<br/>    			assert &quot;*&quot; in info1<br/>    <br/>    	except Exception as err:<br/>    		# 如果上面的步骤有报错，重新设备，恢复配置<br/>    		print(err)<br/>    		rail_fail(test_run_id, test_id)<br/>    		reload(hostip=dev1)<br/>&gt;   		assert False<br/><span class="error">E     assert False</span><br/><br/>test_case\scg\scg_SYS_Seting\test_c139575.py:35: AssertionError<br/></div></td></tr></tbody>
      <tbody class="failed results-table-row">
        <tr>
          <td class="col-result">Failed</td>
          <td class="col-time">2020-03-05 04:52:14.364224</td>
          <td class="col-name">test_case/scg/scg_SYS_Seting/test_c139580.py::test_c139580</td>
          <td>None</td>
          <td class="col-duration">53.12</td></tr>
        <tr>
          <td class="extra" colspan="5">
            <div class="log">browser = &lt;selenium.webdriver.chrome.webdriver.WebDriver (session=&quot;3e4019d784f92e546f72acc11c57a8cb&quot;)&gt;<br/><br/>    def test_c139580(browser):<br/>    	try:<br/>    		login_web(browser, url=dev1)<br/>    		info1 = trace_route(browser, ipadd=&quot;13.1.1.3&quot;, packersize=&quot;40&quot;, count=&quot;1&quot;, ping_wait_time=&quot;1&quot;,<br/>    							interface=interface_name_3, timesleep=15)<br/>    		info2 = trace_route(browser, ipadd=&quot;13.1.1.3&quot;, packersize=&quot;18024&quot;, count=&quot;255&quot;, ping_wait_time=&quot;3600&quot;,<br/>    							interface=interface_name_3, timesleep=15)<br/>    		try:<br/>&gt;   			assert &quot;*&quot; in info1<br/><span class="error">E      AssertionError: assert &#x27;*&#x27; in &#x27;traceroute to 13.1.1.3 (13.1.1.3), 1 hops max, 48 byte packets\n 1&#x27;</span><br/><br/>test_case\scg\scg_SYS_Seting\test_c139580.py:24: AssertionError<br/><br/>During handling of the above exception, another exception occurred:<br/><br/>browser = &lt;selenium.webdriver.chrome.webdriver.WebDriver (session=&quot;3e4019d784f92e546f72acc11c57a8cb&quot;)&gt;<br/><br/>    def test_c139580(browser):<br/>    	try:<br/>    		login_web(browser, url=dev1)<br/>    		info1 = trace_route(browser, ipadd=&quot;13.1.1.3&quot;, packersize=&quot;40&quot;, count=&quot;1&quot;, ping_wait_time=&quot;1&quot;,<br/>    							interface=interface_name_3, timesleep=15)<br/>    		info2 = trace_route(browser, ipadd=&quot;13.1.1.3&quot;, packersize=&quot;18024&quot;, count=&quot;255&quot;, ping_wait_time=&quot;3600&quot;,<br/>    							interface=interface_name_3, timesleep=15)<br/>    		try:<br/>    			assert &quot;*&quot; in info1<br/>    			assert &quot;ms&quot; in info2<br/>    			rail_pass(test_run_id, test_id)<br/>    		except:<br/>    			rail_fail(test_run_id, test_id)<br/>&gt;   			assert &quot;*&quot; in info1<br/><span class="error">E      AssertionError: assert &#x27;*&#x27; in &#x27;traceroute to 13.1.1.3 (13.1.1.3), 1 hops max, 48 byte packets\n 1&#x27;</span><br/><br/>test_case\scg\scg_SYS_Seting\test_c139580.py:29: AssertionError<br/><br/>During handling of the above exception, another exception occurred:<br/><br/>browser = &lt;selenium.webdriver.chrome.webdriver.WebDriver (session=&quot;3e4019d784f92e546f72acc11c57a8cb&quot;)&gt;<br/><br/>    def test_c139580(browser):<br/>    	try:<br/>    		login_web(browser, url=dev1)<br/>    		info1 = trace_route(browser, ipadd=&quot;13.1.1.3&quot;, packersize=&quot;40&quot;, count=&quot;1&quot;, ping_wait_time=&quot;1&quot;,<br/>    							interface=interface_name_3, timesleep=15)<br/>    		info2 = trace_route(browser, ipadd=&quot;13.1.1.3&quot;, packersize=&quot;18024&quot;, count=&quot;255&quot;, ping_wait_time=&quot;3600&quot;,<br/>    							interface=interface_name_3, timesleep=15)<br/>    		try:<br/>    			assert &quot;*&quot; in info1<br/>    			assert &quot;ms&quot; in info2<br/>    			rail_pass(test_run_id, test_id)<br/>    		except:<br/>    			rail_fail(test_run_id, test_id)<br/>    			assert &quot;*&quot; in info1<br/>    			assert &quot;ms&quot; in info2<br/>    <br/>    	except Exception as err:<br/>    		# 如果上面的步骤有报错，重新设备，恢复配置<br/>    		print(err)<br/>    		rail_fail(test_run_id, test_id)<br/>    		# reload(hostip=dev1)<br/>&gt;   		assert False<br/><span class="error">E     assert False</span><br/><br/>test_case\scg\scg_SYS_Seting\test_c139580.py:37: AssertionError<br/></div></td></tr></tbody>
      <tbody class="rerun results-table-row">
        <tr>
          <td class="col-result">Rerun</td>
          <td class="col-time">2020-03-05 03:59:48.939316</td>
          <td class="col-name">test_case/scg/scg_SYS_Seting/test_c139467.py::test_c139467</td>
          <td>None</td>
          <td class="col-duration">124.84</td></tr>
        <tr>
          <td class="extra" colspan="5">
            <div class="log">browser = &lt;selenium.webdriver.chrome.webdriver.WebDriver (session=&quot;3e4019d784f92e546f72acc11c57a8cb&quot;)&gt;<br/><br/>    def test_c139467(browser):<br/>    	try:<br/>    		login_web(browser, url=dev1)<br/>    		# 点击管理员<br/>    		test_info = itest_ntpservers_availability(browser, servers_option=&quot;default&quot;)<br/>    		result = &#x27;&#x27;<br/>&gt;   		loginfo = get_log_info(browser, log_type=管理日志, num=5)<br/><br/>test_case\scg\scg_SYS_Seting\test_c139467.py:25: <br/>_ _ _ _ _ _ _ _ _ _ _ _ _ _ _ _ _ _ _ _ _ _ _ _ _ _ _ _ _ _ _ _ _ _ _ _ _ _ _ _<br/><br/>browser = &lt;selenium.webdriver.chrome.webdriver.WebDriver (session=&quot;3e4019d784f92e546f72acc11c57a8cb&quot;)&gt;<br/>log_type = &#x27;log_record_admin&#x27;, num = 5<br/><br/>    def get_log_info(browser, log_type, num=1):<br/>    	# browser.switch_to.default_content()<br/>    	# browser.switch_to.frame(&quot;lefttree&quot;)<br/>    	# browser.find_element_by_xpath(日志).click()<br/>    	# if not browser.find_element_by_xpath(display_日志记录).is_displayed():<br/>    	# 	# 如果不可见，点击加号，展开元素<br/>    	# 	browser.find_element_by_xpath(日志记录).click()<br/>    	# browser.find_element_by_xpath(log_type).click()<br/>    	# time.sleep(2)<br/>    	# browser.switch_to.default_content()<br/>    	# browser.switch_to.frame(&quot;content&quot;) //*[@id=&quot;namearea0&quot;]<br/>&gt;   	into_fun(browser, log_type)<br/><br/>page_obj\scg\scg_def_log.py:86: <br/>_ _ _ _ _ _ _ _ _ _ _ _ _ _ _ _ _ _ _ _ _ _ _ _ _ _ _ _ _ _ _ _ _ _ _ _ _ _ _ _<br/><br/>browser = &lt;selenium.webdriver.chrome.webdriver.WebDriver (session=&quot;3e4019d784f92e546f72acc11c57a8cb&quot;)&gt;<br/>menu = &#x27;log_record_admin&#x27;<br/><br/>    def into_fun(browser, menu):<br/>    	if oem_name == &quot;ICF&quot;:<br/>    <br/>    		# print(&quot;进入ICF导航&quot;)<br/>    		try:<br/>    			# print(&quot;Alert exists&quot;)<br/>    			alert_info = &quot;init&quot;<br/>    			while alert_info is not None:<br/>    				alert = browser.switch_to_alert()<br/>    				alert_info = alert.text<br/>    				print(alert_info)<br/>    				alert.accept()<br/>    		except:<br/>    			# print(&quot;无警告，点击返回&quot;)<br/>    			try:<br/>    				browser.find_element_by_xpath(&#x27;// *[ @ id = &quot;link_but&quot;]&#x27;).click()<br/>    			except:<br/>    				# print(&quot;无点击返回&quot;)<br/>    				pass<br/>    		browser.switch_to.default_content()<br/>    		# 定位到左侧frame<br/>    		browser.switch_to.frame(&quot;lefttree&quot;)<br/>    <br/>    		if menu in [系统状态, 管理员, 系统升级, Web证书, 重启系统, 系统信息, 时间设定, DNS,<br/>    		            配置文件, 高可用性, SNMP设置, SNMP_Trap, 网络诊断, 服务器诊断]:<br/>    			browser.find_element_by_name(系统).click()<br/>    			if menu == 系统状态:<br/>    				browser.find_element_by_name(menu).click()<br/>    			elif menu in [管理员, 系统升级, Web证书, 重启系统]:<br/>    				if not browser.find_element_by_xpath(display_系统管理).is_displayed():<br/>    					# 如果不可见，点击加号，展开元素<br/>    					browser.find_element_by_name(系统管理).click()<br/>    				browser.find_element_by_name(menu).click()<br/>    <br/>    			elif menu in [系统信息,  时间设定, DNS, 配置文件, 高可用性, SNMP设置, SNMP_Trap]:<br/>    				if not browser.find_element_by_xpath(display_配置).is_displayed():<br/>    					# 如果不可见，点击加号，展开元素<br/>    					browser.find_element_by_name(配置).click()<br/>    				browser.find_element_by_name(menu).click()<br/>    <br/>    			elif menu in [网络诊断, 服务器诊断]:<br/>    				if not browser.find_element_by_xpath(display_诊断工具).is_displayed():<br/>    					# 如果不可见，点击加号，展开元素<br/>    					browser.find_element_by_name(诊断工具).click()<br/>    				browser.find_element_by_name(menu).click()<br/>    <br/>    		elif menu in [物理接口, 子接口, 网桥, 静态路由, 策略路由, OSPF, ISP自动选择, 多网关组, 路由监控, DHCP设定, DHCP租用列表,<br/>    		              ARP列表, 桥MAC表, IPv6邻居列表, IPv6隧道]:<br/>    			browser.find_element_by_name(网络).click()<br/>    			if menu in [物理接口, 子接口, 网桥]:<br/>    				if not browser.find_element_by_xpath(display_接口设置).is_displayed():<br/>    					# 如果不可见，点击加号，展开元素<br/>    					browser.find_element_by_name(接口设置).click()<br/>    				browser.find_element_by_name(menu).click()<br/>    			elif menu in [静态路由, 策略路由, OSPF, ISP自动选择, 多网关组, 路由监控]:<br/>    				if not browser.find_element_by_xpath(display_路由).is_displayed():<br/>    					# 如果不可见，点击加号，展开元素<br/>    					browser.find_element_by_name(路由).click()<br/>    				browser.find_element_by_name(menu).click()<br/>    			elif menu in [DHCP设定, DHCP租用列表]:<br/>    				if not browser.find_element_by_xpath(display_DHCP).is_displayed():<br/>    					# 如果不可见，点击加号，展开元素<br/>    					browser.find_element_by_name(DHCP).click()<br/>    				browser.find_element_by_name(menu).click()<br/>    			elif menu in [ARP列表, 桥MAC表, IPv6邻居列表, IPv6隧道]:<br/>    				if not browser.find_element_by_xpath(display_MAC).is_displayed():<br/>    					# 如果不可见，点击加号，展开元素<br/>    					browser.find_element_by_name(MAC).click()<br/>    				browser.find_element_by_name(menu).click()<br/>    <br/>    		elif menu in [模式切换, 自定义规则, 机器学习, 安全事件, 工业漏洞, ARP防护, 访问策略, IPV6访问策略, 地址, 地址范围,<br/>    		              地址组, IPv6地址, IPv6地址范围, IPv6地址组, 计划任务, 区域, 预定义服务, 自定义服务, 服务组, 目标地址转换,<br/>    		              源地址转换, 负载均衡]:<br/>    			browser.find_element_by_name(安全策略).click()<br/>    			if menu in [模式切换, 自定义规则, 机器学习, 安全事件, 工业漏洞, ARP防护, 访问策略, IPV6访问策略]:<br/>    				if not browser.find_element_by_xpath(display_工业防护策略).is_displayed():<br/>    					# 如果不可见，点击加号，展开元素<br/>    					browser.find_element_by_name(工业防护策略).click()<br/>    				browser.find_element_by_name(menu).click()<br/>    			elif menu in [地址, 地址范围, 地址组, IPv6地址, IPv6地址范围, IPv6地址组, 计划任务, 区域, 预定义服务, 自定义服务,<br/>    			              服务组]:<br/>    				if not browser.find_element_by_xpath(display_对象).is_displayed():<br/>    					# 如果不可见，点击加号，展开元素<br/>    					browser.find_element_by_name(对象).click()<br/>    				browser.find_element_by_name(menu).click()<br/>    			elif menu in [目标地址转换, 源地址转换, 负载均衡]:<br/>    				if not browser.find_element_by_xpath(display_地址转换).is_displayed():<br/>    					# 如果不可见，点击加号，展开元素<br/>    					browser.find_element_by_name(地址转换).click()<br/>    				browser.find_element_by_name(menu).click()<br/>    <br/>    		elif menu in [主机标识, 应用加密, 手动密钥, 远程网关, 远程访问, 监控, CA证书]:<br/>    			browser.find_element_by_name(虚拟专网).click()<br/>    			browser.find_element_by_name(menu).click()<br/>    <br/>    		elif menu in [Anti_DDoS设置, Anti_DDoS用户配置, Anti_DDoS规则列表, Anti_DDoS黑_白名单]:<br/>    			browser.find_element_by_name(DDoS防护).click()<br/>    			browser.find_element_by_name(menu).click()<br/>    <br/>    		elif menu in [用户配置, 本地用户, 认证组, 认证服务器, 认证用户设置, 认证监控]:<br/>    			browser.find_element_by_name(认证用户).click()<br/>    			browser.find_element_by_name(menu).click()<br/>    <br/>    		elif menu in [日志统计, 日志服务器, 日志过滤, 日志格式, 日志告警, 管理日志, 系统日志, 安全日志, 流量日志]:<br/>    			browser.find_element_by_name(日志).click()<br/>    			if menu == 日志统计:<br/>    				browser.find_element_by_name(menu).click()<br/>    			elif menu in [日志服务器, 日志过滤, 日志格式, 日志告警]:<br/>    				if not browser.find_element_by_xpath(display_日志设置).is_displayed():<br/>    					# 如果不可见，点击加号，展开元素<br/>    					browser.find_element_by_name(日志设置).click()<br/>    				browser.find_element_by_name(menu).click()<br/>    			elif menu in [管理日志, 系统日志, 安全日志, 流量日志]:<br/>    				if not browser.find_element_by_xpath(display_日志记录).is_displayed():<br/>    					# 如果不可见，点击加号，展开元素<br/>    					browser.find_element_by_name(日志记录).click()<br/>    				browser.find_element_by_name(menu).click()<br/>    				time.sleep(2)<br/>    <br/>    		elif menu in [报表设置, 接口统计报表, 流量排行报表, 会话监控报表, 系统状态报表, 事件统计报表, 会话表, Anti_DDoS会话数,<br/>    		              Anti_DDoS会话速率, Anti_DDoS数据包速率, Top_N, 来源IP统计]:<br/>    			browser.find_element_by_name(报表).click()<br/>    			if menu in [报表设置, 接口统计报表, 流量排行报表, 会话监控报表, 系统状态报表, 事件统计报表, 会话表]:<br/>    				browser.find_element_by_name(menu).click()<br/>    			elif menu in [Anti_DDoS会话数, Anti_DDoS会话速率, Anti_DDoS数据包速率, Top_N, 来源IP统计]:<br/>    				if not browser.find_element_by_xpath(display_DDoS防护).is_displayed():<br/>    					# 如果不可见，点击加号，展开元素<br/>    					browser.find_element_by_name(DDoS防护).click()<br/>    				browser.find_element_by_name(menu).click()<br/>    <br/>    		else:<br/>    			print(&quot;导航菜单未知，请检查是否输入错误，或切换函数。&quot;)<br/>    <br/>    		browser.switch_to.default_content()<br/>    		# 定位到内容frame<br/>    		time.sleep(1)<br/>    		try:<br/>    			time.sleep(1)<br/>    			browser.switch_to.frame(&quot;content&quot;)<br/>    		except Exception as err:<br/>    			print(err)<br/>    			print(&quot;导航处进入，没有找到frame&quot;)<br/>    <br/>    	elif oem_name == &quot;SCG&quot; or oem_name == &quot;万兆测试&quot;:<br/>    		# print(&quot;进入SCG导航&quot;)<br/>    		# 有时间界面会出现告警，需要将告警信息print出来<br/>    		try:<br/>    			# print(&quot;Alert exists&quot;)<br/>    			alert = browser.switch_to_alert()<br/>    			print(alert.text)<br/>    			alert.accept()<br/>    		except Exception as err1:<br/>    			# print(&quot;无警告，点击返回&quot;)<br/>    			# print(err1)<br/>    			# print(&#x27;文件&#x27;, err1.__traceback__.tb_frame.f_globals[&#x27;__file__&#x27;])<br/>    			# print(&#x27;行号&#x27;, err1.__traceback__.tb_lineno)<br/>    			pass<br/>    			try:<br/>    				browser.find_element_by_xpath(&#x27;// *[ @ id = &quot;link_but&quot;]&#x27;).click()<br/>    			except:<br/>    				# print(&quot;无点击返回&quot;)<br/>    				pass<br/>    		# browser.refresh()<br/>    		browser.switch_to.default_content()<br/>    		# 定位到左侧frame<br/>    		time.sleep(1)<br/>    		browser.switch_to.frame(&quot;lefttree&quot;)<br/>    		if menu in [系统状态, 管理员, 系统升级, Web证书, 重启系统, 系统信息, 时间设定, DNS,<br/>    		            配置文件, 高可用性, SNMP设置, SNMP_Trap, 网络诊断, 服务器诊断]:<br/>    			browser.find_element_by_name(系统).click()<br/>    			if menu == 系统状态:<br/>    				browser.find_element_by_name(menu).click()<br/>    			elif menu in [管理员, 系统升级, Web证书, 重启系统]:<br/>    				if not browser.find_element_by_xpath(display_系统管理).is_displayed():<br/>    					# 如果不可见，点击加号，展开元素<br/>    					browser.find_element_by_name(系统管理).click()<br/>    				browser.find_element_by_name(menu).click()<br/>    <br/>    			elif menu in [系统信息,  时间设定, DNS, 配置文件, 高可用性, SNMP设置, SNMP_Trap]:<br/>    				if not browser.find_element_by_xpath(display_配置).is_displayed():<br/>    					# 如果不可见，点击加号，展开元素<br/>    					browser.find_element_by_name(配置).click()<br/>    				browser.find_element_by_name(menu).click()<br/>    <br/>    			elif menu in [网络诊断, 服务器诊断]:<br/>    				if not browser.find_element_by_xpath(display_诊断工具).is_displayed():<br/>    					# 如果不可见，点击加号，展开元素<br/>    					browser.find_element_by_name(诊断工具).click()<br/>    				browser.find_element_by_name(menu).click()<br/>    <br/>    		elif menu in [物理接口, 子接口, 网桥, DHCP设定, DHCP租用列表, ARP列表, 绑定列表, 桥MAC表, IPv6邻居列表,<br/>    		              IPv6隧道]:<br/>    			browser.find_element_by_name(网络).click()<br/>    			if menu in [物理接口, 子接口, 网桥]:<br/>    				if not browser.find_element_by_xpath(display_接口设置).is_displayed():<br/>    					# 如果不可见，点击加号，展开元素<br/>    					browser.find_element_by_name(接口设置).click()<br/>    				browser.find_element_by_name(menu).click()<br/>    <br/>    			elif menu in [DHCP设定, DHCP租用列表]:<br/>    				if not browser.find_element_by_xpath(display_DHCP).is_displayed():<br/>    					# 如果不可见，点击加号，展开元素<br/>    					browser.find_element_by_name(DHCP).click()<br/>    				browser.find_element_by_name(menu).click()<br/>    <br/>    			elif menu in [ARP列表, 绑定列表, 桥MAC表, IPv6邻居列表, IPv6隧道]:<br/>    				if not browser.find_element_by_xpath(display_MAC).is_displayed():<br/>    					# 如果不可见，点击加号，展开元素<br/>    					browser.find_element_by_name(MAC).click()<br/>    				browser.find_element_by_name(menu).click()<br/>    <br/>    		elif menu in [静态路由, 策略路由, OSPF, ISP自动选择, 多网关组, 路由监控]:<br/>    			browser.find_element_by_name(路由).click()<br/>    			browser.find_element_by_name(menu).click()<br/>    <br/>    		elif menu in [计划任务, Zone, IPv4地址, IPv4地址范围, IPv4地址组, IPv6地址, IPv6地址范围, IPv6地址组,<br/>    		              预定义, 自定义, 服务组]:<br/>    			browser.find_element_by_name(对象).click()<br/>    			if menu == 计划任务 or menu == Zone:<br/>    				browser.find_element_by_name(menu).click()<br/>    <br/>    			elif menu in [IPv4地址, IPv4地址范围, IPv4地址组]:<br/>    				if not browser.find_element_by_xpath(display_IPv4).is_displayed():<br/>    					# 如果不可见，点击加号，展开元素<br/>    					browser.find_element_by_name(IPv4).click()<br/>    				browser.find_element_by_name(menu).click()<br/>    <br/>    			elif menu in [IPv6地址, IPv6地址范围, IPv6地址组]:<br/>    				if not browser.find_element_by_xpath(display_IPv6).is_displayed():<br/>    					# 如果不可见，点击加号，展开元素<br/>    					browser.find_element_by_name(IPv6).click()<br/>    				browser.find_element_by_name(menu).click()<br/>    <br/>    			elif menu in [预定义, 自定义, 服务组]:<br/>    				if not browser.find_element_by_xpath(display_服务).is_displayed():<br/>    					# 如果不可见，点击加号，展开元素<br/>    					browser.find_element_by_name(服务).click()<br/>    				browser.find_element_by_name(menu).click()<br/>    <br/>    		elif menu in [IPv4访问列表, IPv6访问列表, 目的NAT, 源NAT, 服务器负载均衡]:<br/>    			browser.find_element_by_name(防火墙).click()<br/>    			if menu == IPv4访问列表 or menu == IPv6访问列表:<br/>    				browser.find_element_by_name(menu).click()<br/>    <br/>    			elif menu in [目的NAT, 源NAT, 服务器负载均衡]:<br/>    				if not browser.find_element_by_xpath(display_NAT).is_displayed():<br/>    					# 如果不可见，点击加号，展开元素<br/>    					browser.find_element_by_name(NAT).click()<br/>    				browser.find_element_by_name(menu).click()<br/>    <br/>    		elif menu in [主机标识, 应用加密, 手动密钥, 远程网关, 远程访问, 虚拟专网监控, CA证书, VPN证书, 随机数生成]:<br/>    			browser.find_element_by_name(虚拟专网).click()<br/>    			browser.find_element_by_name(menu).click()<br/>    <br/>    		elif menu in [安全站点, 证书配置, Portal站点, sslvpn本地用户]:<br/>    			browser.find_element_by_name(SSLVPN).click()<br/>    			browser.find_element_by_name(menu).click()<br/>    <br/>    		elif menu in [用户配置, 本地用户, 认证组, 认证服务器, 认证用户设置, 认证监控]:<br/>    			browser.find_element_by_name(认证用户).click()<br/>    			browser.find_element_by_name(menu).click()<br/>    <br/>    		elif menu in [Anti_DDoS设置, Anti_DDoS用户配置, Anti_DDoS规则列表, Anti_DDoS黑_白名单]:<br/>    			browser.find_element_by_name(Anti_DDoS).click()<br/>    			browser.find_element_by_name(menu).click()<br/>    <br/>    <br/>    		elif menu in [日志统计, 日志服务器, 日志过滤, 日志格式, 日志告警, 管理日志, 系统日志, 安全日志, 流量日志]:<br/>    			browser.find_element_by_name(日志).click()<br/>    			if menu == 日志统计:<br/>    				browser.find_element_by_name(menu).click()<br/>    			elif menu in [日志服务器, 日志过滤, 日志格式, 日志告警]:<br/>    				if not browser.find_element_by_xpath(display_日志设置).is_displayed():<br/>    					# 如果不可见，点击加号，展开元素<br/>    					browser.find_element_by_name(日志设置).click()<br/>    				browser.find_element_by_name(menu).click()<br/>    			elif menu in [管理日志, 系统日志, 安全日志, 流量日志]:<br/>    				if not browser.find_element_by_xpath(display_日志记录).is_displayed():<br/>    					# 如果不可见，点击加号，展开元素<br/>    					browser.find_element_by_name(日志记录).click()<br/>    				browser.find_element_by_name(menu).click()<br/>    				time.sleep(2)<br/>    <br/>    		elif menu in [机器学习, 安全事件, 默认漏洞]:<br/>    			browser.find_element_by_name(工业控制).click()<br/>    			browser.find_element_by_name(menu).click()<br/>    <br/>    		elif menu in [报表设置, 接口统计报表, 流量排行报表, 会话监控报表, 系统状态报表, 事件统计报表, 会话表, Anti_DDoS会话数,<br/>    		              Anti_DDoS会话速率, Anti_DDoS数据包速率, Top_N, 来源IP统计]:<br/>    			browser.find_element_by_name(报表).click()<br/>    			if menu in [报表设置, 接口统计报表, 流量排行报表, 会话监控报表, 系统状态报表, 事件统计报表, 会话表]:<br/>    				browser.find_element_by_name(menu).click()<br/>    			elif menu in [Anti_DDoS会话数, Anti_DDoS会话速率, Anti_DDoS数据包速率, Top_N, 来源IP统计]:<br/>    				if not browser.find_element_by_xpath(display_DDoS防护).is_displayed():<br/>    					# 如果不可见，点击加号，展开元素<br/>    					browser.find_element_by_name(DDoS防护).click()<br/>    				browser.find_element_by_name(menu).click()<br/>    <br/>    		else:<br/>    			print(&quot;导航菜单未知，请检查是否输入错误，或切换函数。&quot;)<br/>    		browser.switch_to.default_content()<br/>    		# 定位到内容frame<br/>&gt;   		browser.switch_to.frame(&quot;content&quot;)<br/><br/>page_obj\common\my_selenium.py:379: <br/>_ _ _ _ _ _ _ _ _ _ _ _ _ _ _ _ _ _ _ _ _ _ _ _ _ _ _ _ _ _ _ _ _ _ _ _ _ _ _ _<br/><br/>self = &lt;selenium.webdriver.remote.switch_to.SwitchTo object at 0x0000000004CE12B0&gt;<br/>frame_reference = &#x27;content&#x27;<br/><br/>    def frame(self, frame_reference):<br/>        &quot;&quot;&quot;<br/>            Switches focus to the specified frame, by index, name, or webelement.<br/>    <br/>            :Args:<br/>             - frame_reference: The name of the window to switch to, an integer representing the index,<br/>                                or a webelement that is an (i)frame to switch to.<br/>    <br/>            :Usage:<br/>                driver.switch_to.frame(&#x27;frame_name&#x27;)<br/>                driver.switch_to.frame(1)<br/>                driver.switch_to.frame(driver.find_elements_by_tag_name(&quot;iframe&quot;)[0])<br/>            &quot;&quot;&quot;<br/>        if isinstance(frame_reference, basestring) and self._driver.w3c:<br/>            try:<br/>                frame_reference = self._driver.find_element(By.ID, frame_reference)<br/>            except NoSuchElementException:<br/>                try:<br/>                    frame_reference = self._driver.find_element(By.NAME, frame_reference)<br/>                except NoSuchElementException:<br/>                    raise NoSuchFrameException(frame_reference)<br/>    <br/>&gt;       self._driver.execute(Command.SWITCH_TO_FRAME, {&#x27;id&#x27;: frame_reference})<br/><br/>..\..\AppData\Local\Programs\Python\Python37\lib\site-packages\selenium\webdriver\remote\switch_to.py:89: <br/>_ _ _ _ _ _ _ _ _ _ _ _ _ _ _ _ _ _ _ _ _ _ _ _ _ _ _ _ _ _ _ _ _ _ _ _ _ _ _ _<br/><br/>self = &lt;selenium.webdriver.chrome.webdriver.WebDriver (session=&quot;3e4019d784f92e546f72acc11c57a8cb&quot;)&gt;<br/>driver_command = &#x27;switchToFrame&#x27;<br/>params = {&#x27;id&#x27;: &#x27;content&#x27;, &#x27;sessionId&#x27;: &#x27;3e4019d784f92e546f72acc11c57a8cb&#x27;}<br/><br/>    def execute(self, driver_command, params=None):<br/>        &quot;&quot;&quot;<br/>            Sends a command to be executed by a command.CommandExecutor.<br/>    <br/>            :Args:<br/>             - driver_command: The name of the command to execute as a string.<br/>             - params: A dictionary of named parameters to send with the command.<br/>    <br/>            :Returns:<br/>              The command&#x27;s JSON response loaded into a dictionary object.<br/>            &quot;&quot;&quot;<br/>        if self.session_id is not None:<br/>            if not params:<br/>                params = {&#x27;sessionId&#x27;: self.session_id}<br/>            elif &#x27;sessionId&#x27; not in params:<br/>                params[&#x27;sessionId&#x27;] = self.session_id<br/>    <br/>        params = self._wrap_value(params)<br/>        response = self.command_executor.execute(driver_command, params)<br/>        if response:<br/>&gt;           self.error_handler.check_response(response)<br/><br/>..\..\AppData\Local\Programs\Python\Python37\lib\site-packages\selenium\webdriver\remote\webdriver.py:320: <br/>_ _ _ _ _ _ _ _ _ _ _ _ _ _ _ _ _ _ _ _ _ _ _ _ _ _ _ _ _ _ _ _ _ _ _ _ _ _ _ _<br/><br/>self = &lt;selenium.webdriver.remote.errorhandler.ErrorHandler object at 0x0000000004EDBE10&gt;<br/>response = {&#x27;sessionId&#x27;: &#x27;3e4019d784f92e546f72acc11c57a8cb&#x27;, &#x27;status&#x27;: 8, &#x27;value&#x27;: {&#x27;message&#x27;: &#x27;no such frame\n  (Session info: c...r info: chromedriver=2.41.578737 (49da6702b16031c40d63e5618de03a32ff6c197e),platform=Windows NT 6.1.7601 SP1 x86_64)&#x27;}}<br/><br/>    def check_response(self, response):<br/>        &quot;&quot;&quot;<br/>            Checks that a JSON response from the WebDriver does not have an error.<br/>    <br/>            :Args:<br/>             - response - The JSON response from the WebDriver server as a dictionary<br/>               object.<br/>    <br/>            :Raises: If the response contains an error message.<br/>            &quot;&quot;&quot;<br/>        status = response.get(&#x27;status&#x27;, None)<br/>        if status is None or status == ErrorCode.SUCCESS:<br/>            return<br/>        value = None<br/>        message = response.get(&quot;message&quot;, &quot;&quot;)<br/>        screen = response.get(&quot;screen&quot;, &quot;&quot;)<br/>        stacktrace = None<br/>        if isinstance(status, int):<br/>            value_json = response.get(&#x27;value&#x27;, None)<br/>            if value_json and isinstance(value_json, basestring):<br/>                import json<br/>                try:<br/>                    value = json.loads(value_json)<br/>                    if len(value.keys()) == 1:<br/>                        value = value[&#x27;value&#x27;]<br/>                    status = value.get(&#x27;error&#x27;, None)<br/>                    if status is None:<br/>                        status = value[&quot;status&quot;]<br/>                        message = value[&quot;value&quot;]<br/>                        if not isinstance(message, basestring):<br/>                            value = message<br/>                            message = message.get(&#x27;message&#x27;)<br/>                    else:<br/>                        message = value.get(&#x27;message&#x27;, None)<br/>                except ValueError:<br/>                    pass<br/>    <br/>        exception_class = ErrorInResponseException<br/>        if status in ErrorCode.NO_SUCH_ELEMENT:<br/>            exception_class = NoSuchElementException<br/>        elif status in ErrorCode.NO_SUCH_FRAME:<br/>            exception_class = NoSuchFrameException<br/>        elif status in ErrorCode.NO_SUCH_WINDOW:<br/>            exception_class = NoSuchWindowException<br/>        elif status in ErrorCode.STALE_ELEMENT_REFERENCE:<br/>            exception_class = StaleElementReferenceException<br/>        elif status in ErrorCode.ELEMENT_NOT_VISIBLE:<br/>            exception_class = ElementNotVisibleException<br/>        elif status in ErrorCode.INVALID_ELEMENT_STATE:<br/>            exception_class = InvalidElementStateException<br/>        elif status in ErrorCode.INVALID_SELECTOR \<br/>                or status in ErrorCode.INVALID_XPATH_SELECTOR \<br/>                or status in ErrorCode.INVALID_XPATH_SELECTOR_RETURN_TYPER:<br/>            exception_class = InvalidSelectorException<br/>        elif status in ErrorCode.ELEMENT_IS_NOT_SELECTABLE:<br/>            exception_class = ElementNotSelectableException<br/>        elif status in ErrorCode.ELEMENT_NOT_INTERACTABLE:<br/>            exception_class = ElementNotInteractableException<br/>        elif status in ErrorCode.INVALID_COOKIE_DOMAIN:<br/>            exception_class = InvalidCookieDomainException<br/>        elif status in ErrorCode.UNABLE_TO_SET_COOKIE:<br/>            exception_class = UnableToSetCookieException<br/>        elif status in ErrorCode.TIMEOUT:<br/>            exception_class = TimeoutException<br/>        elif status in ErrorCode.SCRIPT_TIMEOUT:<br/>            exception_class = TimeoutException<br/>        elif status in ErrorCode.UNKNOWN_ERROR:<br/>            exception_class = WebDriverException<br/>        elif status in ErrorCode.UNEXPECTED_ALERT_OPEN:<br/>            exception_class = UnexpectedAlertPresentException<br/>        elif status in ErrorCode.NO_ALERT_OPEN:<br/>            exception_class = NoAlertPresentException<br/>        elif status in ErrorCode.IME_NOT_AVAILABLE:<br/>            exception_class = ImeNotAvailableException<br/>        elif status in ErrorCode.IME_ENGINE_ACTIVATION_FAILED:<br/>            exception_class = ImeActivationFailedException<br/>        elif status in ErrorCode.MOVE_TARGET_OUT_OF_BOUNDS:<br/>            exception_class = MoveTargetOutOfBoundsException<br/>        elif status in ErrorCode.JAVASCRIPT_ERROR:<br/>            exception_class = JavascriptException<br/>        elif status in ErrorCode.SESSION_NOT_CREATED:<br/>            exception_class = SessionNotCreatedException<br/>        elif status in ErrorCode.INVALID_ARGUMENT:<br/>            exception_class = InvalidArgumentException<br/>        elif status in ErrorCode.NO_SUCH_COOKIE:<br/>            exception_class = NoSuchCookieException<br/>        elif status in ErrorCode.UNABLE_TO_CAPTURE_SCREEN:<br/>            exception_class = ScreenshotException<br/>        elif status in ErrorCode.ELEMENT_CLICK_INTERCEPTED:<br/>            exception_class = ElementClickInterceptedException<br/>        elif status in ErrorCode.INSECURE_CERTIFICATE:<br/>            exception_class = InsecureCertificateException<br/>        elif status in ErrorCode.INVALID_COORDINATES:<br/>            exception_class = InvalidCoordinatesException<br/>        elif status in ErrorCode.INVALID_SESSION_ID:<br/>            exception_class = InvalidSessionIdException<br/>        elif status in ErrorCode.UNKNOWN_METHOD:<br/>            exception_class = UnknownMethodException<br/>        else:<br/>            exception_class = WebDriverException<br/>        if value == &#x27;&#x27; or value is None:<br/>            value = response[&#x27;value&#x27;]<br/>        if isinstance(value, basestring):<br/>            if exception_class == ErrorInResponseException:<br/>                raise exception_class(response, value)<br/>            raise exception_class(value)<br/>        if message == &quot;&quot; and &#x27;message&#x27; in value:<br/>            message = value[&#x27;message&#x27;]<br/>    <br/>        screen = None<br/>        if &#x27;screen&#x27; in value:<br/>            screen = value[&#x27;screen&#x27;]<br/>    <br/>        stacktrace = None<br/>        if &#x27;stackTrace&#x27; in value and value[&#x27;stackTrace&#x27;]:<br/>            stacktrace = []<br/>            try:<br/>                for frame in value[&#x27;stackTrace&#x27;]:<br/>                    line = self._value_or_default(frame, &#x27;lineNumber&#x27;, &#x27;&#x27;)<br/>                    file = self._value_or_default(frame, &#x27;fileName&#x27;, &#x27;&lt;anonymous&gt;&#x27;)<br/>                    if line:<br/>                        file = &quot;%s:%s&quot; % (file, line)<br/>                    meth = self._value_or_default(frame, &#x27;methodName&#x27;, &#x27;&lt;anonymous&gt;&#x27;)<br/>                    if &#x27;className&#x27; in frame:<br/>                        meth = &quot;%s.%s&quot; % (frame[&#x27;className&#x27;], meth)<br/>                    msg = &quot;    at %s (%s)&quot;<br/>                    msg = msg % (meth, file)<br/>                    stacktrace.append(msg)<br/>            except TypeError:<br/>                pass<br/>        if exception_class == ErrorInResponseException:<br/>            raise exception_class(response, message)<br/>        elif exception_class == UnexpectedAlertPresentException:<br/>            alert_text = None<br/>            if &#x27;data&#x27; in value:<br/>                alert_text = value[&#x27;data&#x27;].get(&#x27;text&#x27;)<br/>            elif &#x27;alert&#x27; in value:<br/>                alert_text = value[&#x27;alert&#x27;].get(&#x27;text&#x27;)<br/>            raise exception_class(message, screen, stacktrace, alert_text)<br/>&gt;       raise exception_class(message, screen, stacktrace)<br/><span class="error">E       selenium.common.exceptions.NoSuchFrameException: Message: no such frame</span><br/><span class="error">E         (Session info: chrome=80.0.3987.122)</span><br/><span class="error">E         (Driver info: chromedriver=2.41.578737 (49da6702b16031c40d63e5618de03a32ff6c197e),platform=Windows NT 6.1.7601 SP1 x86_64)</span><br/><br/>..\..\AppData\Local\Programs\Python\Python37\lib\site-packages\selenium\webdriver\remote\errorhandler.py:242: NoSuchFrameException<br/><br/>During handling of the above exception, another exception occurred:<br/><br/>browser = &lt;selenium.webdriver.chrome.webdriver.WebDriver (session=&quot;3e4019d784f92e546f72acc11c57a8cb&quot;)&gt;<br/><br/>    def test_c139467(browser):<br/>    	try:<br/>    		login_web(browser, url=dev1)<br/>    		# 点击管理员<br/>    		test_info = itest_ntpservers_availability(browser, servers_option=&quot;default&quot;)<br/>    		result = &#x27;&#x27;<br/>    		loginfo = get_log_info(browser, log_type=管理日志, num=5)<br/>    		for x in test_info:<br/>    			# print(x)<br/>    			# loginfo = get_log_info(browser, log_type=管理日志, num=5)<br/>    			# print(loginfo)<br/>    			try:<br/>    				assert &#x27;成功修改[date&#x27; in loginfo and &quot;adjust time server&quot; in x<br/>    				rail_pass(test_run_id, test_id)<br/>    			except:<br/>    				rail_fail(test_run_id, test_id)<br/>    				print(x)<br/>    				assert &#x27;成功修改[date&#x27; in loginfo and &quot;adjust time server&quot; in x<br/>    <br/>    		set_ntpservers_disable(browser)<br/>    	except Exception as err:<br/>    		# 如果上面的步骤有报错，重新设备，恢复配置<br/>    		reload(hostip=dev1)<br/>    		print(err)<br/>    		rail_fail(test_run_id, test_id)<br/>&gt;   		assert False<br/><span class="error">E     assert False</span><br/><br/>test_case\scg\scg_SYS_Seting\test_c139467.py:44: AssertionError<br/></div></td></tr></tbody>
      <tbody class="rerun results-table-row">
        <tr>
          <td class="col-result">Rerun</td>
          <td class="col-time">2020-03-05 04:20:38.461784</td>
          <td class="col-name">test_case/scg/scg_SYS_Seting/test_c139547.py::test_c139547</td>
          <td>None</td>
          <td class="col-duration">99.64</td></tr>
        <tr>
          <td class="extra" colspan="5">
            <div class="log">browser = &lt;selenium.webdriver.chrome.webdriver.WebDriver (session=&quot;3e4019d784f92e546f72acc11c57a8cb&quot;)&gt;<br/><br/>    def test_c139547(browser):<br/>    	try:<br/>    		login_web(browser, url=dev5)<br/>    		info1 = trace_route(browser, ipadd=&quot;45.1.1.4&quot;, packersize=&quot;40&quot;, count=&quot;10&quot;, ping_wait_time=&quot;2&quot;, interface=interface_name_4, timesleep=10)<br/>    		# print(info1)<br/>    		try:<br/>&gt;   			assert &quot;*&quot; in info1<br/><span class="error">E      AssertionError: assert &#x27;*&#x27; in &#x27;traceroute to 45.1.1.4 (45.1.1.4), 10 hops max, 48 byte pack&#x27;</span><br/><br/>test_case\scg\scg_SYS_Seting\test_c139547.py:22: AssertionError<br/><br/>During handling of the above exception, another exception occurred:<br/><br/>browser = &lt;selenium.webdriver.chrome.webdriver.WebDriver (session=&quot;3e4019d784f92e546f72acc11c57a8cb&quot;)&gt;<br/><br/>    def test_c139547(browser):<br/>    	try:<br/>    		login_web(browser, url=dev5)<br/>    		info1 = trace_route(browser, ipadd=&quot;45.1.1.4&quot;, packersize=&quot;40&quot;, count=&quot;10&quot;, ping_wait_time=&quot;2&quot;, interface=interface_name_4, timesleep=10)<br/>    		# print(info1)<br/>    		try:<br/>    			assert &quot;*&quot; in info1<br/>    			rail_pass(test_run_id, test_id)<br/>    		except:<br/>    			rail_fail(test_run_id, test_id)<br/>&gt;   			assert &quot;*&quot; in info1<br/><span class="error">E      AssertionError: assert &#x27;*&#x27; in &#x27;traceroute to 45.1.1.4 (45.1.1.4), 10 hops max, 48 byte pack&#x27;</span><br/><br/>test_case\scg\scg_SYS_Seting\test_c139547.py:26: AssertionError<br/><br/>During handling of the above exception, another exception occurred:<br/><br/>browser = &lt;selenium.webdriver.chrome.webdriver.WebDriver (session=&quot;3e4019d784f92e546f72acc11c57a8cb&quot;)&gt;<br/><br/>    def test_c139547(browser):<br/>    	try:<br/>    		login_web(browser, url=dev5)<br/>    		info1 = trace_route(browser, ipadd=&quot;45.1.1.4&quot;, packersize=&quot;40&quot;, count=&quot;10&quot;, ping_wait_time=&quot;2&quot;, interface=interface_name_4, timesleep=10)<br/>    		# print(info1)<br/>    		try:<br/>    			assert &quot;*&quot; in info1<br/>    			rail_pass(test_run_id, test_id)<br/>    		except:<br/>    			rail_fail(test_run_id, test_id)<br/>    			assert &quot;*&quot; in info1<br/>    <br/>    	except Exception as err:<br/>    		# 如果上面的步骤有报错，重新设备，恢复配置<br/>    		print(err)<br/>    		rail_fail(test_run_id, test_id)<br/>    		reload(hostip=dev5)<br/>&gt;   		assert False<br/><span class="error">E     assert False</span><br/><br/>test_case\scg\scg_SYS_Seting\test_c139547.py:33: AssertionError<br/></div></td></tr></tbody>
      <tbody class="rerun results-table-row">
        <tr>
          <td class="col-result">Rerun</td>
          <td class="col-time">2020-03-05 04:26:05.555493</td>
          <td class="col-name">test_case/scg/scg_SYS_Seting/test_c139556.py::test_c139556</td>
          <td>None</td>
          <td class="col-duration">99.87</td></tr>
        <tr>
          <td class="extra" colspan="5">
            <div class="log">browser = &lt;selenium.webdriver.chrome.webdriver.WebDriver (session=&quot;3e4019d784f92e546f72acc11c57a8cb&quot;)&gt;<br/><br/>    def test_c139556(browser):<br/>    	try:<br/>    		login_web(browser, url=dev5)<br/>    		info1 = trace_route(browser, ipadd=&quot;45.1.1.4&quot;, packersize=&quot;40&quot;, count=&quot;10&quot;, ping_wait_time=&quot;2&quot;, interface=interface_name_4, timesleep=10)<br/>    		# print(info1)<br/>    		try:<br/>&gt;   			assert &quot;*&quot; in info1<br/><span class="error">E      AssertionError: assert &#x27;*&#x27; in &#x27;traceroute to 45.1.1.4 (45.1.1.4), 10 hops max, 48 byte packe&#x27;</span><br/><br/>test_case\scg\scg_SYS_Seting\test_c139556.py:22: AssertionError<br/><br/>During handling of the above exception, another exception occurred:<br/><br/>browser = &lt;selenium.webdriver.chrome.webdriver.WebDriver (session=&quot;3e4019d784f92e546f72acc11c57a8cb&quot;)&gt;<br/><br/>    def test_c139556(browser):<br/>    	try:<br/>    		login_web(browser, url=dev5)<br/>    		info1 = trace_route(browser, ipadd=&quot;45.1.1.4&quot;, packersize=&quot;40&quot;, count=&quot;10&quot;, ping_wait_time=&quot;2&quot;, interface=interface_name_4, timesleep=10)<br/>    		# print(info1)<br/>    		try:<br/>    			assert &quot;*&quot; in info1<br/>    			rail_pass(test_run_id, test_id)<br/>    		except:<br/>    			rail_fail(test_run_id, test_id)<br/>&gt;   			assert &quot;*&quot; in info1<br/><span class="error">E      AssertionError: assert &#x27;*&#x27; in &#x27;traceroute to 45.1.1.4 (45.1.1.4), 10 hops max, 48 byte packe&#x27;</span><br/><br/>test_case\scg\scg_SYS_Seting\test_c139556.py:26: AssertionError<br/><br/>During handling of the above exception, another exception occurred:<br/><br/>browser = &lt;selenium.webdriver.chrome.webdriver.WebDriver (session=&quot;3e4019d784f92e546f72acc11c57a8cb&quot;)&gt;<br/><br/>    def test_c139556(browser):<br/>    	try:<br/>    		login_web(browser, url=dev5)<br/>    		info1 = trace_route(browser, ipadd=&quot;45.1.1.4&quot;, packersize=&quot;40&quot;, count=&quot;10&quot;, ping_wait_time=&quot;2&quot;, interface=interface_name_4, timesleep=10)<br/>    		# print(info1)<br/>    		try:<br/>    			assert &quot;*&quot; in info1<br/>    			rail_pass(test_run_id, test_id)<br/>    		except:<br/>    			rail_fail(test_run_id, test_id)<br/>    			assert &quot;*&quot; in info1<br/>    <br/>    	except Exception as err:<br/>    		# 如果上面的步骤有报错，重新设备，恢复配置<br/>    		print(err)<br/>    		rail_fail(test_run_id, test_id)<br/>    		reload(hostip=dev5)<br/>&gt;   		assert False<br/><span class="error">E     assert False</span><br/><br/>test_case\scg\scg_SYS_Seting\test_c139556.py:33: AssertionError<br/></div></td></tr></tbody>
      <tbody class="rerun results-table-row">
        <tr>
          <td class="col-result">Rerun</td>
          <td class="col-time">2020-03-05 04:30:05.617224</td>
          <td class="col-name">test_case/scg/scg_SYS_Seting/test_c139559.py::test_c139559</td>
          <td>None</td>
          <td class="col-duration">99.10</td></tr>
        <tr>
          <td class="extra" colspan="5">
            <div class="log">browser = &lt;selenium.webdriver.chrome.webdriver.WebDriver (session=&quot;3e4019d784f92e546f72acc11c57a8cb&quot;)&gt;<br/><br/>    def test_c139559(browser):<br/>    	try:<br/>    		login_web(browser, url=dev5)<br/>    		info1 = trace_route(browser, ipadd=&quot;45.1.1.4&quot;, packersize=&quot;40&quot;, count=&quot;100&quot;, ping_wait_time=&quot;1&quot;, interface=interface_name_4, timesleep=10)<br/>    		# print(info1)<br/>    		try:<br/>&gt;   			assert &quot;*&quot; in info1<br/><span class="error">E      AssertionError: assert &#x27;*&#x27; in &#x27;traceroute to 45.1.1.4 (45.1.1.4), 100 hops max, 48 byte packets&#x27;</span><br/><br/>test_case\scg\scg_SYS_Seting\test_c139559.py:22: AssertionError<br/><br/>During handling of the above exception, another exception occurred:<br/><br/>browser = &lt;selenium.webdriver.chrome.webdriver.WebDriver (session=&quot;3e4019d784f92e546f72acc11c57a8cb&quot;)&gt;<br/><br/>    def test_c139559(browser):<br/>    	try:<br/>    		login_web(browser, url=dev5)<br/>    		info1 = trace_route(browser, ipadd=&quot;45.1.1.4&quot;, packersize=&quot;40&quot;, count=&quot;100&quot;, ping_wait_time=&quot;1&quot;, interface=interface_name_4, timesleep=10)<br/>    		# print(info1)<br/>    		try:<br/>    			assert &quot;*&quot; in info1<br/>    			rail_pass(test_run_id, test_id)<br/>    		except:<br/>    			rail_fail(test_run_id, test_id)<br/>&gt;   			assert &quot;*&quot; in info1<br/><span class="error">E      AssertionError: assert &#x27;*&#x27; in &#x27;traceroute to 45.1.1.4 (45.1.1.4), 100 hops max, 48 byte packets&#x27;</span><br/><br/>test_case\scg\scg_SYS_Seting\test_c139559.py:26: AssertionError<br/><br/>During handling of the above exception, another exception occurred:<br/><br/>browser = &lt;selenium.webdriver.chrome.webdriver.WebDriver (session=&quot;3e4019d784f92e546f72acc11c57a8cb&quot;)&gt;<br/><br/>    def test_c139559(browser):<br/>    	try:<br/>    		login_web(browser, url=dev5)<br/>    		info1 = trace_route(browser, ipadd=&quot;45.1.1.4&quot;, packersize=&quot;40&quot;, count=&quot;100&quot;, ping_wait_time=&quot;1&quot;, interface=interface_name_4, timesleep=10)<br/>    		# print(info1)<br/>    		try:<br/>    			assert &quot;*&quot; in info1<br/>    			rail_pass(test_run_id, test_id)<br/>    		except:<br/>    			rail_fail(test_run_id, test_id)<br/>    			assert &quot;*&quot; in info1<br/>    <br/>    	except Exception as err:<br/>    		# 如果上面的步骤有报错，重新设备，恢复配置<br/>    		print(err)<br/>    		rail_fail(test_run_id, test_id)<br/>    		reload(hostip=dev5)<br/>&gt;   		assert False<br/><span class="error">E     assert False</span><br/><br/>test_case\scg\scg_SYS_Seting\test_c139559.py:33: AssertionError<br/></div></td></tr></tbody>
      <tbody class="rerun results-table-row">
        <tr>
          <td class="col-result">Rerun</td>
          <td class="col-time">2020-03-05 04:34:18.742702</td>
          <td class="col-name">test_case/scg/scg_SYS_Seting/test_c139571.py::test_c139571</td>
          <td>None</td>
          <td class="col-duration">114.03</td></tr>
        <tr>
          <td class="extra" colspan="5">
            <div class="log">browser = &lt;selenium.webdriver.chrome.webdriver.WebDriver (session=&quot;3e4019d784f92e546f72acc11c57a8cb&quot;)&gt;<br/><br/>    def test_c139571(browser):<br/>    	try:<br/>    		login_web(browser, url=dev5)<br/>    		info1 = trace_route(browser, ipadd=&quot;45.1.1.4&quot;, packersize=&quot;40&quot;, count=&quot;5&quot;, ping_wait_time=&quot;2&quot;, interface=&quot;请选择&quot;, timesleep=10)<br/>    		info2 = trace_route(browser, ipadd=&quot;45.1.1.4&quot;, packersize=&quot;40&quot;, count=&quot;5&quot;, ping_wait_time=&quot;2&quot;, interface=interface_name_4, timesleep=10)<br/>    		try:<br/>&gt;   			assert &quot;*&quot; in info1 and &quot;*&quot; in info2<br/><span class="error">E      AssertionError: assert (&#x27;*&#x27; in &#x27;traceroute to 45.1.1.4 (45.1.1.4), 5 hops max, 48 byte packe&#x27;)</span><br/><br/>test_case\scg\scg_SYS_Seting\test_c139571.py:22: AssertionError<br/><br/>During handling of the above exception, another exception occurred:<br/><br/>browser = &lt;selenium.webdriver.chrome.webdriver.WebDriver (session=&quot;3e4019d784f92e546f72acc11c57a8cb&quot;)&gt;<br/><br/>    def test_c139571(browser):<br/>    	try:<br/>    		login_web(browser, url=dev5)<br/>    		info1 = trace_route(browser, ipadd=&quot;45.1.1.4&quot;, packersize=&quot;40&quot;, count=&quot;5&quot;, ping_wait_time=&quot;2&quot;, interface=&quot;请选择&quot;, timesleep=10)<br/>    		info2 = trace_route(browser, ipadd=&quot;45.1.1.4&quot;, packersize=&quot;40&quot;, count=&quot;5&quot;, ping_wait_time=&quot;2&quot;, interface=interface_name_4, timesleep=10)<br/>    		try:<br/>    			assert &quot;*&quot; in info1 and &quot;*&quot; in info2<br/>    			rail_pass(test_run_id, test_id)<br/>    		except:<br/>    			rail_fail(test_run_id, test_id)<br/>&gt;   			assert &quot;*&quot; in info1 and &quot;*&quot; in info2<br/><span class="error">E      AssertionError: assert (&#x27;*&#x27; in &#x27;traceroute to 45.1.1.4 (45.1.1.4), 5 hops max, 48 byte packe&#x27;)</span><br/><br/>test_case\scg\scg_SYS_Seting\test_c139571.py:26: AssertionError<br/><br/>During handling of the above exception, another exception occurred:<br/><br/>browser = &lt;selenium.webdriver.chrome.webdriver.WebDriver (session=&quot;3e4019d784f92e546f72acc11c57a8cb&quot;)&gt;<br/><br/>    def test_c139571(browser):<br/>    	try:<br/>    		login_web(browser, url=dev5)<br/>    		info1 = trace_route(browser, ipadd=&quot;45.1.1.4&quot;, packersize=&quot;40&quot;, count=&quot;5&quot;, ping_wait_time=&quot;2&quot;, interface=&quot;请选择&quot;, timesleep=10)<br/>    		info2 = trace_route(browser, ipadd=&quot;45.1.1.4&quot;, packersize=&quot;40&quot;, count=&quot;5&quot;, ping_wait_time=&quot;2&quot;, interface=interface_name_4, timesleep=10)<br/>    		try:<br/>    			assert &quot;*&quot; in info1 and &quot;*&quot; in info2<br/>    			rail_pass(test_run_id, test_id)<br/>    		except:<br/>    			rail_fail(test_run_id, test_id)<br/>    			assert &quot;*&quot; in info1 and &quot;*&quot; in info2<br/>    <br/>    	except Exception as err:<br/>    		# 如果上面的步骤有报错，重新设备，恢复配置<br/>    		print(err)<br/>    		rail_fail(test_run_id, test_id)<br/>    		reload(hostip=dev5)<br/>&gt;   		assert False<br/><span class="error">E     assert False</span><br/><br/>test_case\scg\scg_SYS_Seting\test_c139571.py:33: AssertionError<br/></div></td></tr></tbody>
      <tbody class="rerun results-table-row">
        <tr>
          <td class="col-result">Rerun</td>
          <td class="col-time">2020-03-05 04:45:55.135533</td>
          <td class="col-name">test_case/scg/scg_SYS_Seting/test_c139575.py::test_c139575</td>
          <td>None</td>
          <td class="col-duration">416.71</td></tr>
        <tr>
          <td class="extra" colspan="5">
            <div class="log">browser = &lt;selenium.webdriver.chrome.webdriver.WebDriver (session=&quot;3e4019d784f92e546f72acc11c57a8cb&quot;)&gt;<br/><br/>    def test_c139575(browser):<br/>    	try:<br/>    		login_web(browser, url=dev5)<br/>    		reload(hostip=dev5, switch=&quot;重启&quot;)<br/>    		time.sleep(2)<br/>    		login_web(browser, url=dev5)<br/>    		info1 = trace_route(browser, ipadd=&quot;45.1.1.4&quot;, packersize=&quot;40&quot;, count=&quot;5&quot;, ping_wait_time=&quot;2&quot;, interface=interface_name_4, timesleep=10)<br/>    <br/>    		try:<br/>&gt;   			assert &quot;*&quot; in info1<br/><span class="error">E      AssertionError: assert &#x27;*&#x27; in &#x27;traceroute to 45.1.1.4 (45.1.1.4), 5 hops max, 48 byte packe&#x27;</span><br/><br/>test_case\scg\scg_SYS_Seting\test_c139575.py:24: AssertionError<br/><br/>During handling of the above exception, another exception occurred:<br/><br/>browser = &lt;selenium.webdriver.chrome.webdriver.WebDriver (session=&quot;3e4019d784f92e546f72acc11c57a8cb&quot;)&gt;<br/><br/>    def test_c139575(browser):<br/>    	try:<br/>    		login_web(browser, url=dev5)<br/>    		reload(hostip=dev5, switch=&quot;重启&quot;)<br/>    		time.sleep(2)<br/>    		login_web(browser, url=dev5)<br/>    		info1 = trace_route(browser, ipadd=&quot;45.1.1.4&quot;, packersize=&quot;40&quot;, count=&quot;5&quot;, ping_wait_time=&quot;2&quot;, interface=interface_name_4, timesleep=10)<br/>    <br/>    		try:<br/>    			assert &quot;*&quot; in info1<br/>    			rail_pass(test_run_id, test_id)<br/>    		except:<br/>    			rail_fail(test_run_id, test_id)<br/>&gt;   			assert &quot;*&quot; in info1<br/><span class="error">E      AssertionError: assert &#x27;*&#x27; in &#x27;traceroute to 45.1.1.4 (45.1.1.4), 5 hops max, 48 byte packe&#x27;</span><br/><br/>test_case\scg\scg_SYS_Seting\test_c139575.py:28: AssertionError<br/><br/>During handling of the above exception, another exception occurred:<br/><br/>browser = &lt;selenium.webdriver.chrome.webdriver.WebDriver (session=&quot;3e4019d784f92e546f72acc11c57a8cb&quot;)&gt;<br/><br/>    def test_c139575(browser):<br/>    	try:<br/>    		login_web(browser, url=dev5)<br/>    		reload(hostip=dev5, switch=&quot;重启&quot;)<br/>    		time.sleep(2)<br/>    		login_web(browser, url=dev5)<br/>    		info1 = trace_route(browser, ipadd=&quot;45.1.1.4&quot;, packersize=&quot;40&quot;, count=&quot;5&quot;, ping_wait_time=&quot;2&quot;, interface=interface_name_4, timesleep=10)<br/>    <br/>    		try:<br/>    			assert &quot;*&quot; in info1<br/>    			rail_pass(test_run_id, test_id)<br/>    		except:<br/>    			rail_fail(test_run_id, test_id)<br/>    			assert &quot;*&quot; in info1<br/>    <br/>    	except Exception as err:<br/>    		# 如果上面的步骤有报错，重新设备，恢复配置<br/>    		print(err)<br/>    		rail_fail(test_run_id, test_id)<br/>    		reload(hostip=dev1)<br/>&gt;   		assert False<br/><span class="error">E     assert False</span><br/><br/>test_case\scg\scg_SYS_Seting\test_c139575.py:35: AssertionError<br/></div></td></tr></tbody>
      <tbody class="rerun results-table-row">
        <tr>
          <td class="col-result">Rerun</td>
          <td class="col-time">2020-03-05 04:51:21.221184</td>
          <td class="col-name">test_case/scg/scg_SYS_Seting/test_c139580.py::test_c139580</td>
          <td>None</td>
          <td class="col-duration">51.19</td></tr>
        <tr>
          <td class="extra" colspan="5">
            <div class="log">browser = &lt;selenium.webdriver.chrome.webdriver.WebDriver (session=&quot;3e4019d784f92e546f72acc11c57a8cb&quot;)&gt;<br/><br/>    def test_c139580(browser):<br/>    	try:<br/>    		login_web(browser, url=dev1)<br/>    		info1 = trace_route(browser, ipadd=&quot;13.1.1.3&quot;, packersize=&quot;40&quot;, count=&quot;1&quot;, ping_wait_time=&quot;1&quot;,<br/>    							interface=interface_name_3, timesleep=15)<br/>    		info2 = trace_route(browser, ipadd=&quot;13.1.1.3&quot;, packersize=&quot;18024&quot;, count=&quot;255&quot;, ping_wait_time=&quot;3600&quot;,<br/>    							interface=interface_name_3, timesleep=15)<br/>    		try:<br/>&gt;   			assert &quot;*&quot; in info1<br/><span class="error">E      AssertionError: assert &#x27;*&#x27; in &#x27;traceroute to 13.1.1.3 (13.1.1.3), 1 hops max, 48 byte packets\n 1&#x27;</span><br/><br/>test_case\scg\scg_SYS_Seting\test_c139580.py:24: AssertionError<br/><br/>During handling of the above exception, another exception occurred:<br/><br/>browser = &lt;selenium.webdriver.chrome.webdriver.WebDriver (session=&quot;3e4019d784f92e546f72acc11c57a8cb&quot;)&gt;<br/><br/>    def test_c139580(browser):<br/>    	try:<br/>    		login_web(browser, url=dev1)<br/>    		info1 = trace_route(browser, ipadd=&quot;13.1.1.3&quot;, packersize=&quot;40&quot;, count=&quot;1&quot;, ping_wait_time=&quot;1&quot;,<br/>    							interface=interface_name_3, timesleep=15)<br/>    		info2 = trace_route(browser, ipadd=&quot;13.1.1.3&quot;, packersize=&quot;18024&quot;, count=&quot;255&quot;, ping_wait_time=&quot;3600&quot;,<br/>    							interface=interface_name_3, timesleep=15)<br/>    		try:<br/>    			assert &quot;*&quot; in info1<br/>    			assert &quot;ms&quot; in info2<br/>    			rail_pass(test_run_id, test_id)<br/>    		except:<br/>    			rail_fail(test_run_id, test_id)<br/>&gt;   			assert &quot;*&quot; in info1<br/><span class="error">E      AssertionError: assert &#x27;*&#x27; in &#x27;traceroute to 13.1.1.3 (13.1.1.3), 1 hops max, 48 byte packets\n 1&#x27;</span><br/><br/>test_case\scg\scg_SYS_Seting\test_c139580.py:29: AssertionError<br/><br/>During handling of the above exception, another exception occurred:<br/><br/>browser = &lt;selenium.webdriver.chrome.webdriver.WebDriver (session=&quot;3e4019d784f92e546f72acc11c57a8cb&quot;)&gt;<br/><br/>    def test_c139580(browser):<br/>    	try:<br/>    		login_web(browser, url=dev1)<br/>    		info1 = trace_route(browser, ipadd=&quot;13.1.1.3&quot;, packersize=&quot;40&quot;, count=&quot;1&quot;, ping_wait_time=&quot;1&quot;,<br/>    							interface=interface_name_3, timesleep=15)<br/>    		info2 = trace_route(browser, ipadd=&quot;13.1.1.3&quot;, packersize=&quot;18024&quot;, count=&quot;255&quot;, ping_wait_time=&quot;3600&quot;,<br/>    							interface=interface_name_3, timesleep=15)<br/>    		try:<br/>    			assert &quot;*&quot; in info1<br/>    			assert &quot;ms&quot; in info2<br/>    			rail_pass(test_run_id, test_id)<br/>    		except:<br/>    			rail_fail(test_run_id, test_id)<br/>    			assert &quot;*&quot; in info1<br/>    			assert &quot;ms&quot; in info2<br/>    <br/>    	except Exception as err:<br/>    		# 如果上面的步骤有报错，重新设备，恢复配置<br/>    		print(err)<br/>    		rail_fail(test_run_id, test_id)<br/>    		# reload(hostip=dev1)<br/>&gt;   		assert False<br/><span class="error">E     assert False</span><br/><br/>test_case\scg\scg_SYS_Seting\test_c139580.py:37: AssertionError<br/></div></td></tr></tbody>
      <tbody class="passed results-table-row">
        <tr>
          <td class="col-result">Passed</td>
          <td class="col-time">2020-03-05 03:50:17.058606</td>
          <td class="col-name">test_case/scg/scg_SYS_Seting/test_c139454.py::test_c139454</td>
          <td>None</td>
          <td class="col-duration">81.53</td></tr>
        <tr>
          <td class="extra" colspan="5">
            <div class="empty log">No log output captured.</div></td></tr></tbody>
      <tbody class="passed results-table-row">
        <tr>
          <td class="col-result">Passed</td>
          <td class="col-time">2020-03-05 03:51:36.288138</td>
          <td class="col-name">test_case/scg/scg_SYS_Seting/test_c139455.py::test_c139455</td>
          <td>None</td>
          <td class="col-duration">79.23</td></tr>
        <tr>
          <td class="extra" colspan="5">
            <div class="empty log">No log output captured.</div></td></tr></tbody>
      <tbody class="passed results-table-row">
        <tr>
          <td class="col-result">Passed</td>
          <td class="col-time">2020-03-05 03:53:04.343174</td>
          <td class="col-name">test_case/scg/scg_SYS_Seting/test_c139456.py::test_c139456</td>
          <td>None</td>
          <td class="col-duration">88.05</td></tr>
        <tr>
          <td class="extra" colspan="5">
            <div class="empty log">No log output captured.</div></td></tr></tbody>
      <tbody class="passed results-table-row">
        <tr>
          <td class="col-result">Passed</td>
          <td class="col-time">2020-03-05 03:53:57.906238</td>
          <td class="col-name">test_case/scg/scg_SYS_Seting/test_c139457.py::test_c139457</td>
          <td>None</td>
          <td class="col-duration">53.56</td></tr>
        <tr>
          <td class="extra" colspan="5">
            <div class="empty log">No log output captured.</div></td></tr></tbody>
      <tbody class="passed results-table-row">
        <tr>
          <td class="col-result">Passed</td>
          <td class="col-time">2020-03-05 03:53:58.478270</td>
          <td class="col-name">test_case/scg/scg_SYS_Seting/test_c139460.py::test_c139460</td>
          <td>None</td>
          <td class="col-duration">0.57</td></tr>
        <tr>
          <td class="extra" colspan="5">
            <div class="empty log">No log output captured.</div></td></tr></tbody>
      <tbody class="passed results-table-row">
        <tr>
          <td class="col-result">Passed</td>
          <td class="col-time">2020-03-05 03:54:30.285090</td>
          <td class="col-name">test_case/scg/scg_SYS_Seting/test_c139461.py::test_c139461</td>
          <td>None</td>
          <td class="col-duration">31.80</td></tr>
        <tr>
          <td class="extra" colspan="5">
            <div class="empty log">No log output captured.</div></td></tr></tbody>
      <tbody class="passed results-table-row">
        <tr>
          <td class="col-result">Passed</td>
          <td class="col-time">2020-03-05 03:55:06.966188</td>
          <td class="col-name">test_case/scg/scg_SYS_Seting/test_c139462.py::test_c139462</td>
          <td>None</td>
          <td class="col-duration">36.68</td></tr>
        <tr>
          <td class="extra" colspan="5">
            <div class="empty log">No log output captured.</div></td></tr></tbody>
      <tbody class="passed results-table-row">
        <tr>
          <td class="col-result">Passed</td>
          <td class="col-time">2020-03-05 03:55:44.845354</td>
          <td class="col-name">test_case/scg/scg_SYS_Seting/test_c139464.py::test_c139464</td>
          <td>None</td>
          <td class="col-duration">37.88</td></tr>
        <tr>
          <td class="extra" colspan="5">
            <div class="empty log">No log output captured.</div></td></tr></tbody>
      <tbody class="passed results-table-row">
        <tr>
          <td class="col-result">Passed</td>
          <td class="col-time">2020-03-05 03:56:24.102600</td>
          <td class="col-name">test_case/scg/scg_SYS_Seting/test_c139465.py::test_c139465</td>
          <td>None</td>
          <td class="col-duration">39.25</td></tr>
        <tr>
          <td class="extra" colspan="5">
            <div class="empty log">No log output captured.</div></td></tr></tbody>
      <tbody class="passed results-table-row">
        <tr>
          <td class="col-result">Passed</td>
          <td class="col-time">2020-03-05 03:57:43.828160</td>
          <td class="col-name">test_case/scg/scg_SYS_Seting/test_c139466.py::test_c139466</td>
          <td>None</td>
          <td class="col-duration">79.72</td></tr>
        <tr>
          <td class="extra" colspan="5">
            <div class="empty log">No log output captured.</div></td></tr></tbody>
      <tbody class="passed results-table-row">
        <tr>
          <td class="col-result">Passed</td>
          <td class="col-time">2020-03-05 04:03:04.509502</td>
          <td class="col-name">test_case/scg/scg_SYS_Seting/test_c139468.py::test_c139468</td>
          <td>None</td>
          <td class="col-duration">66.89</td></tr>
        <tr>
          <td class="extra" colspan="5">
            <div class="empty log">No log output captured.</div></td></tr></tbody>
      <tbody class="passed results-table-row">
        <tr>
          <td class="col-result">Passed</td>
          <td class="col-time">2020-03-05 04:05:01.348184</td>
          <td class="col-name">test_case/scg/scg_SYS_Seting/test_c139469.py::test_c139469</td>
          <td>None</td>
          <td class="col-duration">116.83</td></tr>
        <tr>
          <td class="extra" colspan="5">
            <div class="empty log">No log output captured.</div></td></tr></tbody>
      <tbody class="passed results-table-row">
        <tr>
          <td class="col-result">Passed</td>
          <td class="col-time">2020-03-05 04:06:50.262414</td>
          <td class="col-name">test_case/scg/scg_SYS_Seting/test_c139470.py::test_c139470</td>
          <td>None</td>
          <td class="col-duration">108.91</td></tr>
        <tr>
          <td class="extra" colspan="5">
            <div class="empty log">No log output captured.</div></td></tr></tbody>
      <tbody class="passed results-table-row">
        <tr>
          <td class="col-result">Passed</td>
          <td class="col-time">2020-03-05 04:08:23.751761</td>
          <td class="col-name">test_case/scg/scg_SYS_Seting/test_c139472.py::test_c139472</td>
          <td>None</td>
          <td class="col-duration">93.48</td></tr>
        <tr>
          <td class="extra" colspan="5">
            <div class="empty log">No log output captured.</div></td></tr></tbody>
      <tbody class="passed results-table-row">
        <tr>
          <td class="col-result">Passed</td>
          <td class="col-time">2020-03-05 04:08:36.589495</td>
          <td class="col-name">test_case/scg/scg_SYS_Seting/test_c139476.py::test_c139476</td>
          <td>None</td>
          <td class="col-duration">12.83</td></tr>
        <tr>
          <td class="extra" colspan="5">
            <div class="empty log">No log output captured.</div></td></tr></tbody>
      <tbody class="passed results-table-row">
        <tr>
          <td class="col-result">Passed</td>
          <td class="col-time">2020-03-05 04:08:56.797651</td>
          <td class="col-name">test_case/scg/scg_SYS_Seting/test_c139478.py::test_c139478</td>
          <td>None</td>
          <td class="col-duration">20.20</td></tr>
        <tr>
          <td class="extra" colspan="5">
            <div class="empty log">No log output captured.</div></td></tr></tbody>
      <tbody class="passed results-table-row">
        <tr>
          <td class="col-result">Passed</td>
          <td class="col-time">2020-03-05 04:12:30.148854</td>
          <td class="col-name">test_case/scg/scg_SYS_Seting/test_c139479.py::test_c139479</td>
          <td>None</td>
          <td class="col-duration">213.35</td></tr>
        <tr>
          <td class="extra" colspan="5">
            <div class="empty log">No log output captured.</div></td></tr></tbody>
      <tbody class="passed results-table-row">
        <tr>
          <td class="col-result">Passed</td>
          <td class="col-time">2020-03-05 04:12:52.750147</td>
          <td class="col-name">test_case/scg/scg_SYS_Seting/test_c139480.py::test_c139480</td>
          <td>None</td>
          <td class="col-duration">22.60</td></tr>
        <tr>
          <td class="extra" colspan="5">
            <div class="empty log">No log output captured.</div></td></tr></tbody>
      <tbody class="passed results-table-row">
        <tr>
          <td class="col-result">Passed</td>
          <td class="col-time">2020-03-05 04:13:15.352440</td>
          <td class="col-name">test_case/scg/scg_SYS_Seting/test_c139481.py::test_c139481</td>
          <td>None</td>
          <td class="col-duration">22.60</td></tr>
        <tr>
          <td class="extra" colspan="5">
            <div class="empty log">No log output captured.</div></td></tr></tbody>
      <tbody class="passed results-table-row">
        <tr>
          <td class="col-result">Passed</td>
          <td class="col-time">2020-03-05 04:13:34.147515</td>
          <td class="col-name">test_case/scg/scg_SYS_Seting/test_c139482.py::test_c139482</td>
          <td>None</td>
          <td class="col-duration">18.79</td></tr>
        <tr>
          <td class="extra" colspan="5">
            <div class="empty log">No log output captured.</div></td></tr></tbody>
      <tbody class="passed results-table-row">
        <tr>
          <td class="col-result">Passed</td>
          <td class="col-time">2020-03-05 04:15:37.966597</td>
          <td class="col-name">test_case/scg/scg_SYS_Seting/test_c139487.py::test_c139487</td>
          <td>None</td>
          <td class="col-duration">123.82</td></tr>
        <tr>
          <td class="extra" colspan="5">
            <div class="empty log">No log output captured.</div></td></tr></tbody>
      <tbody class="passed results-table-row">
        <tr>
          <td class="col-result">Passed</td>
          <td class="col-time">2020-03-05 04:16:41.003202</td>
          <td class="col-name">test_case/scg/scg_SYS_Seting/test_c139488.py::test_c139488</td>
          <td>None</td>
          <td class="col-duration">63.03</td></tr>
        <tr>
          <td class="extra" colspan="5">
            <div class="empty log">No log output captured.</div></td></tr></tbody>
      <tbody class="passed results-table-row">
        <tr>
          <td class="col-result">Passed</td>
          <td class="col-time">2020-03-05 04:17:34.276249</td>
          <td class="col-name">test_case/scg/scg_SYS_Seting/test_c139489.py::test_c139489</td>
          <td>None</td>
          <td class="col-duration">53.27</td></tr>
        <tr>
          <td class="extra" colspan="5">
            <div class="empty log">No log output captured.</div></td></tr></tbody>
      <tbody class="passed results-table-row">
        <tr>
          <td class="col-result">Passed</td>
          <td class="col-time">2020-03-05 04:17:51.001206</td>
          <td class="col-name">test_case/scg/scg_SYS_Seting/test_c139492.py::test_c139492</td>
          <td>None</td>
          <td class="col-duration">16.72</td></tr>
        <tr>
          <td class="extra" colspan="5">
            <div class="empty log">No log output captured.</div></td></tr></tbody>
      <tbody class="passed results-table-row">
        <tr>
          <td class="col-result">Passed</td>
          <td class="col-time">2020-03-05 04:18:16.998693</td>
          <td class="col-name">test_case/scg/scg_SYS_Seting/test_c139495.py::test_c139495</td>
          <td>None</td>
          <td class="col-duration">25.99</td></tr>
        <tr>
          <td class="extra" colspan="5">
            <div class="empty log">No log output captured.</div></td></tr></tbody>
      <tbody class="passed results-table-row">
        <tr>
          <td class="col-result">Passed</td>
          <td class="col-time">2020-03-05 04:18:42.568155</td>
          <td class="col-name">test_case/scg/scg_SYS_Seting/test_c139496.py::test_c139496</td>
          <td>None</td>
          <td class="col-duration">25.57</td></tr>
        <tr>
          <td class="extra" colspan="5">
            <div class="empty log">No log output captured.</div></td></tr></tbody>
      <tbody class="passed results-table-row">
        <tr>
          <td class="col-result">Passed</td>
          <td class="col-time">2020-03-05 04:18:58.801084</td>
          <td class="col-name">test_case/scg/scg_SYS_Seting/test_c139545.py::test_c139545</td>
          <td>None</td>
          <td class="col-duration">16.23</td></tr>
        <tr>
          <td class="extra" colspan="5">
            <div class="empty log">No log output captured.</div></td></tr></tbody>
      <tbody class="passed results-table-row">
        <tr>
          <td class="col-result">Passed</td>
          <td class="col-time">2020-03-05 04:22:37.997621</td>
          <td class="col-name">test_case/scg/scg_SYS_Seting/test_c139549.py::test_c139549</td>
          <td>None</td>
          <td class="col-duration">22.72</td></tr>
        <tr>
          <td class="extra" colspan="5">
            <div class="empty log">No log output captured.</div></td></tr></tbody>
      <tbody class="passed results-table-row">
        <tr>
          <td class="col-result">Passed</td>
          <td class="col-time">2020-03-05 04:22:54.916589</td>
          <td class="col-name">test_case/scg/scg_SYS_Seting/test_c139550.py::test_c139550</td>
          <td>None</td>
          <td class="col-duration">16.91</td></tr>
        <tr>
          <td class="extra" colspan="5">
            <div class="empty log">No log output captured.</div></td></tr></tbody>
      <tbody class="passed results-table-row">
        <tr>
          <td class="col-result">Passed</td>
          <td class="col-time">2020-03-05 04:23:16.117802</td>
          <td class="col-name">test_case/scg/scg_SYS_Seting/test_c139551.py::test_c139551</td>
          <td>None</td>
          <td class="col-duration">21.20</td></tr>
        <tr>
          <td class="extra" colspan="5">
            <div class="empty log">No log output captured.</div></td></tr></tbody>
      <tbody class="passed results-table-row">
        <tr>
          <td class="col-result">Passed</td>
          <td class="col-time">2020-03-05 04:23:33.496796</td>
          <td class="col-name">test_case/scg/scg_SYS_Seting/test_c139552.py::test_c139552</td>
          <td>None</td>
          <td class="col-duration">17.37</td></tr>
        <tr>
          <td class="extra" colspan="5">
            <div class="empty log">No log output captured.</div></td></tr></tbody>
      <tbody class="passed results-table-row">
        <tr>
          <td class="col-result">Passed</td>
          <td class="col-time">2020-03-05 04:23:49.852731</td>
          <td class="col-name">test_case/scg/scg_SYS_Seting/test_c139553.py::test_c139553</td>
          <td>None</td>
          <td class="col-duration">16.35</td></tr>
        <tr>
          <td class="extra" colspan="5">
            <div class="empty log">No log output captured.</div></td></tr></tbody>
      <tbody class="passed results-table-row">
        <tr>
          <td class="col-result">Passed</td>
          <td class="col-time">2020-03-05 04:24:09.127834</td>
          <td class="col-name">test_case/scg/scg_SYS_Seting/test_c139554.py::test_c139554</td>
          <td>None</td>
          <td class="col-duration">19.27</td></tr>
        <tr>
          <td class="extra" colspan="5">
            <div class="empty log">No log output captured.</div></td></tr></tbody>
      <tbody class="passed results-table-row">
        <tr>
          <td class="col-result">Passed</td>
          <td class="col-time">2020-03-05 04:24:25.668780</td>
          <td class="col-name">test_case/scg/scg_SYS_Seting/test_c139555.py::test_c139555</td>
          <td>None</td>
          <td class="col-duration">16.54</td></tr>
        <tr>
          <td class="extra" colspan="5">
            <div class="empty log">No log output captured.</div></td></tr></tbody>
      <tbody class="passed results-table-row">
        <tr>
          <td class="col-result">Passed</td>
          <td class="col-time">2020-03-05 04:28:10.854660</td>
          <td class="col-name">test_case/scg/scg_SYS_Seting/test_c139557.py::test_c139557</td>
          <td>None</td>
          <td class="col-duration">26.40</td></tr>
        <tr>
          <td class="extra" colspan="5">
            <div class="empty log">No log output captured.</div></td></tr></tbody>
      <tbody class="passed results-table-row">
        <tr>
          <td class="col-result">Passed</td>
          <td class="col-time">2020-03-05 04:28:26.491554</td>
          <td class="col-name">test_case/scg/scg_SYS_Seting/test_c139558.py::test_c139558</td>
          <td>None</td>
          <td class="col-duration">15.63</td></tr>
        <tr>
          <td class="extra" colspan="5">
            <div class="empty log">No log output captured.</div></td></tr></tbody>
      <tbody class="passed results-table-row">
        <tr>
          <td class="col-result">Passed</td>
          <td class="col-time">2020-03-05 04:30:32.260748</td>
          <td class="col-name">test_case/scg/scg_SYS_Seting/test_c139559.py::test_c139559</td>
          <td>None</td>
          <td class="col-duration">26.64</td></tr>
        <tr>
          <td class="extra" colspan="5">
            <div class="empty log">No log output captured.</div></td></tr></tbody>
      <tbody class="passed results-table-row">
        <tr>
          <td class="col-result">Passed</td>
          <td class="col-time">2020-03-05 04:30:54.212003</td>
          <td class="col-name">test_case/scg/scg_SYS_Seting/test_c139560.py::test_c139560</td>
          <td>None</td>
          <td class="col-duration">21.95</td></tr>
        <tr>
          <td class="extra" colspan="5">
            <div class="empty log">No log output captured.</div></td></tr></tbody>
      <tbody class="passed results-table-row">
        <tr>
          <td class="col-result">Passed</td>
          <td class="col-time">2020-03-05 04:31:28.178946</td>
          <td class="col-name">test_case/scg/scg_SYS_Seting/test_c139561.py::test_c139561</td>
          <td>None</td>
          <td class="col-duration">33.96</td></tr>
        <tr>
          <td class="extra" colspan="5">
            <div class="empty log">No log output captured.</div></td></tr></tbody>
      <tbody class="passed results-table-row">
        <tr>
          <td class="col-result">Passed</td>
          <td class="col-time">2020-03-05 04:32:03.433962</td>
          <td class="col-name">test_case/scg/scg_SYS_Seting/test_c139568.py::test_c139568</td>
          <td>None</td>
          <td class="col-duration">35.25</td></tr>
        <tr>
          <td class="extra" colspan="5">
            <div class="empty log">No log output captured.</div></td></tr></tbody>
      <tbody class="passed results-table-row">
        <tr>
          <td class="col-result">Passed</td>
          <td class="col-time">2020-03-05 04:32:24.697179</td>
          <td class="col-name">test_case/scg/scg_SYS_Seting/test_c139570.py::test_c139570</td>
          <td>None</td>
          <td class="col-duration">21.26</td></tr>
        <tr>
          <td class="extra" colspan="5">
            <div class="empty log">No log output captured.</div></td></tr></tbody>
      <tbody class="passed results-table-row">
        <tr>
          <td class="col-result">Passed</td>
          <td class="col-time">2020-03-05 04:36:40.093786</td>
          <td class="col-name">test_case/scg/scg_SYS_Seting/test_c139572.py::test_c139572</td>
          <td>None</td>
          <td class="col-duration">25.62</td></tr>
        <tr>
          <td class="extra" colspan="5">
            <div class="empty log">No log output captured.</div></td></tr></tbody>
      <tbody class="passed results-table-row">
        <tr>
          <td class="col-result">Passed</td>
          <td class="col-time">2020-03-05 04:37:25.596389</td>
          <td class="col-name">test_case/scg/scg_SYS_Seting/test_c139573.py::test_c139573</td>
          <td>None</td>
          <td class="col-duration">45.50</td></tr>
        <tr>
          <td class="extra" colspan="5">
            <div class="empty log">No log output captured.</div></td></tr></tbody>
      <tbody class="passed results-table-row">
        <tr>
          <td class="col-result">Passed</td>
          <td class="col-time">2020-03-05 04:38:58.395697</td>
          <td class="col-name">test_case/scg/scg_SYS_Seting/test_c139574.py::test_c139574</td>
          <td>None</td>
          <td class="col-duration">92.80</td></tr>
        <tr>
          <td class="extra" colspan="5">
            <div class="empty log">No log output captured.</div></td></tr></tbody>
      <tbody class="passed results-table-row">
        <tr>
          <td class="col-result">Passed</td>
          <td class="col-time">2020-03-05 04:49:20.791296</td>
          <td class="col-name">test_case/scg/scg_SYS_Seting/test_c139577.py::test_c139577</td>
          <td>None</td>
          <td class="col-duration">30.47</td></tr>
        <tr>
          <td class="extra" colspan="5">
            <div class="empty log">No log output captured.</div></td></tr></tbody>
      <tbody class="passed results-table-row">
        <tr>
          <td class="col-result">Passed</td>
          <td class="col-time">2020-03-05 04:50:05.308842</td>
          <td class="col-name">test_case/scg/scg_SYS_Seting/test_c139578.py::test_c139578</td>
          <td>None</td>
          <td class="col-duration">44.51</td></tr>
        <tr>
          <td class="extra" colspan="5">
            <div class="empty log">No log output captured.</div></td></tr></tbody>
      <tbody class="passed results-table-row">
        <tr>
          <td class="col-result">Passed</td>
          <td class="col-time">2020-03-05 04:50:30.003255</td>
          <td class="col-name">test_case/scg/scg_SYS_Seting/test_c139579.py::test_c139579</td>
          <td>None</td>
          <td class="col-duration">24.69</td></tr>
        <tr>
          <td class="extra" colspan="5">
            <div class="empty log">No log output captured.</div></td></tr></tbody>
      <tbody class="passed results-table-row">
        <tr>
          <td class="col-result">Passed</td>
          <td class="col-time">2020-03-05 04:52:57.876712</td>
          <td class="col-name">test_case/scg/scg_SYS_Seting/test_c139581.py::test_c139581</td>
          <td>None</td>
          <td class="col-duration">43.51</td></tr>
        <tr>
          <td class="extra" colspan="5">
            <div class="empty log">No log output captured.</div></td></tr></tbody>
      <tbody class="passed results-table-row">
        <tr>
          <td class="col-result">Passed</td>
          <td class="col-time">2020-03-05 04:53:58.904203</td>
          <td class="col-name">test_case/scg/scg_SYS_Seting/test_c139582.py::test_c139582</td>
          <td>None</td>
          <td class="col-duration">61.02</td></tr>
        <tr>
          <td class="extra" colspan="5">
            <div class="empty log">No log output captured.</div></td></tr></tbody>
      <tbody class="passed results-table-row">
        <tr>
          <td class="col-result">Passed</td>
          <td class="col-time">2020-03-05 04:54:59.203652</td>
          <td class="col-name">test_case/scg/scg_SYS_Seting/test_c139583.py::test_c139583</td>
          <td>None</td>
          <td class="col-duration">56.80</td></tr>
        <tr>
          <td class="extra" colspan="5">
            <div class="empty log">No log output captured.</div></td></tr></tbody></table></body></html>