<!DOCTYPE html>
<html>
  <head>
    <meta charset="utf-8"/>
    <title>Test Report</title>
    <style>body {
	font-family: Helvetica, Arial, sans-serif;
	font-size: 12px;
	min-width: 1200px;
	color: #999;
}

h1 {
	font-size: 24px;
	color: black;
}

h2 {
	font-size: 16px;
	color: black;
}

p {
    color: black;
}

a {
	color: #999;
}

table {
	border-collapse: collapse;
}

/******************************
 * SUMMARY INFORMATION
 ******************************/

#environment td {
	padding: 5px;
	border: 1px solid #E6E6E6;
}

#environment tr:nth-child(odd) {
	background-color: #f6f6f6;
}

/******************************
 * TEST RESULT COLORS
 ******************************/
span.passed, .passed .col-result {
	color: green;
}
span.skipped, span.xfailed, span.rerun, .skipped .col-result, .xfailed .col-result, .rerun .col-result {
	color: orange;
}
span.error, span.failed, span.xpassed, .error .col-result, .failed .col-result, .xpassed .col-result  {
	color: red;
}


/******************************
 * RESULTS TABLE
 *
 * 1. Table Layout
 * 2. Extra
 * 3. Sorting items
 *
 ******************************/

/*------------------
 * 1. Table Layout
 *------------------*/

#results-table {
	border: 1px solid #e6e6e6;
	color: #999;
	font-size: 12px;
	width: 100%
}

#results-table th, #results-table td {
	padding: 5px;
	border: 1px solid #E6E6E6;
	text-align: left
}
#results-table th {
	font-weight: bold
}

/*------------------
 * 2. Extra
 *------------------*/

.log:only-child {
	height: inherit
}
.log {
	background-color: #e6e6e6;
	border: 1px solid #e6e6e6;
	color: black;
	display: block;
	font-family: "Courier New", Courier, monospace;
	height: 230px;
	overflow-y: scroll;
	padding: 5px;
	white-space: pre-wrap
}
div.image {
	border: 1px solid #e6e6e6;
	float: right;
	height: 240px;
	margin-left: 5px;
	overflow: hidden;
	width: 320px
}
div.image img {
	width: 320px
}
.collapsed {
	display: none;
}
.expander::after {
	content: " (show details)";
	color: #BBB;
	font-style: italic;
	cursor: pointer;
}
.collapser::after {
	content: " (hide details)";
	color: #BBB;
	font-style: italic;
	cursor: pointer;
}

/*------------------
 * 3. Sorting items
 *------------------*/
.sortable {
	cursor: pointer;
}

.sort-icon {
	font-size: 0px;
	float: left;
	margin-right: 5px;
	margin-top: 5px;
	/*triangle*/
	width: 0;
	height: 0;
	border-left: 8px solid transparent;
	border-right: 8px solid transparent;
}

.inactive .sort-icon {
	/*finish triangle*/
	border-top: 8px solid #E6E6E6;
}

.asc.active .sort-icon {
	/*finish triangle*/
	border-bottom: 8px solid #999;
}

.desc.active .sort-icon {
	/*finish triangle*/
	border-top: 8px solid #999;
}
</style></head>
  <body onLoad="init()">
    <script>/* This Source Code Form is subject to the terms of the Mozilla Public
 * License, v. 2.0. If a copy of the MPL was not distributed with this file,
 * You can obtain one at http://mozilla.org/MPL/2.0/. */


function toArray(iter) {
    if (iter === null) {
        return null;
    }
    return Array.prototype.slice.call(iter);
}

function find(selector, elem) {
    if (!elem) {
        elem = document;
    }
    return elem.querySelector(selector);
}

function find_all(selector, elem) {
    if (!elem) {
        elem = document;
    }
    return toArray(elem.querySelectorAll(selector));
}

function sort_column(elem) {
    toggle_sort_states(elem);
    var colIndex = toArray(elem.parentNode.childNodes).indexOf(elem);
    var key;
    if (elem.classList.contains('numeric')) {
        key = key_num;
    } else if (elem.classList.contains('result')) {
        key = key_result;
    } else {
        key = key_alpha;
    }
    sort_table(elem, key(colIndex));
}

function show_all_extras() {
    find_all('.col-result').forEach(show_extras);
}

function hide_all_extras() {
    find_all('.col-result').forEach(hide_extras);
}

function show_extras(colresult_elem) {
    var extras = colresult_elem.parentNode.nextElementSibling;
    var expandcollapse = colresult_elem.firstElementChild;
    extras.classList.remove("collapsed");
    expandcollapse.classList.remove("expander");
    expandcollapse.classList.add("collapser");
}

function hide_extras(colresult_elem) {
    var extras = colresult_elem.parentNode.nextElementSibling;
    var expandcollapse = colresult_elem.firstElementChild;
    extras.classList.add("collapsed");
    expandcollapse.classList.remove("collapser");
    expandcollapse.classList.add("expander");
}

function show_filters() {
    var filter_items = document.getElementsByClassName('filter');
    for (var i = 0; i < filter_items.length; i++)
        filter_items[i].hidden = false;
}

function add_collapse() {
    // Add links for show/hide all
    var resulttable = find('table#results-table');
    var showhideall = document.createElement("p");
    showhideall.innerHTML = '<a href="javascript:show_all_extras()">Show all details</a> / ' +
                            '<a href="javascript:hide_all_extras()">Hide all details</a>';
    resulttable.parentElement.insertBefore(showhideall, resulttable);

    // Add show/hide link to each result
    find_all('.col-result').forEach(function(elem) {
        var collapsed = get_query_parameter('collapsed') || 'Passed';
        var extras = elem.parentNode.nextElementSibling;
        var expandcollapse = document.createElement("span");
        if (collapsed.includes(elem.innerHTML)) {
            extras.classList.add("collapsed");
            expandcollapse.classList.add("expander");
        } else {
            expandcollapse.classList.add("collapser");
        }
        elem.appendChild(expandcollapse);

        elem.addEventListener("click", function(event) {
            if (event.currentTarget.parentNode.nextElementSibling.classList.contains("collapsed")) {
                show_extras(event.currentTarget);
            } else {
                hide_extras(event.currentTarget);
            }
        });
    })
}

function get_query_parameter(name) {
    var match = RegExp('[?&]' + name + '=([^&]*)').exec(window.location.search);
    return match && decodeURIComponent(match[1].replace(/\+/g, ' '));
}

function init () {
    reset_sort_headers();

    add_collapse();

    show_filters();

    toggle_sort_states(find('.initial-sort'));

    find_all('.sortable').forEach(function(elem) {
        elem.addEventListener("click",
                              function(event) {
                                  sort_column(elem);
                              }, false)
    });

};

function sort_table(clicked, key_func) {
    var rows = find_all('.results-table-row');
    var reversed = !clicked.classList.contains('asc');
    var sorted_rows = sort(rows, key_func, reversed);
    /* Whole table is removed here because browsers acts much slower
     * when appending existing elements.
     */
    var thead = document.getElementById("results-table-head");
    document.getElementById('results-table').remove();
    var parent = document.createElement("table");
    parent.id = "results-table";
    parent.appendChild(thead);
    sorted_rows.forEach(function(elem) {
        parent.appendChild(elem);
    });
    document.getElementsByTagName("BODY")[0].appendChild(parent);
}

function sort(items, key_func, reversed) {
    var sort_array = items.map(function(item, i) {
        return [key_func(item), i];
    });
    var multiplier = reversed ? -1 : 1;

    sort_array.sort(function(a, b) {
        var key_a = a[0];
        var key_b = b[0];
        return multiplier * (key_a >= key_b ? 1 : -1);
    });

    return sort_array.map(function(item) {
        var index = item[1];
        return items[index];
    });
}

function key_alpha(col_index) {
    return function(elem) {
        return elem.childNodes[1].childNodes[col_index].firstChild.data.toLowerCase();
    };
}

function key_num(col_index) {
    return function(elem) {
        return parseFloat(elem.childNodes[1].childNodes[col_index].firstChild.data);
    };
}

function key_result(col_index) {
    return function(elem) {
        var strings = ['Error', 'Failed', 'Rerun', 'XFailed', 'XPassed',
                       'Skipped', 'Passed'];
        return strings.indexOf(elem.childNodes[1].childNodes[col_index].firstChild.data);
    };
}

function reset_sort_headers() {
    find_all('.sort-icon').forEach(function(elem) {
        elem.parentNode.removeChild(elem);
    });
    find_all('.sortable').forEach(function(elem) {
        var icon = document.createElement("div");
        icon.className = "sort-icon";
        icon.textContent = "vvv";
        elem.insertBefore(icon, elem.firstChild);
        elem.classList.remove("desc", "active");
        elem.classList.add("asc", "inactive");
    });
}

function toggle_sort_states(elem) {
    //if active, toggle between asc and desc
    if (elem.classList.contains('active')) {
        elem.classList.toggle('asc');
        elem.classList.toggle('desc');
    }

    //if inactive, reset all other functions and add ascending active
    if (elem.classList.contains('inactive')) {
        reset_sort_headers();
        elem.classList.remove('inactive');
        elem.classList.add('active');
    }
}

function is_all_rows_hidden(value) {
  return value.hidden == false;
}

function filter_table(elem) {
    var outcome_att = "data-test-result";
    var outcome = elem.getAttribute(outcome_att);
    class_outcome = outcome + " results-table-row";
    var outcome_rows = document.getElementsByClassName(class_outcome);

    for(var i = 0; i < outcome_rows.length; i++){
        outcome_rows[i].hidden = !elem.checked;
    }

    var rows = find_all('.results-table-row').filter(is_all_rows_hidden);
    var all_rows_hidden = rows.length == 0 ? true : false;
    var not_found_message = document.getElementById("not-found-message");
    not_found_message.hidden = !all_rows_hidden;
}
</script>
    <h1>2020-03-07_10_22_44LOG_report.html</h1>
    <p>Report generated on 07-Mar-2020 at 11:46:30 by<a href="https://pypi.python.org/pypi/pytest-html"> pytest-html</a> v1.19.0</p>
    <h2>Environment</h2>
    <table id="environment">
      <tr>
        <td>Packages</td>
        <td>{&apos;pytest&apos;: &apos;3.6.3&apos;, &apos;py&apos;: &apos;1.8.0&apos;, &apos;pluggy&apos;: &apos;0.6.0&apos;}</td></tr>
      <tr>
        <td>Platform</td>
        <td>Windows-7-6.1.7601-SP1</td></tr>
      <tr>
        <td>Plugins</td>
        <td>{&apos;rerunfailures&apos;: &apos;4.1&apos;, &apos;metadata&apos;: &apos;1.8.0&apos;, &apos;html&apos;: &apos;1.19.0&apos;}</td></tr>
      <tr>
        <td>Python</td>
        <td>3.7.0</td></tr></table>
    <h2>Summary</h2>
    <p>107 tests ran in 5025.74 seconds. </p>
    <p class="filter" hidden="true">(Un)check the boxes to filter the results.</p><input checked="true" class="filter" data-test-result="passed" hidden="true" name="filter_checkbox" onChange="filter_table(this)" type="checkbox"/><span class="passed">101 passed</span>, <input checked="true" class="filter" data-test-result="skipped" disabled="true" hidden="true" name="filter_checkbox" onChange="filter_table(this)" type="checkbox"/><span class="skipped">0 skipped</span>, <input checked="true" class="filter" data-test-result="failed" hidden="true" name="filter_checkbox" onChange="filter_table(this)" type="checkbox"/><span class="failed">6 failed</span>, <input checked="true" class="filter" data-test-result="error" disabled="true" hidden="true" name="filter_checkbox" onChange="filter_table(this)" type="checkbox"/><span class="error">0 errors</span>, <input checked="true" class="filter" data-test-result="xfailed" disabled="true" hidden="true" name="filter_checkbox" onChange="filter_table(this)" type="checkbox"/><span class="xfailed">0 expected failures</span>, <input checked="true" class="filter" data-test-result="xpassed" disabled="true" hidden="true" name="filter_checkbox" onChange="filter_table(this)" type="checkbox"/><span class="xpassed">0 unexpected passes</span>, <input checked="true" class="filter" data-test-result="rerun" hidden="true" name="filter_checkbox" onChange="filter_table(this)" type="checkbox"/><span class="rerun">7 rerun</span>
    <h2>Results</h2>
    <table id="results-table">
      <thead id="results-table-head">
        <tr>
          <th class="sortable result initial-sort" col="result">Result</th>
          <th class="sortable time" col="time">Time</th>
          <th class="sortable" col="name">Test</th>
          <th>Description</th>
          <th class="sortable numeric" col="duration">Duration</th></tr>
        <tr hidden="true" id="not-found-message">
          <th colspan="5">No results found. Try to check the filters</th></tr></thead>
      <tbody class="failed results-table-row">
        <tr>
          <td class="col-result">Failed</td>
          <td class="col-time">2020-03-07 02:58:57.355052</td>
          <td class="col-name">test_case/scg/scg_LOG/test_c142884.py::test_c142884</td>
          <td>None</td>
          <td class="col-duration">11.51</td></tr>
        <tr>
          <td class="extra" colspan="5">
            <div class="log">browser = &lt;selenium.webdriver.chrome.webdriver.WebDriver (session=&quot;6208bca0fb13e85c42052894530ba335&quot;)&gt;<br/><br/>    def test_c142884(browser):<br/>    	try:<br/>    		login_web(browser, url=dev1)<br/>    <br/>&gt;   		get_log(browser, 系统日志)<br/><br/>test_case\scg\scg_LOG\test_c142884.py:22: <br/>_ _ _ _ _ _ _ _ _ _ _ _ _ _ _ _ _ _ _ _ _ _ _ _ _ _ _ _ _ _ _ _ _ _ _ _ _ _ _ _<br/><br/>browser = &lt;selenium.webdriver.chrome.webdriver.WebDriver (session=&quot;6208bca0fb13e85c42052894530ba335&quot;)&gt;<br/>log_type = &#x27;log_record_system&#x27;<br/><br/>    def get_log(browser, log_type):<br/>    	# browser.switch_to.default_content()<br/>    	# browser.switch_to.frame(&quot;lefttree&quot;)<br/>    	# browser.find_element_by_xpath(日志).click()<br/>    	# time.sleep(5)<br/>    	# if not browser.find_element_by_xpath(&#x27;//*[text()=&quot;日志记录&quot;]/../ul&#x27;).is_displayed():<br/>    	# 	# 如果不可见，点击加号，展开元素<br/>    	# 	browser.find_element_by_xpath(日志记录).click()<br/>    	# browser.find_element_by_xpath(log_type).click()<br/>    	# time.sleep(3)<br/>    	# browser.switch_to.default_content()<br/>    	# browser.switch_to.frame(&quot;content&quot;)<br/>    	into_fun(browser, log_type)<br/>    	max1 = 0<br/>    	while True:<br/>    		if log_type == 管理日志:<br/>    			time.sleep(1)<br/>    			info_x = browser.find_element_by_xpath(&#x27;//*[@id=&quot;log_record_admin_table&quot;]/tbody/tr[2]/td[1]&#x27;).text<br/>    			if info_x == &quot;1&quot;:<br/>    				loginfo = browser.find_element_by_xpath(&#x27;//*[@id=&quot;namearea0&quot;]&#x27;).text<br/>    				return loginfo<br/>    <br/>    			elif max1 &gt; 10:<br/>    				return &quot;界面加载失败&quot;<br/>    			else:<br/>    				time.sleep(2)<br/>    				max1 += 1<br/>    		elif log_type == 系统日志:<br/>    			time.sleep(1)<br/>&gt;   			info_x = browser.find_element_by_xpath(&#x27;//*[@id=&quot;log_record_system_table&quot;]/tbody/tr[2]/td[1]&#x27;).text<br/><br/>page_obj\scg\scg_def_log.py:38: <br/>_ _ _ _ _ _ _ _ _ _ _ _ _ _ _ _ _ _ _ _ _ _ _ _ _ _ _ _ _ _ _ _ _ _ _ _ _ _ _ _<br/><br/>self = &lt;selenium.webdriver.chrome.webdriver.WebDriver (session=&quot;6208bca0fb13e85c42052894530ba335&quot;)&gt;<br/>xpath = &#x27;//*[@id=&quot;log_record_system_table&quot;]/tbody/tr[2]/td[1]&#x27;<br/><br/>    def find_element_by_xpath(self, xpath):<br/>        &quot;&quot;&quot;<br/>            Finds an element by xpath.<br/>    <br/>            :Args:<br/>             - xpath - The xpath locator of the element to find.<br/>    <br/>            :Returns:<br/>             - WebElement - the element if it was found<br/>    <br/>            :Raises:<br/>             - NoSuchElementException - if the element wasn&#x27;t found<br/>    <br/>            :Usage:<br/>                element = driver.find_element_by_xpath(&#x27;//div/td[1]&#x27;)<br/>            &quot;&quot;&quot;<br/>&gt;       return self.find_element(by=By.XPATH, value=xpath)<br/><br/>..\..\AppData\Local\Programs\Python\Python37\lib\site-packages\selenium\webdriver\remote\webdriver.py:393: <br/>_ _ _ _ _ _ _ _ _ _ _ _ _ _ _ _ _ _ _ _ _ _ _ _ _ _ _ _ _ _ _ _ _ _ _ _ _ _ _ _<br/><br/>self = &lt;selenium.webdriver.chrome.webdriver.WebDriver (session=&quot;6208bca0fb13e85c42052894530ba335&quot;)&gt;<br/>by = &#x27;xpath&#x27;, value = &#x27;//*[@id=&quot;log_record_system_table&quot;]/tbody/tr[2]/td[1]&#x27;<br/><br/>    def find_element(self, by=By.ID, value=None):<br/>        &quot;&quot;&quot;<br/>            Find an element given a By strategy and locator. Prefer the find_element_by_* methods when<br/>            possible.<br/>    <br/>            :Usage:<br/>                element = driver.find_element(By.ID, &#x27;foo&#x27;)<br/>    <br/>            :rtype: WebElement<br/>            &quot;&quot;&quot;<br/>        if self.w3c:<br/>            if by == By.ID:<br/>                by = By.CSS_SELECTOR<br/>                value = &#x27;[id=&quot;%s&quot;]&#x27; % value<br/>            elif by == By.TAG_NAME:<br/>                by = By.CSS_SELECTOR<br/>            elif by == By.CLASS_NAME:<br/>                by = By.CSS_SELECTOR<br/>                value = &quot;.%s&quot; % value<br/>            elif by == By.NAME:<br/>                by = By.CSS_SELECTOR<br/>                value = &#x27;[name=&quot;%s&quot;]&#x27; % value<br/>        return self.execute(Command.FIND_ELEMENT, {<br/>            &#x27;using&#x27;: by,<br/>&gt;           &#x27;value&#x27;: value})[&#x27;value&#x27;]<br/><br/>..\..\AppData\Local\Programs\Python\Python37\lib\site-packages\selenium\webdriver\remote\webdriver.py:966: <br/>_ _ _ _ _ _ _ _ _ _ _ _ _ _ _ _ _ _ _ _ _ _ _ _ _ _ _ _ _ _ _ _ _ _ _ _ _ _ _ _<br/><br/>self = &lt;selenium.webdriver.chrome.webdriver.WebDriver (session=&quot;6208bca0fb13e85c42052894530ba335&quot;)&gt;<br/>driver_command = &#x27;findElement&#x27;<br/>params = {&#x27;sessionId&#x27;: &#x27;6208bca0fb13e85c42052894530ba335&#x27;, &#x27;using&#x27;: &#x27;xpath&#x27;, &#x27;value&#x27;: &#x27;//*[@id=&quot;log_record_system_table&quot;]/tbody/tr[2]/td[1]&#x27;}<br/><br/>    def execute(self, driver_command, params=None):<br/>        &quot;&quot;&quot;<br/>            Sends a command to be executed by a command.CommandExecutor.<br/>    <br/>            :Args:<br/>             - driver_command: The name of the command to execute as a string.<br/>             - params: A dictionary of named parameters to send with the command.<br/>    <br/>            :Returns:<br/>              The command&#x27;s JSON response loaded into a dictionary object.<br/>            &quot;&quot;&quot;<br/>        if self.session_id is not None:<br/>            if not params:<br/>                params = {&#x27;sessionId&#x27;: self.session_id}<br/>            elif &#x27;sessionId&#x27; not in params:<br/>                params[&#x27;sessionId&#x27;] = self.session_id<br/>    <br/>        params = self._wrap_value(params)<br/>        response = self.command_executor.execute(driver_command, params)<br/>        if response:<br/>&gt;           self.error_handler.check_response(response)<br/><br/>..\..\AppData\Local\Programs\Python\Python37\lib\site-packages\selenium\webdriver\remote\webdriver.py:320: <br/>_ _ _ _ _ _ _ _ _ _ _ _ _ _ _ _ _ _ _ _ _ _ _ _ _ _ _ _ _ _ _ _ _ _ _ _ _ _ _ _<br/><br/>self = &lt;selenium.webdriver.remote.errorhandler.ErrorHandler object at 0x000000000FB4F668&gt;<br/>response = {&#x27;sessionId&#x27;: &#x27;6208bca0fb13e85c42052894530ba335&#x27;, &#x27;status&#x27;: 7, &#x27;value&#x27;: {&#x27;message&#x27;: &#x27;no such element: Unable to locate...r info: chromedriver=2.41.578737 (49da6702b16031c40d63e5618de03a32ff6c197e),platform=Windows NT 6.1.7601 SP1 x86_64)&#x27;}}<br/><br/>    def check_response(self, response):<br/>        &quot;&quot;&quot;<br/>            Checks that a JSON response from the WebDriver does not have an error.<br/>    <br/>            :Args:<br/>             - response - The JSON response from the WebDriver server as a dictionary<br/>               object.<br/>    <br/>            :Raises: If the response contains an error message.<br/>            &quot;&quot;&quot;<br/>        status = response.get(&#x27;status&#x27;, None)<br/>        if status is None or status == ErrorCode.SUCCESS:<br/>            return<br/>        value = None<br/>        message = response.get(&quot;message&quot;, &quot;&quot;)<br/>        screen = response.get(&quot;screen&quot;, &quot;&quot;)<br/>        stacktrace = None<br/>        if isinstance(status, int):<br/>            value_json = response.get(&#x27;value&#x27;, None)<br/>            if value_json and isinstance(value_json, basestring):<br/>                import json<br/>                try:<br/>                    value = json.loads(value_json)<br/>                    if len(value.keys()) == 1:<br/>                        value = value[&#x27;value&#x27;]<br/>                    status = value.get(&#x27;error&#x27;, None)<br/>                    if status is None:<br/>                        status = value[&quot;status&quot;]<br/>                        message = value[&quot;value&quot;]<br/>                        if not isinstance(message, basestring):<br/>                            value = message<br/>                            message = message.get(&#x27;message&#x27;)<br/>                    else:<br/>                        message = value.get(&#x27;message&#x27;, None)<br/>                except ValueError:<br/>                    pass<br/>    <br/>        exception_class = ErrorInResponseException<br/>        if status in ErrorCode.NO_SUCH_ELEMENT:<br/>            exception_class = NoSuchElementException<br/>        elif status in ErrorCode.NO_SUCH_FRAME:<br/>            exception_class = NoSuchFrameException<br/>        elif status in ErrorCode.NO_SUCH_WINDOW:<br/>            exception_class = NoSuchWindowException<br/>        elif status in ErrorCode.STALE_ELEMENT_REFERENCE:<br/>            exception_class = StaleElementReferenceException<br/>        elif status in ErrorCode.ELEMENT_NOT_VISIBLE:<br/>            exception_class = ElementNotVisibleException<br/>        elif status in ErrorCode.INVALID_ELEMENT_STATE:<br/>            exception_class = InvalidElementStateException<br/>        elif status in ErrorCode.INVALID_SELECTOR \<br/>                or status in ErrorCode.INVALID_XPATH_SELECTOR \<br/>                or status in ErrorCode.INVALID_XPATH_SELECTOR_RETURN_TYPER:<br/>            exception_class = InvalidSelectorException<br/>        elif status in ErrorCode.ELEMENT_IS_NOT_SELECTABLE:<br/>            exception_class = ElementNotSelectableException<br/>        elif status in ErrorCode.ELEMENT_NOT_INTERACTABLE:<br/>            exception_class = ElementNotInteractableException<br/>        elif status in ErrorCode.INVALID_COOKIE_DOMAIN:<br/>            exception_class = InvalidCookieDomainException<br/>        elif status in ErrorCode.UNABLE_TO_SET_COOKIE:<br/>            exception_class = UnableToSetCookieException<br/>        elif status in ErrorCode.TIMEOUT:<br/>            exception_class = TimeoutException<br/>        elif status in ErrorCode.SCRIPT_TIMEOUT:<br/>            exception_class = TimeoutException<br/>        elif status in ErrorCode.UNKNOWN_ERROR:<br/>            exception_class = WebDriverException<br/>        elif status in ErrorCode.UNEXPECTED_ALERT_OPEN:<br/>            exception_class = UnexpectedAlertPresentException<br/>        elif status in ErrorCode.NO_ALERT_OPEN:<br/>            exception_class = NoAlertPresentException<br/>        elif status in ErrorCode.IME_NOT_AVAILABLE:<br/>            exception_class = ImeNotAvailableException<br/>        elif status in ErrorCode.IME_ENGINE_ACTIVATION_FAILED:<br/>            exception_class = ImeActivationFailedException<br/>        elif status in ErrorCode.MOVE_TARGET_OUT_OF_BOUNDS:<br/>            exception_class = MoveTargetOutOfBoundsException<br/>        elif status in ErrorCode.JAVASCRIPT_ERROR:<br/>            exception_class = JavascriptException<br/>        elif status in ErrorCode.SESSION_NOT_CREATED:<br/>            exception_class = SessionNotCreatedException<br/>        elif status in ErrorCode.INVALID_ARGUMENT:<br/>            exception_class = InvalidArgumentException<br/>        elif status in ErrorCode.NO_SUCH_COOKIE:<br/>            exception_class = NoSuchCookieException<br/>        elif status in ErrorCode.UNABLE_TO_CAPTURE_SCREEN:<br/>            exception_class = ScreenshotException<br/>        elif status in ErrorCode.ELEMENT_CLICK_INTERCEPTED:<br/>            exception_class = ElementClickInterceptedException<br/>        elif status in ErrorCode.INSECURE_CERTIFICATE:<br/>            exception_class = InsecureCertificateException<br/>        elif status in ErrorCode.INVALID_COORDINATES:<br/>            exception_class = InvalidCoordinatesException<br/>        elif status in ErrorCode.INVALID_SESSION_ID:<br/>            exception_class = InvalidSessionIdException<br/>        elif status in ErrorCode.UNKNOWN_METHOD:<br/>            exception_class = UnknownMethodException<br/>        else:<br/>            exception_class = WebDriverException<br/>        if value == &#x27;&#x27; or value is None:<br/>            value = response[&#x27;value&#x27;]<br/>        if isinstance(value, basestring):<br/>            if exception_class == ErrorInResponseException:<br/>                raise exception_class(response, value)<br/>            raise exception_class(value)<br/>        if message == &quot;&quot; and &#x27;message&#x27; in value:<br/>            message = value[&#x27;message&#x27;]<br/>    <br/>        screen = None<br/>        if &#x27;screen&#x27; in value:<br/>            screen = value[&#x27;screen&#x27;]<br/>    <br/>        stacktrace = None<br/>        if &#x27;stackTrace&#x27; in value and value[&#x27;stackTrace&#x27;]:<br/>            stacktrace = []<br/>            try:<br/>                for frame in value[&#x27;stackTrace&#x27;]:<br/>                    line = self._value_or_default(frame, &#x27;lineNumber&#x27;, &#x27;&#x27;)<br/>                    file = self._value_or_default(frame, &#x27;fileName&#x27;, &#x27;&lt;anonymous&gt;&#x27;)<br/>                    if line:<br/>                        file = &quot;%s:%s&quot; % (file, line)<br/>                    meth = self._value_or_default(frame, &#x27;methodName&#x27;, &#x27;&lt;anonymous&gt;&#x27;)<br/>                    if &#x27;className&#x27; in frame:<br/>                        meth = &quot;%s.%s&quot; % (frame[&#x27;className&#x27;], meth)<br/>                    msg = &quot;    at %s (%s)&quot;<br/>                    msg = msg % (meth, file)<br/>                    stacktrace.append(msg)<br/>            except TypeError:<br/>                pass<br/>        if exception_class == ErrorInResponseException:<br/>            raise exception_class(response, message)<br/>        elif exception_class == UnexpectedAlertPresentException:<br/>            alert_text = None<br/>            if &#x27;data&#x27; in value:<br/>                alert_text = value[&#x27;data&#x27;].get(&#x27;text&#x27;)<br/>            elif &#x27;alert&#x27; in value:<br/>                alert_text = value[&#x27;alert&#x27;].get(&#x27;text&#x27;)<br/>            raise exception_class(message, screen, stacktrace, alert_text)<br/>&gt;       raise exception_class(message, screen, stacktrace)<br/><span class="error">E       selenium.common.exceptions.NoSuchElementException: Message: no such element: Unable to locate element: {&quot;method&quot;:&quot;xpath&quot;,&quot;selector&quot;:&quot;//*[@id=&quot;log_record_system_table&quot;]/tbody/tr[2]/td[1]&quot;}</span><br/><span class="error">E         (Session info: chrome=80.0.3987.122)</span><br/><span class="error">E         (Driver info: chromedriver=2.41.578737 (49da6702b16031c40d63e5618de03a32ff6c197e),platform=Windows NT 6.1.7601 SP1 x86_64)</span><br/><br/>..\..\AppData\Local\Programs\Python\Python37\lib\site-packages\selenium\webdriver\remote\errorhandler.py:242: NoSuchElementException<br/><br/>During handling of the above exception, another exception occurred:<br/><br/>browser = &lt;selenium.webdriver.chrome.webdriver.WebDriver (session=&quot;6208bca0fb13e85c42052894530ba335&quot;)&gt;<br/><br/>    def test_c142884(browser):<br/>    	try:<br/>    		login_web(browser, url=dev1)<br/>    <br/>    		get_log(browser, 系统日志)<br/>    <br/>    		info1 = browser.find_element_by_xpath(&#x27;//*[@id=&quot;for_config_tb_title_mix&quot;]/ul/li&#x27;).text<br/>    		# print(info1)<br/>    		try:<br/>    			assert &quot;系统日志&quot; in info1<br/>    <br/>    			rail_pass(test_run_id, test_id)<br/>    		except:<br/>    			# 当日志仅有一页时,该脚本会执行失败,在这里可以添加SSH登陆或者接口downup去产生日志，保证重新执行时可以PASS<br/>    			# INTERFACE DOWN UP<br/>    			generate_log(browser, dev=dev1, log_type=系统日志, num=&quot;20&quot;)<br/>    			rail_fail(test_run_id, test_id)<br/>    			assert &quot;系统日志&quot; in info1<br/>    	except Exception as err:<br/>    		# 如果上面的步骤有报错，重新设备，恢复配置<br/>    		print(err)<br/>    		# reload(hostip=dev1)<br/>    		rail_fail(test_run_id, test_id)<br/>&gt;   		assert False<br/><span class="error">E     assert False</span><br/><br/>test_case\scg\scg_LOG\test_c142884.py:41: AssertionError<br/></div></td></tr></tbody>
      <tbody class="failed results-table-row">
        <tr>
          <td class="col-result">Failed</td>
          <td class="col-time">2020-03-07 03:01:49.583903</td>
          <td class="col-name">test_case/scg/scg_LOG/test_c142893.py::test_c142893</td>
          <td>None</td>
          <td class="col-duration">10.84</td></tr>
        <tr>
          <td class="extra" colspan="5">
            <div class="log">browser = &lt;selenium.webdriver.chrome.webdriver.WebDriver (session=&quot;6208bca0fb13e85c42052894530ba335&quot;)&gt;<br/><br/>    def test_c142893(browser):<br/>    	try:<br/>    		# 登录admin<br/>    		login_web(browser, url=dev1)<br/>    		# 获取页数<br/>    		get_into_logging(browser, log_type=管理日志)<br/>    		info1 = browser.find_element_by_xpath(&#x27;//*[@id=&quot;timearea0&quot;]&#x27;).text<br/>    		# print(info1)<br/>    		num1 = browser.find_element_by_xpath(&#x27;//*[@id=&quot;rules_count&quot;]&#x27;).text<br/>    		# print(num1)<br/>    		num2 = int(num1)<br/>    		s1 = Select(browser.find_element_by_xpath(&#x27;//*[@id=&quot;counter&quot;]&#x27;))<br/>    		s1.select_by_visible_text(&#x27;50&#x27;)<br/>    		page1 = num2/50<br/>    		page2 = math.ceil(page1)<br/>    		# print(page2)<br/>    		# 根据页码查询admin日志<br/>    		s1 = Select(browser.find_element_by_xpath(&#x27;//*[@id=&quot;Select1&quot;]&#x27;))<br/>&gt;   		s1.select_by_visible_text(&#x27;2/&#x27;+str(page2))<br/><br/>test_case\scg\scg_LOG\test_c142893.py:39: <br/>_ _ _ _ _ _ _ _ _ _ _ _ _ _ _ _ _ _ _ _ _ _ _ _ _ _ _ _ _ _ _ _ _ _ _ _ _ _ _ _<br/><br/>self = &lt;selenium.webdriver.support.select.Select object at 0x000000001036C940&gt;<br/>text = &#x27;2/1&#x27;<br/><br/>    def select_by_visible_text(self, text):<br/>        &quot;&quot;&quot;Select all options that display text matching the argument. That is, when given &quot;Bar&quot; this<br/>               would select an option like:<br/>    <br/>                &lt;option value=&quot;foo&quot;&gt;Bar&lt;/option&gt;<br/>    <br/>               :Args:<br/>                - text - The visible text to match against<br/>    <br/>                throws NoSuchElementException If there is no option with specisied text in SELECT<br/>               &quot;&quot;&quot;<br/>        xpath = &quot;.//option[normalize-space(.) = %s]&quot; % self._escapeString(text)<br/>        opts = self._el.find_elements(By.XPATH, xpath)<br/>        matched = False<br/>        for opt in opts:<br/>            self._setSelected(opt)<br/>            if not self.is_multiple:<br/>                return<br/>            matched = True<br/>    <br/>        if len(opts) == 0 and &quot; &quot; in text:<br/>            subStringWithoutSpace = self._get_longest_token(text)<br/>            if subStringWithoutSpace == &quot;&quot;:<br/>                candidates = self.options<br/>            else:<br/>                xpath = &quot;.//option[contains(.,%s)]&quot; % self._escapeString(subStringWithoutSpace)<br/>                candidates = self._el.find_elements(By.XPATH, xpath)<br/>            for candidate in candidates:<br/>                if text == candidate.text:<br/>                    self._setSelected(candidate)<br/>                    if not self.is_multiple:<br/>                        return<br/>                    matched = True<br/>    <br/>        if not matched:<br/>&gt;           raise NoSuchElementException(&quot;Could not locate element with visible text: %s&quot; % text)<br/><span class="error">E           selenium.common.exceptions.NoSuchElementException: Message: Could not locate element with visible text: 2/1</span><br/><br/>..\..\AppData\Local\Programs\Python\Python37\lib\site-packages\selenium\webdriver\support\select.py:140: NoSuchElementException<br/><br/>During handling of the above exception, another exception occurred:<br/><br/>browser = &lt;selenium.webdriver.chrome.webdriver.WebDriver (session=&quot;6208bca0fb13e85c42052894530ba335&quot;)&gt;<br/><br/>    def test_c142893(browser):<br/>    	try:<br/>    		# 登录admin<br/>    		login_web(browser, url=dev1)<br/>    		# 获取页数<br/>    		get_into_logging(browser, log_type=管理日志)<br/>    		info1 = browser.find_element_by_xpath(&#x27;//*[@id=&quot;timearea0&quot;]&#x27;).text<br/>    		# print(info1)<br/>    		num1 = browser.find_element_by_xpath(&#x27;//*[@id=&quot;rules_count&quot;]&#x27;).text<br/>    		# print(num1)<br/>    		num2 = int(num1)<br/>    		s1 = Select(browser.find_element_by_xpath(&#x27;//*[@id=&quot;counter&quot;]&#x27;))<br/>    		s1.select_by_visible_text(&#x27;50&#x27;)<br/>    		page1 = num2/50<br/>    		page2 = math.ceil(page1)<br/>    		# print(page2)<br/>    		# 根据页码查询admin日志<br/>    		s1 = Select(browser.find_element_by_xpath(&#x27;//*[@id=&quot;Select1&quot;]&#x27;))<br/>    		s1.select_by_visible_text(&#x27;2/&#x27;+str(page2))<br/>    		time.sleep(1.5)<br/>    		info2 = browser.find_element_by_xpath(&#x27;//*[@id=&quot;timearea0&quot;]&#x27;).text<br/>    		# print(info2)<br/>    <br/>    		try:<br/>    			assert info1 != info2<br/>    			rail_pass(test_run_id, test_id)<br/>    		except:<br/>    			# 当日志仅有一页时,该脚本会执行失败,在这里可以添加SSH登陆或者接口downup去产生日志，保证重新执行时可以PASS<br/>    			# INTERFACE DOWN UP<br/>    			rail_fail(test_run_id, test_id)<br/>    			assert info1 != info2<br/>    	except Exception as err:<br/>    		# 如果上面的步骤有报错，重新设备，恢复配置<br/>    		print(err)<br/>    		# reload(hostip=dev1)<br/>    		rail_fail(test_run_id, test_id)<br/>&gt;   		assert False<br/><span class="error">E     assert False</span><br/><br/>test_case\scg\scg_LOG\test_c142893.py:57: AssertionError<br/></div></td></tr></tbody>
      <tbody class="failed results-table-row">
        <tr>
          <td class="col-result">Failed</td>
          <td class="col-time">2020-03-07 03:05:38.392990</td>
          <td class="col-name">test_case/scg/scg_LOG/test_c142899.py::test_c142899</td>
          <td>None</td>
          <td class="col-duration">10.56</td></tr>
        <tr>
          <td class="extra" colspan="5">
            <div class="log">browser = &lt;selenium.webdriver.chrome.webdriver.WebDriver (session=&quot;6208bca0fb13e85c42052894530ba335&quot;)&gt;<br/><br/>    def test_c142899(browser):<br/>    	try:<br/>    		# 登录admin<br/>    		login_web(browser, url=dev1)<br/>    		# 获取页数<br/>    		get_into_logging(browser, log_type=系统日志)<br/>    		info1 = browser.find_element_by_xpath(&#x27;//*[@id=&quot;timearea0&quot;]&#x27;).text<br/>    		# print(info1)<br/>    		num1 = browser.find_element_by_xpath(&#x27;//*[@id=&quot;rules_count&quot;]&#x27;).text<br/>    		# print(num1)<br/>    		num2 = int(num1)<br/>    		s1 = Select(browser.find_element_by_xpath(&#x27;//*[@id=&quot;counter&quot;]&#x27;))<br/>    		s1.select_by_visible_text(&#x27;50&#x27;)<br/>    		page1 = num2/50<br/>    		page2 = math.ceil(page1)<br/>    		# print(page2)<br/>    		# 根据页码查询system日志<br/>    		s1 = Select(browser.find_element_by_xpath(&#x27;//*[@id=&quot;Select1&quot;]&#x27;))<br/>&gt;   		s1.select_by_visible_text(&#x27;2/&#x27;+str(page2))<br/><br/>test_case\scg\scg_LOG\test_c142899.py:39: <br/>_ _ _ _ _ _ _ _ _ _ _ _ _ _ _ _ _ _ _ _ _ _ _ _ _ _ _ _ _ _ _ _ _ _ _ _ _ _ _ _<br/><br/>self = &lt;selenium.webdriver.support.select.Select object at 0x00000000103705F8&gt;<br/>text = &#x27;2/1&#x27;<br/><br/>    def select_by_visible_text(self, text):<br/>        &quot;&quot;&quot;Select all options that display text matching the argument. That is, when given &quot;Bar&quot; this<br/>               would select an option like:<br/>    <br/>                &lt;option value=&quot;foo&quot;&gt;Bar&lt;/option&gt;<br/>    <br/>               :Args:<br/>                - text - The visible text to match against<br/>    <br/>                throws NoSuchElementException If there is no option with specisied text in SELECT<br/>               &quot;&quot;&quot;<br/>        xpath = &quot;.//option[normalize-space(.) = %s]&quot; % self._escapeString(text)<br/>        opts = self._el.find_elements(By.XPATH, xpath)<br/>        matched = False<br/>        for opt in opts:<br/>            self._setSelected(opt)<br/>            if not self.is_multiple:<br/>                return<br/>            matched = True<br/>    <br/>        if len(opts) == 0 and &quot; &quot; in text:<br/>            subStringWithoutSpace = self._get_longest_token(text)<br/>            if subStringWithoutSpace == &quot;&quot;:<br/>                candidates = self.options<br/>            else:<br/>                xpath = &quot;.//option[contains(.,%s)]&quot; % self._escapeString(subStringWithoutSpace)<br/>                candidates = self._el.find_elements(By.XPATH, xpath)<br/>            for candidate in candidates:<br/>                if text == candidate.text:<br/>                    self._setSelected(candidate)<br/>                    if not self.is_multiple:<br/>                        return<br/>                    matched = True<br/>    <br/>        if not matched:<br/>&gt;           raise NoSuchElementException(&quot;Could not locate element with visible text: %s&quot; % text)<br/><span class="error">E           selenium.common.exceptions.NoSuchElementException: Message: Could not locate element with visible text: 2/1</span><br/><br/>..\..\AppData\Local\Programs\Python\Python37\lib\site-packages\selenium\webdriver\support\select.py:140: NoSuchElementException<br/><br/>During handling of the above exception, another exception occurred:<br/><br/>browser = &lt;selenium.webdriver.chrome.webdriver.WebDriver (session=&quot;6208bca0fb13e85c42052894530ba335&quot;)&gt;<br/><br/>    def test_c142899(browser):<br/>    	try:<br/>    		# 登录admin<br/>    		login_web(browser, url=dev1)<br/>    		# 获取页数<br/>    		get_into_logging(browser, log_type=系统日志)<br/>    		info1 = browser.find_element_by_xpath(&#x27;//*[@id=&quot;timearea0&quot;]&#x27;).text<br/>    		# print(info1)<br/>    		num1 = browser.find_element_by_xpath(&#x27;//*[@id=&quot;rules_count&quot;]&#x27;).text<br/>    		# print(num1)<br/>    		num2 = int(num1)<br/>    		s1 = Select(browser.find_element_by_xpath(&#x27;//*[@id=&quot;counter&quot;]&#x27;))<br/>    		s1.select_by_visible_text(&#x27;50&#x27;)<br/>    		page1 = num2/50<br/>    		page2 = math.ceil(page1)<br/>    		# print(page2)<br/>    		# 根据页码查询system日志<br/>    		s1 = Select(browser.find_element_by_xpath(&#x27;//*[@id=&quot;Select1&quot;]&#x27;))<br/>    		s1.select_by_visible_text(&#x27;2/&#x27;+str(page2))<br/>    		time.sleep(1.5)<br/>    		info2 = browser.find_element_by_xpath(&#x27;//*[@id=&quot;timearea0&quot;]&#x27;).text<br/>    		# print(info2)<br/>    <br/>    		try:<br/>    			assert info1 != info2<br/>    			rail_pass(test_run_id, test_id)<br/>    		except:<br/>    			# 当日志仅有一页时,该脚本会执行失败,在这里可以添加SSH登陆或者接口downup去产生日志，保证重新执行时可以PASS<br/>    			# INTERFACE DOWN UP<br/>    			rail_fail(test_run_id, test_id)<br/>    			assert info1 != info2<br/>    	except Exception as err:<br/>    		# 如果上面的步骤有报错，重新设备，恢复配置<br/>    		print(err)<br/>    		# reload(hostip=dev1)<br/>    		rail_fail(test_run_id, test_id)<br/>&gt;   		assert False<br/><span class="error">E     assert False</span><br/><br/>test_case\scg\scg_LOG\test_c142899.py:57: AssertionError<br/></div></td></tr></tbody>
      <tbody class="failed results-table-row">
        <tr>
          <td class="col-result">Failed</td>
          <td class="col-time">2020-03-07 03:09:21.317740</td>
          <td class="col-name">test_case/scg/scg_LOG/test_c142905.py::test_c142905</td>
          <td>None</td>
          <td class="col-duration">10.80</td></tr>
        <tr>
          <td class="extra" colspan="5">
            <div class="log">browser = &lt;selenium.webdriver.chrome.webdriver.WebDriver (session=&quot;6208bca0fb13e85c42052894530ba335&quot;)&gt;<br/><br/>    def test_c142905(browser):<br/>    	try:<br/>    		# 登录admin<br/>    		login_web(browser, url=dev1)<br/>    		# 获取页数<br/>    		get_into_logging(browser, log_type=安全日志)<br/>    		info1 = browser.find_element_by_xpath(&#x27;//*[@id=&quot;datearea0&quot;]&#x27;).text<br/>    		# print(info1)<br/>    		num1 = browser.find_element_by_xpath(&#x27;//*[@id=&quot;rules_count&quot;]&#x27;).text<br/>    		# print(num1)<br/>    		num2 = int(num1)<br/>    		s1 = Select(browser.find_element_by_xpath(&#x27;//*[@id=&quot;counter&quot;]&#x27;))<br/>    		s1.select_by_visible_text(&#x27;50&#x27;)<br/>    		page1 = num2/50<br/>    		page2 = math.ceil(page1)<br/>    		# print(page2)<br/>    		# 根据页码查询security日志<br/>    		s1 = Select(browser.find_element_by_xpath(&#x27;//*[@id=&quot;Select1&quot;]&#x27;))<br/>&gt;   		s1.select_by_visible_text(&#x27;2/&#x27;+str(page2))<br/><br/>test_case\scg\scg_LOG\test_c142905.py:39: <br/>_ _ _ _ _ _ _ _ _ _ _ _ _ _ _ _ _ _ _ _ _ _ _ _ _ _ _ _ _ _ _ _ _ _ _ _ _ _ _ _<br/><br/>self = &lt;selenium.webdriver.support.select.Select object at 0x0000000010465AC8&gt;<br/>text = &#x27;2/1&#x27;<br/><br/>    def select_by_visible_text(self, text):<br/>        &quot;&quot;&quot;Select all options that display text matching the argument. That is, when given &quot;Bar&quot; this<br/>               would select an option like:<br/>    <br/>                &lt;option value=&quot;foo&quot;&gt;Bar&lt;/option&gt;<br/>    <br/>               :Args:<br/>                - text - The visible text to match against<br/>    <br/>                throws NoSuchElementException If there is no option with specisied text in SELECT<br/>               &quot;&quot;&quot;<br/>        xpath = &quot;.//option[normalize-space(.) = %s]&quot; % self._escapeString(text)<br/>        opts = self._el.find_elements(By.XPATH, xpath)<br/>        matched = False<br/>        for opt in opts:<br/>            self._setSelected(opt)<br/>            if not self.is_multiple:<br/>                return<br/>            matched = True<br/>    <br/>        if len(opts) == 0 and &quot; &quot; in text:<br/>            subStringWithoutSpace = self._get_longest_token(text)<br/>            if subStringWithoutSpace == &quot;&quot;:<br/>                candidates = self.options<br/>            else:<br/>                xpath = &quot;.//option[contains(.,%s)]&quot; % self._escapeString(subStringWithoutSpace)<br/>                candidates = self._el.find_elements(By.XPATH, xpath)<br/>            for candidate in candidates:<br/>                if text == candidate.text:<br/>                    self._setSelected(candidate)<br/>                    if not self.is_multiple:<br/>                        return<br/>                    matched = True<br/>    <br/>        if not matched:<br/>&gt;           raise NoSuchElementException(&quot;Could not locate element with visible text: %s&quot; % text)<br/><span class="error">E           selenium.common.exceptions.NoSuchElementException: Message: Could not locate element with visible text: 2/1</span><br/><br/>..\..\AppData\Local\Programs\Python\Python37\lib\site-packages\selenium\webdriver\support\select.py:140: NoSuchElementException<br/><br/>During handling of the above exception, another exception occurred:<br/><br/>browser = &lt;selenium.webdriver.chrome.webdriver.WebDriver (session=&quot;6208bca0fb13e85c42052894530ba335&quot;)&gt;<br/><br/>    def test_c142905(browser):<br/>    	try:<br/>    		# 登录admin<br/>    		login_web(browser, url=dev1)<br/>    		# 获取页数<br/>    		get_into_logging(browser, log_type=安全日志)<br/>    		info1 = browser.find_element_by_xpath(&#x27;//*[@id=&quot;datearea0&quot;]&#x27;).text<br/>    		# print(info1)<br/>    		num1 = browser.find_element_by_xpath(&#x27;//*[@id=&quot;rules_count&quot;]&#x27;).text<br/>    		# print(num1)<br/>    		num2 = int(num1)<br/>    		s1 = Select(browser.find_element_by_xpath(&#x27;//*[@id=&quot;counter&quot;]&#x27;))<br/>    		s1.select_by_visible_text(&#x27;50&#x27;)<br/>    		page1 = num2/50<br/>    		page2 = math.ceil(page1)<br/>    		# print(page2)<br/>    		# 根据页码查询security日志<br/>    		s1 = Select(browser.find_element_by_xpath(&#x27;//*[@id=&quot;Select1&quot;]&#x27;))<br/>    		s1.select_by_visible_text(&#x27;2/&#x27;+str(page2))<br/>    		time.sleep(1.5)<br/>    		info2 = browser.find_element_by_xpath(&#x27;//*[@id=&quot;datearea0&quot;]&#x27;).text<br/>    		# print(info2)<br/>    <br/>    		try:<br/>    			assert info1 != info2<br/>    			rail_pass(test_run_id, test_id)<br/>    		except:<br/>    			# 当没有安全日志时，需要去出发安全<br/>    			# INTERFACE DOWN UP日志<br/>    			rail_fail(test_run_id, test_id)<br/>    			assert info1 != info2<br/>    	except Exception as err:<br/>    		# 如果上面的步骤有报错，重新设备，恢复配置<br/>    		print(err)<br/>    		# reload(hostip=dev1)<br/>    		rail_fail(test_run_id, test_id)<br/>&gt;   		assert False<br/><span class="error">E     assert False</span><br/><br/>test_case\scg\scg_LOG\test_c142905.py:57: AssertionError<br/></div></td></tr></tbody>
      <tbody class="failed results-table-row">
        <tr>
          <td class="col-result">Failed</td>
          <td class="col-time">2020-03-07 03:42:19.724899</td>
          <td class="col-name">test_case/scg/scg_LOG/test_c142958.py::test_c142958</td>
          <td>None</td>
          <td class="col-duration">80.67</td></tr>
        <tr>
          <td class="extra" colspan="5">
            <div class="log">browser = &lt;selenium.webdriver.chrome.webdriver.WebDriver (session=&quot;6208bca0fb13e85c42052894530ba335&quot;)&gt;<br/><br/>    def test_c142958(browser):<br/>    	try:<br/>    		login_web(browser, url=dev1)<br/>    <br/>    		add_ftp_server_jyl(browser, status=&quot;enable&quot;, server_name=&quot;ftp_server_jia_1&quot;, ftp_server_name=&quot;192.165.12.8&quot;,<br/>    						   path=&quot;jia&quot;, user=&quot;user&quot;, password=&quot;123456&quot;, format=&quot;syslog&quot;, time=&quot;yes&quot;, time_num=&quot;1450&quot;,<br/>    						   save=&quot;yes&quot;)<br/>    <br/>&gt;   		alert = browser.switch_to_alert()<br/><br/>test_case\scg\scg_LOG\test_c142958.py:27: <br/>_ _ _ _ _ _ _ _ _ _ _ _ _ _ _ _ _ _ _ _ _ _ _ _ _ _ _ _ _ _ _ _ _ _ _ _ _ _ _ _<br/><br/>self = &lt;selenium.webdriver.chrome.webdriver.WebDriver (session=&quot;6208bca0fb13e85c42052894530ba335&quot;)&gt;<br/><br/>    def switch_to_alert(self):<br/>        &quot;&quot;&quot; Deprecated use driver.switch_to.alert<br/>            &quot;&quot;&quot;<br/>        warnings.warn(&quot;use driver.switch_to.alert instead&quot;, DeprecationWarning)<br/>&gt;       return self._switch_to.alert<br/><br/>..\..\AppData\Local\Programs\Python\Python37\lib\site-packages\selenium\webdriver\remote\webdriver.py:797: <br/>_ _ _ _ _ _ _ _ _ _ _ _ _ _ _ _ _ _ _ _ _ _ _ _ _ _ _ _ _ _ _ _ _ _ _ _ _ _ _ _<br/><br/>self = &lt;selenium.webdriver.remote.switch_to.SwitchTo object at 0x000000000FB4F1D0&gt;<br/><br/>    @property<br/>    def alert(self):<br/>        &quot;&quot;&quot;<br/>            Switches focus to an alert on the page.<br/>    <br/>            :Usage:<br/>                alert = driver.switch_to.alert<br/>            &quot;&quot;&quot;<br/>        alert = Alert(self._driver)<br/>&gt;       alert.text<br/><br/>..\..\AppData\Local\Programs\Python\Python37\lib\site-packages\selenium\webdriver\remote\switch_to.py:55: <br/>_ _ _ _ _ _ _ _ _ _ _ _ _ _ _ _ _ _ _ _ _ _ _ _ _ _ _ _ _ _ _ _ _ _ _ _ _ _ _ _<br/><br/>self = &lt;selenium.webdriver.common.alert.Alert object at 0x000000001031B588&gt;<br/><br/>    @property<br/>    def text(self):<br/>        &quot;&quot;&quot;<br/>            Gets the text of the Alert.<br/>            &quot;&quot;&quot;<br/>        if self.driver.w3c:<br/>            return self.driver.execute(Command.W3C_GET_ALERT_TEXT)[&quot;value&quot;]<br/>        else:<br/>&gt;           return self.driver.execute(Command.GET_ALERT_TEXT)[&quot;value&quot;]<br/><br/>..\..\AppData\Local\Programs\Python\Python37\lib\site-packages\selenium\webdriver\common\alert.py:69: <br/>_ _ _ _ _ _ _ _ _ _ _ _ _ _ _ _ _ _ _ _ _ _ _ _ _ _ _ _ _ _ _ _ _ _ _ _ _ _ _ _<br/><br/>self = &lt;selenium.webdriver.chrome.webdriver.WebDriver (session=&quot;6208bca0fb13e85c42052894530ba335&quot;)&gt;<br/>driver_command = &#x27;getAlertText&#x27;<br/>params = {&#x27;sessionId&#x27;: &#x27;6208bca0fb13e85c42052894530ba335&#x27;}<br/><br/>    def execute(self, driver_command, params=None):<br/>        &quot;&quot;&quot;<br/>            Sends a command to be executed by a command.CommandExecutor.<br/>    <br/>            :Args:<br/>             - driver_command: The name of the command to execute as a string.<br/>             - params: A dictionary of named parameters to send with the command.<br/>    <br/>            :Returns:<br/>              The command&#x27;s JSON response loaded into a dictionary object.<br/>            &quot;&quot;&quot;<br/>        if self.session_id is not None:<br/>            if not params:<br/>                params = {&#x27;sessionId&#x27;: self.session_id}<br/>            elif &#x27;sessionId&#x27; not in params:<br/>                params[&#x27;sessionId&#x27;] = self.session_id<br/>    <br/>        params = self._wrap_value(params)<br/>        response = self.command_executor.execute(driver_command, params)<br/>        if response:<br/>&gt;           self.error_handler.check_response(response)<br/><br/>..\..\AppData\Local\Programs\Python\Python37\lib\site-packages\selenium\webdriver\remote\webdriver.py:320: <br/>_ _ _ _ _ _ _ _ _ _ _ _ _ _ _ _ _ _ _ _ _ _ _ _ _ _ _ _ _ _ _ _ _ _ _ _ _ _ _ _<br/><br/>self = &lt;selenium.webdriver.remote.errorhandler.ErrorHandler object at 0x000000000FB4F668&gt;<br/>response = {&#x27;sessionId&#x27;: &#x27;6208bca0fb13e85c42052894530ba335&#x27;, &#x27;status&#x27;: 27, &#x27;value&#x27;: {&#x27;message&#x27;: &#x27;no such alert\n  (Session info: ...r info: chromedriver=2.41.578737 (49da6702b16031c40d63e5618de03a32ff6c197e),platform=Windows NT 6.1.7601 SP1 x86_64)&#x27;}}<br/><br/>    def check_response(self, response):<br/>        &quot;&quot;&quot;<br/>            Checks that a JSON response from the WebDriver does not have an error.<br/>    <br/>            :Args:<br/>             - response - The JSON response from the WebDriver server as a dictionary<br/>               object.<br/>    <br/>            :Raises: If the response contains an error message.<br/>            &quot;&quot;&quot;<br/>        status = response.get(&#x27;status&#x27;, None)<br/>        if status is None or status == ErrorCode.SUCCESS:<br/>            return<br/>        value = None<br/>        message = response.get(&quot;message&quot;, &quot;&quot;)<br/>        screen = response.get(&quot;screen&quot;, &quot;&quot;)<br/>        stacktrace = None<br/>        if isinstance(status, int):<br/>            value_json = response.get(&#x27;value&#x27;, None)<br/>            if value_json and isinstance(value_json, basestring):<br/>                import json<br/>                try:<br/>                    value = json.loads(value_json)<br/>                    if len(value.keys()) == 1:<br/>                        value = value[&#x27;value&#x27;]<br/>                    status = value.get(&#x27;error&#x27;, None)<br/>                    if status is None:<br/>                        status = value[&quot;status&quot;]<br/>                        message = value[&quot;value&quot;]<br/>                        if not isinstance(message, basestring):<br/>                            value = message<br/>                            message = message.get(&#x27;message&#x27;)<br/>                    else:<br/>                        message = value.get(&#x27;message&#x27;, None)<br/>                except ValueError:<br/>                    pass<br/>    <br/>        exception_class = ErrorInResponseException<br/>        if status in ErrorCode.NO_SUCH_ELEMENT:<br/>            exception_class = NoSuchElementException<br/>        elif status in ErrorCode.NO_SUCH_FRAME:<br/>            exception_class = NoSuchFrameException<br/>        elif status in ErrorCode.NO_SUCH_WINDOW:<br/>            exception_class = NoSuchWindowException<br/>        elif status in ErrorCode.STALE_ELEMENT_REFERENCE:<br/>            exception_class = StaleElementReferenceException<br/>        elif status in ErrorCode.ELEMENT_NOT_VISIBLE:<br/>            exception_class = ElementNotVisibleException<br/>        elif status in ErrorCode.INVALID_ELEMENT_STATE:<br/>            exception_class = InvalidElementStateException<br/>        elif status in ErrorCode.INVALID_SELECTOR \<br/>                or status in ErrorCode.INVALID_XPATH_SELECTOR \<br/>                or status in ErrorCode.INVALID_XPATH_SELECTOR_RETURN_TYPER:<br/>            exception_class = InvalidSelectorException<br/>        elif status in ErrorCode.ELEMENT_IS_NOT_SELECTABLE:<br/>            exception_class = ElementNotSelectableException<br/>        elif status in ErrorCode.ELEMENT_NOT_INTERACTABLE:<br/>            exception_class = ElementNotInteractableException<br/>        elif status in ErrorCode.INVALID_COOKIE_DOMAIN:<br/>            exception_class = InvalidCookieDomainException<br/>        elif status in ErrorCode.UNABLE_TO_SET_COOKIE:<br/>            exception_class = UnableToSetCookieException<br/>        elif status in ErrorCode.TIMEOUT:<br/>            exception_class = TimeoutException<br/>        elif status in ErrorCode.SCRIPT_TIMEOUT:<br/>            exception_class = TimeoutException<br/>        elif status in ErrorCode.UNKNOWN_ERROR:<br/>            exception_class = WebDriverException<br/>        elif status in ErrorCode.UNEXPECTED_ALERT_OPEN:<br/>            exception_class = UnexpectedAlertPresentException<br/>        elif status in ErrorCode.NO_ALERT_OPEN:<br/>            exception_class = NoAlertPresentException<br/>        elif status in ErrorCode.IME_NOT_AVAILABLE:<br/>            exception_class = ImeNotAvailableException<br/>        elif status in ErrorCode.IME_ENGINE_ACTIVATION_FAILED:<br/>            exception_class = ImeActivationFailedException<br/>        elif status in ErrorCode.MOVE_TARGET_OUT_OF_BOUNDS:<br/>            exception_class = MoveTargetOutOfBoundsException<br/>        elif status in ErrorCode.JAVASCRIPT_ERROR:<br/>            exception_class = JavascriptException<br/>        elif status in ErrorCode.SESSION_NOT_CREATED:<br/>            exception_class = SessionNotCreatedException<br/>        elif status in ErrorCode.INVALID_ARGUMENT:<br/>            exception_class = InvalidArgumentException<br/>        elif status in ErrorCode.NO_SUCH_COOKIE:<br/>            exception_class = NoSuchCookieException<br/>        elif status in ErrorCode.UNABLE_TO_CAPTURE_SCREEN:<br/>            exception_class = ScreenshotException<br/>        elif status in ErrorCode.ELEMENT_CLICK_INTERCEPTED:<br/>            exception_class = ElementClickInterceptedException<br/>        elif status in ErrorCode.INSECURE_CERTIFICATE:<br/>            exception_class = InsecureCertificateException<br/>        elif status in ErrorCode.INVALID_COORDINATES:<br/>            exception_class = InvalidCoordinatesException<br/>        elif status in ErrorCode.INVALID_SESSION_ID:<br/>            exception_class = InvalidSessionIdException<br/>        elif status in ErrorCode.UNKNOWN_METHOD:<br/>            exception_class = UnknownMethodException<br/>        else:<br/>            exception_class = WebDriverException<br/>        if value == &#x27;&#x27; or value is None:<br/>            value = response[&#x27;value&#x27;]<br/>        if isinstance(value, basestring):<br/>            if exception_class == ErrorInResponseException:<br/>                raise exception_class(response, value)<br/>            raise exception_class(value)<br/>        if message == &quot;&quot; and &#x27;message&#x27; in value:<br/>            message = value[&#x27;message&#x27;]<br/>    <br/>        screen = None<br/>        if &#x27;screen&#x27; in value:<br/>            screen = value[&#x27;screen&#x27;]<br/>    <br/>        stacktrace = None<br/>        if &#x27;stackTrace&#x27; in value and value[&#x27;stackTrace&#x27;]:<br/>            stacktrace = []<br/>            try:<br/>                for frame in value[&#x27;stackTrace&#x27;]:<br/>                    line = self._value_or_default(frame, &#x27;lineNumber&#x27;, &#x27;&#x27;)<br/>                    file = self._value_or_default(frame, &#x27;fileName&#x27;, &#x27;&lt;anonymous&gt;&#x27;)<br/>                    if line:<br/>                        file = &quot;%s:%s&quot; % (file, line)<br/>                    meth = self._value_or_default(frame, &#x27;methodName&#x27;, &#x27;&lt;anonymous&gt;&#x27;)<br/>                    if &#x27;className&#x27; in frame:<br/>                        meth = &quot;%s.%s&quot; % (frame[&#x27;className&#x27;], meth)<br/>                    msg = &quot;    at %s (%s)&quot;<br/>                    msg = msg % (meth, file)<br/>                    stacktrace.append(msg)<br/>            except TypeError:<br/>                pass<br/>        if exception_class == ErrorInResponseException:<br/>            raise exception_class(response, message)<br/>        elif exception_class == UnexpectedAlertPresentException:<br/>            alert_text = None<br/>            if &#x27;data&#x27; in value:<br/>                alert_text = value[&#x27;data&#x27;].get(&#x27;text&#x27;)<br/>            elif &#x27;alert&#x27; in value:<br/>                alert_text = value[&#x27;alert&#x27;].get(&#x27;text&#x27;)<br/>            raise exception_class(message, screen, stacktrace, alert_text)<br/>&gt;       raise exception_class(message, screen, stacktrace)<br/><span class="error">E       selenium.common.exceptions.NoAlertPresentException: Message: no such alert</span><br/><span class="error">E         (Session info: chrome=80.0.3987.122)</span><br/><span class="error">E         (Driver info: chromedriver=2.41.578737 (49da6702b16031c40d63e5618de03a32ff6c197e),platform=Windows NT 6.1.7601 SP1 x86_64)</span><br/><br/>..\..\AppData\Local\Programs\Python\Python37\lib\site-packages\selenium\webdriver\remote\errorhandler.py:242: NoAlertPresentException<br/><br/>During handling of the above exception, another exception occurred:<br/><br/>browser = &lt;selenium.webdriver.chrome.webdriver.WebDriver (session=&quot;6208bca0fb13e85c42052894530ba335&quot;)&gt;<br/><br/>    def test_c142958(browser):<br/>    	try:<br/>    		login_web(browser, url=dev1)<br/>    <br/>    		add_ftp_server_jyl(browser, status=&quot;enable&quot;, server_name=&quot;ftp_server_jia_1&quot;, ftp_server_name=&quot;192.165.12.8&quot;,<br/>    						   path=&quot;jia&quot;, user=&quot;user&quot;, password=&quot;123456&quot;, format=&quot;syslog&quot;, time=&quot;yes&quot;, time_num=&quot;1450&quot;,<br/>    						   save=&quot;yes&quot;)<br/>    <br/>    		alert = browser.switch_to_alert()<br/>    		print(alert.text)<br/>    		web_info1 = alert.text<br/>    		# print(web_info1)<br/>    		# 接受告警<br/>    		browser.switch_to_alert().accept()<br/>    <br/>    		try:<br/>    			assert &quot;输入数字错误&quot; in web_info1<br/>    			rail_pass(test_run_id, test_id)<br/>    		except:<br/>    			rail_fail(test_run_id, test_id)<br/>    			assert &quot;输入数字错误&quot; in web_info1<br/>    	except Exception as err:<br/>    		# 如果上面的步骤有报错，重新设备，恢复配置<br/>    		print(err)<br/>    		reload(hostip=dev1)<br/>    		rail_fail(test_run_id, test_id)<br/>&gt;   		assert False<br/><span class="error">E     assert False</span><br/><br/>test_case\scg\scg_LOG\test_c142958.py:45: AssertionError<br/></div></td></tr></tbody>
      <tbody class="failed results-table-row">
        <tr>
          <td class="col-result">Failed</td>
          <td class="col-time">2020-03-07 03:45:35.889119</td>
          <td class="col-name">test_case/scg/scg_LOG/test_c142960.py::test_c142960</td>
          <td>None</td>
          <td class="col-duration">80.42</td></tr>
        <tr>
          <td class="extra" colspan="5">
            <div class="log">browser = &lt;selenium.webdriver.chrome.webdriver.WebDriver (session=&quot;6208bca0fb13e85c42052894530ba335&quot;)&gt;<br/><br/>    def test_c142960(browser):<br/>    	try:<br/>    		login_web(browser, url=dev1)<br/>    		add_log_server_jyl(browser, status=&quot;enable&quot;, server_name=&quot;log_server_jia_1&quot;, ip=&quot;192.165.12.3&quot;, port=&quot;65536&quot;,<br/>    						   format=&quot;syslog&quot;, protocol=&quot;tcp&quot;, charset=&quot;UTF-8&quot;, save=&quot;yes&quot;)<br/>&gt;   		alert = browser.switch_to_alert()<br/><br/>test_case\scg\scg_LOG\test_c142960.py:24: <br/>_ _ _ _ _ _ _ _ _ _ _ _ _ _ _ _ _ _ _ _ _ _ _ _ _ _ _ _ _ _ _ _ _ _ _ _ _ _ _ _<br/><br/>self = &lt;selenium.webdriver.chrome.webdriver.WebDriver (session=&quot;6208bca0fb13e85c42052894530ba335&quot;)&gt;<br/><br/>    def switch_to_alert(self):<br/>        &quot;&quot;&quot; Deprecated use driver.switch_to.alert<br/>            &quot;&quot;&quot;<br/>        warnings.warn(&quot;use driver.switch_to.alert instead&quot;, DeprecationWarning)<br/>&gt;       return self._switch_to.alert<br/><br/>..\..\AppData\Local\Programs\Python\Python37\lib\site-packages\selenium\webdriver\remote\webdriver.py:797: <br/>_ _ _ _ _ _ _ _ _ _ _ _ _ _ _ _ _ _ _ _ _ _ _ _ _ _ _ _ _ _ _ _ _ _ _ _ _ _ _ _<br/><br/>self = &lt;selenium.webdriver.remote.switch_to.SwitchTo object at 0x000000000FB4F1D0&gt;<br/><br/>    @property<br/>    def alert(self):<br/>        &quot;&quot;&quot;<br/>            Switches focus to an alert on the page.<br/>    <br/>            :Usage:<br/>                alert = driver.switch_to.alert<br/>            &quot;&quot;&quot;<br/>        alert = Alert(self._driver)<br/>&gt;       alert.text<br/><br/>..\..\AppData\Local\Programs\Python\Python37\lib\site-packages\selenium\webdriver\remote\switch_to.py:55: <br/>_ _ _ _ _ _ _ _ _ _ _ _ _ _ _ _ _ _ _ _ _ _ _ _ _ _ _ _ _ _ _ _ _ _ _ _ _ _ _ _<br/><br/>self = &lt;selenium.webdriver.common.alert.Alert object at 0x000000000FE30160&gt;<br/><br/>    @property<br/>    def text(self):<br/>        &quot;&quot;&quot;<br/>            Gets the text of the Alert.<br/>            &quot;&quot;&quot;<br/>        if self.driver.w3c:<br/>            return self.driver.execute(Command.W3C_GET_ALERT_TEXT)[&quot;value&quot;]<br/>        else:<br/>&gt;           return self.driver.execute(Command.GET_ALERT_TEXT)[&quot;value&quot;]<br/><br/>..\..\AppData\Local\Programs\Python\Python37\lib\site-packages\selenium\webdriver\common\alert.py:69: <br/>_ _ _ _ _ _ _ _ _ _ _ _ _ _ _ _ _ _ _ _ _ _ _ _ _ _ _ _ _ _ _ _ _ _ _ _ _ _ _ _<br/><br/>self = &lt;selenium.webdriver.chrome.webdriver.WebDriver (session=&quot;6208bca0fb13e85c42052894530ba335&quot;)&gt;<br/>driver_command = &#x27;getAlertText&#x27;<br/>params = {&#x27;sessionId&#x27;: &#x27;6208bca0fb13e85c42052894530ba335&#x27;}<br/><br/>    def execute(self, driver_command, params=None):<br/>        &quot;&quot;&quot;<br/>            Sends a command to be executed by a command.CommandExecutor.<br/>    <br/>            :Args:<br/>             - driver_command: The name of the command to execute as a string.<br/>             - params: A dictionary of named parameters to send with the command.<br/>    <br/>            :Returns:<br/>              The command&#x27;s JSON response loaded into a dictionary object.<br/>            &quot;&quot;&quot;<br/>        if self.session_id is not None:<br/>            if not params:<br/>                params = {&#x27;sessionId&#x27;: self.session_id}<br/>            elif &#x27;sessionId&#x27; not in params:<br/>                params[&#x27;sessionId&#x27;] = self.session_id<br/>    <br/>        params = self._wrap_value(params)<br/>        response = self.command_executor.execute(driver_command, params)<br/>        if response:<br/>&gt;           self.error_handler.check_response(response)<br/><br/>..\..\AppData\Local\Programs\Python\Python37\lib\site-packages\selenium\webdriver\remote\webdriver.py:320: <br/>_ _ _ _ _ _ _ _ _ _ _ _ _ _ _ _ _ _ _ _ _ _ _ _ _ _ _ _ _ _ _ _ _ _ _ _ _ _ _ _<br/><br/>self = &lt;selenium.webdriver.remote.errorhandler.ErrorHandler object at 0x000000000FB4F668&gt;<br/>response = {&#x27;sessionId&#x27;: &#x27;6208bca0fb13e85c42052894530ba335&#x27;, &#x27;status&#x27;: 27, &#x27;value&#x27;: {&#x27;message&#x27;: &#x27;no such alert\n  (Session info: ...r info: chromedriver=2.41.578737 (49da6702b16031c40d63e5618de03a32ff6c197e),platform=Windows NT 6.1.7601 SP1 x86_64)&#x27;}}<br/><br/>    def check_response(self, response):<br/>        &quot;&quot;&quot;<br/>            Checks that a JSON response from the WebDriver does not have an error.<br/>    <br/>            :Args:<br/>             - response - The JSON response from the WebDriver server as a dictionary<br/>               object.<br/>    <br/>            :Raises: If the response contains an error message.<br/>            &quot;&quot;&quot;<br/>        status = response.get(&#x27;status&#x27;, None)<br/>        if status is None or status == ErrorCode.SUCCESS:<br/>            return<br/>        value = None<br/>        message = response.get(&quot;message&quot;, &quot;&quot;)<br/>        screen = response.get(&quot;screen&quot;, &quot;&quot;)<br/>        stacktrace = None<br/>        if isinstance(status, int):<br/>            value_json = response.get(&#x27;value&#x27;, None)<br/>            if value_json and isinstance(value_json, basestring):<br/>                import json<br/>                try:<br/>                    value = json.loads(value_json)<br/>                    if len(value.keys()) == 1:<br/>                        value = value[&#x27;value&#x27;]<br/>                    status = value.get(&#x27;error&#x27;, None)<br/>                    if status is None:<br/>                        status = value[&quot;status&quot;]<br/>                        message = value[&quot;value&quot;]<br/>                        if not isinstance(message, basestring):<br/>                            value = message<br/>                            message = message.get(&#x27;message&#x27;)<br/>                    else:<br/>                        message = value.get(&#x27;message&#x27;, None)<br/>                except ValueError:<br/>                    pass<br/>    <br/>        exception_class = ErrorInResponseException<br/>        if status in ErrorCode.NO_SUCH_ELEMENT:<br/>            exception_class = NoSuchElementException<br/>        elif status in ErrorCode.NO_SUCH_FRAME:<br/>            exception_class = NoSuchFrameException<br/>        elif status in ErrorCode.NO_SUCH_WINDOW:<br/>            exception_class = NoSuchWindowException<br/>        elif status in ErrorCode.STALE_ELEMENT_REFERENCE:<br/>            exception_class = StaleElementReferenceException<br/>        elif status in ErrorCode.ELEMENT_NOT_VISIBLE:<br/>            exception_class = ElementNotVisibleException<br/>        elif status in ErrorCode.INVALID_ELEMENT_STATE:<br/>            exception_class = InvalidElementStateException<br/>        elif status in ErrorCode.INVALID_SELECTOR \<br/>                or status in ErrorCode.INVALID_XPATH_SELECTOR \<br/>                or status in ErrorCode.INVALID_XPATH_SELECTOR_RETURN_TYPER:<br/>            exception_class = InvalidSelectorException<br/>        elif status in ErrorCode.ELEMENT_IS_NOT_SELECTABLE:<br/>            exception_class = ElementNotSelectableException<br/>        elif status in ErrorCode.ELEMENT_NOT_INTERACTABLE:<br/>            exception_class = ElementNotInteractableException<br/>        elif status in ErrorCode.INVALID_COOKIE_DOMAIN:<br/>            exception_class = InvalidCookieDomainException<br/>        elif status in ErrorCode.UNABLE_TO_SET_COOKIE:<br/>            exception_class = UnableToSetCookieException<br/>        elif status in ErrorCode.TIMEOUT:<br/>            exception_class = TimeoutException<br/>        elif status in ErrorCode.SCRIPT_TIMEOUT:<br/>            exception_class = TimeoutException<br/>        elif status in ErrorCode.UNKNOWN_ERROR:<br/>            exception_class = WebDriverException<br/>        elif status in ErrorCode.UNEXPECTED_ALERT_OPEN:<br/>            exception_class = UnexpectedAlertPresentException<br/>        elif status in ErrorCode.NO_ALERT_OPEN:<br/>            exception_class = NoAlertPresentException<br/>        elif status in ErrorCode.IME_NOT_AVAILABLE:<br/>            exception_class = ImeNotAvailableException<br/>        elif status in ErrorCode.IME_ENGINE_ACTIVATION_FAILED:<br/>            exception_class = ImeActivationFailedException<br/>        elif status in ErrorCode.MOVE_TARGET_OUT_OF_BOUNDS:<br/>            exception_class = MoveTargetOutOfBoundsException<br/>        elif status in ErrorCode.JAVASCRIPT_ERROR:<br/>            exception_class = JavascriptException<br/>        elif status in ErrorCode.SESSION_NOT_CREATED:<br/>            exception_class = SessionNotCreatedException<br/>        elif status in ErrorCode.INVALID_ARGUMENT:<br/>            exception_class = InvalidArgumentException<br/>        elif status in ErrorCode.NO_SUCH_COOKIE:<br/>            exception_class = NoSuchCookieException<br/>        elif status in ErrorCode.UNABLE_TO_CAPTURE_SCREEN:<br/>            exception_class = ScreenshotException<br/>        elif status in ErrorCode.ELEMENT_CLICK_INTERCEPTED:<br/>            exception_class = ElementClickInterceptedException<br/>        elif status in ErrorCode.INSECURE_CERTIFICATE:<br/>            exception_class = InsecureCertificateException<br/>        elif status in ErrorCode.INVALID_COORDINATES:<br/>            exception_class = InvalidCoordinatesException<br/>        elif status in ErrorCode.INVALID_SESSION_ID:<br/>            exception_class = InvalidSessionIdException<br/>        elif status in ErrorCode.UNKNOWN_METHOD:<br/>            exception_class = UnknownMethodException<br/>        else:<br/>            exception_class = WebDriverException<br/>        if value == &#x27;&#x27; or value is None:<br/>            value = response[&#x27;value&#x27;]<br/>        if isinstance(value, basestring):<br/>            if exception_class == ErrorInResponseException:<br/>                raise exception_class(response, value)<br/>            raise exception_class(value)<br/>        if message == &quot;&quot; and &#x27;message&#x27; in value:<br/>            message = value[&#x27;message&#x27;]<br/>    <br/>        screen = None<br/>        if &#x27;screen&#x27; in value:<br/>            screen = value[&#x27;screen&#x27;]<br/>    <br/>        stacktrace = None<br/>        if &#x27;stackTrace&#x27; in value and value[&#x27;stackTrace&#x27;]:<br/>            stacktrace = []<br/>            try:<br/>                for frame in value[&#x27;stackTrace&#x27;]:<br/>                    line = self._value_or_default(frame, &#x27;lineNumber&#x27;, &#x27;&#x27;)<br/>                    file = self._value_or_default(frame, &#x27;fileName&#x27;, &#x27;&lt;anonymous&gt;&#x27;)<br/>                    if line:<br/>                        file = &quot;%s:%s&quot; % (file, line)<br/>                    meth = self._value_or_default(frame, &#x27;methodName&#x27;, &#x27;&lt;anonymous&gt;&#x27;)<br/>                    if &#x27;className&#x27; in frame:<br/>                        meth = &quot;%s.%s&quot; % (frame[&#x27;className&#x27;], meth)<br/>                    msg = &quot;    at %s (%s)&quot;<br/>                    msg = msg % (meth, file)<br/>                    stacktrace.append(msg)<br/>            except TypeError:<br/>                pass<br/>        if exception_class == ErrorInResponseException:<br/>            raise exception_class(response, message)<br/>        elif exception_class == UnexpectedAlertPresentException:<br/>            alert_text = None<br/>            if &#x27;data&#x27; in value:<br/>                alert_text = value[&#x27;data&#x27;].get(&#x27;text&#x27;)<br/>            elif &#x27;alert&#x27; in value:<br/>                alert_text = value[&#x27;alert&#x27;].get(&#x27;text&#x27;)<br/>            raise exception_class(message, screen, stacktrace, alert_text)<br/>&gt;       raise exception_class(message, screen, stacktrace)<br/><span class="error">E       selenium.common.exceptions.NoAlertPresentException: Message: no such alert</span><br/><span class="error">E         (Session info: chrome=80.0.3987.122)</span><br/><span class="error">E         (Driver info: chromedriver=2.41.578737 (49da6702b16031c40d63e5618de03a32ff6c197e),platform=Windows NT 6.1.7601 SP1 x86_64)</span><br/><br/>..\..\AppData\Local\Programs\Python\Python37\lib\site-packages\selenium\webdriver\remote\errorhandler.py:242: NoAlertPresentException<br/><br/>During handling of the above exception, another exception occurred:<br/><br/>browser = &lt;selenium.webdriver.chrome.webdriver.WebDriver (session=&quot;6208bca0fb13e85c42052894530ba335&quot;)&gt;<br/><br/>    def test_c142960(browser):<br/>    	try:<br/>    		login_web(browser, url=dev1)<br/>    		add_log_server_jyl(browser, status=&quot;enable&quot;, server_name=&quot;log_server_jia_1&quot;, ip=&quot;192.165.12.3&quot;, port=&quot;65536&quot;,<br/>    						   format=&quot;syslog&quot;, protocol=&quot;tcp&quot;, charset=&quot;UTF-8&quot;, save=&quot;yes&quot;)<br/>    		alert = browser.switch_to_alert()<br/>    		print(alert.text)<br/>    		web_info1 = alert.text<br/>    		print(web_info1)<br/>    		# 接受告警<br/>    		browser.switch_to_alert().accept()<br/>    <br/>    		try:<br/>    			assert &quot;端口输入错误&quot; in web_info1<br/>    			rail_pass(test_run_id, test_id)<br/>    		except:<br/>    			rail_fail(test_run_id, test_id)<br/>    			assert &quot;端口输入错误&quot; in web_info1<br/>    	except Exception as err:<br/>    		# 如果上面的步骤有报错，重新设备，恢复配置<br/>    		print(err)<br/>    		reload(hostip=dev1)<br/>    		rail_fail(test_run_id, test_id)<br/>&gt;   		assert False<br/><span class="error">E     assert False</span><br/><br/>test_case\scg\scg_LOG\test_c142960.py:42: AssertionError<br/></div></td></tr></tbody>
      <tbody class="rerun results-table-row">
        <tr>
          <td class="col-result">Rerun</td>
          <td class="col-time">2020-03-07 02:58:45.654382</td>
          <td class="col-name">test_case/scg/scg_LOG/test_c142884.py::test_c142884</td>
          <td>None</td>
          <td class="col-duration">11.46</td></tr>
        <tr>
          <td class="extra" colspan="5">
            <div class="log">browser = &lt;selenium.webdriver.chrome.webdriver.WebDriver (session=&quot;6208bca0fb13e85c42052894530ba335&quot;)&gt;<br/><br/>    def test_c142884(browser):<br/>    	try:<br/>    		login_web(browser, url=dev1)<br/>    <br/>&gt;   		get_log(browser, 系统日志)<br/><br/>test_case\scg\scg_LOG\test_c142884.py:22: <br/>_ _ _ _ _ _ _ _ _ _ _ _ _ _ _ _ _ _ _ _ _ _ _ _ _ _ _ _ _ _ _ _ _ _ _ _ _ _ _ _<br/><br/>browser = &lt;selenium.webdriver.chrome.webdriver.WebDriver (session=&quot;6208bca0fb13e85c42052894530ba335&quot;)&gt;<br/>log_type = &#x27;log_record_system&#x27;<br/><br/>    def get_log(browser, log_type):<br/>    	# browser.switch_to.default_content()<br/>    	# browser.switch_to.frame(&quot;lefttree&quot;)<br/>    	# browser.find_element_by_xpath(日志).click()<br/>    	# time.sleep(5)<br/>    	# if not browser.find_element_by_xpath(&#x27;//*[text()=&quot;日志记录&quot;]/../ul&#x27;).is_displayed():<br/>    	# 	# 如果不可见，点击加号，展开元素<br/>    	# 	browser.find_element_by_xpath(日志记录).click()<br/>    	# browser.find_element_by_xpath(log_type).click()<br/>    	# time.sleep(3)<br/>    	# browser.switch_to.default_content()<br/>    	# browser.switch_to.frame(&quot;content&quot;)<br/>    	into_fun(browser, log_type)<br/>    	max1 = 0<br/>    	while True:<br/>    		if log_type == 管理日志:<br/>    			time.sleep(1)<br/>    			info_x = browser.find_element_by_xpath(&#x27;//*[@id=&quot;log_record_admin_table&quot;]/tbody/tr[2]/td[1]&#x27;).text<br/>    			if info_x == &quot;1&quot;:<br/>    				loginfo = browser.find_element_by_xpath(&#x27;//*[@id=&quot;namearea0&quot;]&#x27;).text<br/>    				return loginfo<br/>    <br/>    			elif max1 &gt; 10:<br/>    				return &quot;界面加载失败&quot;<br/>    			else:<br/>    				time.sleep(2)<br/>    				max1 += 1<br/>    		elif log_type == 系统日志:<br/>    			time.sleep(1)<br/>&gt;   			info_x = browser.find_element_by_xpath(&#x27;//*[@id=&quot;log_record_system_table&quot;]/tbody/tr[2]/td[1]&#x27;).text<br/><br/>page_obj\scg\scg_def_log.py:38: <br/>_ _ _ _ _ _ _ _ _ _ _ _ _ _ _ _ _ _ _ _ _ _ _ _ _ _ _ _ _ _ _ _ _ _ _ _ _ _ _ _<br/><br/>self = &lt;selenium.webdriver.chrome.webdriver.WebDriver (session=&quot;6208bca0fb13e85c42052894530ba335&quot;)&gt;<br/>xpath = &#x27;//*[@id=&quot;log_record_system_table&quot;]/tbody/tr[2]/td[1]&#x27;<br/><br/>    def find_element_by_xpath(self, xpath):<br/>        &quot;&quot;&quot;<br/>            Finds an element by xpath.<br/>    <br/>            :Args:<br/>             - xpath - The xpath locator of the element to find.<br/>    <br/>            :Returns:<br/>             - WebElement - the element if it was found<br/>    <br/>            :Raises:<br/>             - NoSuchElementException - if the element wasn&#x27;t found<br/>    <br/>            :Usage:<br/>                element = driver.find_element_by_xpath(&#x27;//div/td[1]&#x27;)<br/>            &quot;&quot;&quot;<br/>&gt;       return self.find_element(by=By.XPATH, value=xpath)<br/><br/>..\..\AppData\Local\Programs\Python\Python37\lib\site-packages\selenium\webdriver\remote\webdriver.py:393: <br/>_ _ _ _ _ _ _ _ _ _ _ _ _ _ _ _ _ _ _ _ _ _ _ _ _ _ _ _ _ _ _ _ _ _ _ _ _ _ _ _<br/><br/>self = &lt;selenium.webdriver.chrome.webdriver.WebDriver (session=&quot;6208bca0fb13e85c42052894530ba335&quot;)&gt;<br/>by = &#x27;xpath&#x27;, value = &#x27;//*[@id=&quot;log_record_system_table&quot;]/tbody/tr[2]/td[1]&#x27;<br/><br/>    def find_element(self, by=By.ID, value=None):<br/>        &quot;&quot;&quot;<br/>            Find an element given a By strategy and locator. Prefer the find_element_by_* methods when<br/>            possible.<br/>    <br/>            :Usage:<br/>                element = driver.find_element(By.ID, &#x27;foo&#x27;)<br/>    <br/>            :rtype: WebElement<br/>            &quot;&quot;&quot;<br/>        if self.w3c:<br/>            if by == By.ID:<br/>                by = By.CSS_SELECTOR<br/>                value = &#x27;[id=&quot;%s&quot;]&#x27; % value<br/>            elif by == By.TAG_NAME:<br/>                by = By.CSS_SELECTOR<br/>            elif by == By.CLASS_NAME:<br/>                by = By.CSS_SELECTOR<br/>                value = &quot;.%s&quot; % value<br/>            elif by == By.NAME:<br/>                by = By.CSS_SELECTOR<br/>                value = &#x27;[name=&quot;%s&quot;]&#x27; % value<br/>        return self.execute(Command.FIND_ELEMENT, {<br/>            &#x27;using&#x27;: by,<br/>&gt;           &#x27;value&#x27;: value})[&#x27;value&#x27;]<br/><br/>..\..\AppData\Local\Programs\Python\Python37\lib\site-packages\selenium\webdriver\remote\webdriver.py:966: <br/>_ _ _ _ _ _ _ _ _ _ _ _ _ _ _ _ _ _ _ _ _ _ _ _ _ _ _ _ _ _ _ _ _ _ _ _ _ _ _ _<br/><br/>self = &lt;selenium.webdriver.chrome.webdriver.WebDriver (session=&quot;6208bca0fb13e85c42052894530ba335&quot;)&gt;<br/>driver_command = &#x27;findElement&#x27;<br/>params = {&#x27;sessionId&#x27;: &#x27;6208bca0fb13e85c42052894530ba335&#x27;, &#x27;using&#x27;: &#x27;xpath&#x27;, &#x27;value&#x27;: &#x27;//*[@id=&quot;log_record_system_table&quot;]/tbody/tr[2]/td[1]&#x27;}<br/><br/>    def execute(self, driver_command, params=None):<br/>        &quot;&quot;&quot;<br/>            Sends a command to be executed by a command.CommandExecutor.<br/>    <br/>            :Args:<br/>             - driver_command: The name of the command to execute as a string.<br/>             - params: A dictionary of named parameters to send with the command.<br/>    <br/>            :Returns:<br/>              The command&#x27;s JSON response loaded into a dictionary object.<br/>            &quot;&quot;&quot;<br/>        if self.session_id is not None:<br/>            if not params:<br/>                params = {&#x27;sessionId&#x27;: self.session_id}<br/>            elif &#x27;sessionId&#x27; not in params:<br/>                params[&#x27;sessionId&#x27;] = self.session_id<br/>    <br/>        params = self._wrap_value(params)<br/>        response = self.command_executor.execute(driver_command, params)<br/>        if response:<br/>&gt;           self.error_handler.check_response(response)<br/><br/>..\..\AppData\Local\Programs\Python\Python37\lib\site-packages\selenium\webdriver\remote\webdriver.py:320: <br/>_ _ _ _ _ _ _ _ _ _ _ _ _ _ _ _ _ _ _ _ _ _ _ _ _ _ _ _ _ _ _ _ _ _ _ _ _ _ _ _<br/><br/>self = &lt;selenium.webdriver.remote.errorhandler.ErrorHandler object at 0x000000000FB4F668&gt;<br/>response = {&#x27;sessionId&#x27;: &#x27;6208bca0fb13e85c42052894530ba335&#x27;, &#x27;status&#x27;: 7, &#x27;value&#x27;: {&#x27;message&#x27;: &#x27;no such element: Unable to locate...r info: chromedriver=2.41.578737 (49da6702b16031c40d63e5618de03a32ff6c197e),platform=Windows NT 6.1.7601 SP1 x86_64)&#x27;}}<br/><br/>    def check_response(self, response):<br/>        &quot;&quot;&quot;<br/>            Checks that a JSON response from the WebDriver does not have an error.<br/>    <br/>            :Args:<br/>             - response - The JSON response from the WebDriver server as a dictionary<br/>               object.<br/>    <br/>            :Raises: If the response contains an error message.<br/>            &quot;&quot;&quot;<br/>        status = response.get(&#x27;status&#x27;, None)<br/>        if status is None or status == ErrorCode.SUCCESS:<br/>            return<br/>        value = None<br/>        message = response.get(&quot;message&quot;, &quot;&quot;)<br/>        screen = response.get(&quot;screen&quot;, &quot;&quot;)<br/>        stacktrace = None<br/>        if isinstance(status, int):<br/>            value_json = response.get(&#x27;value&#x27;, None)<br/>            if value_json and isinstance(value_json, basestring):<br/>                import json<br/>                try:<br/>                    value = json.loads(value_json)<br/>                    if len(value.keys()) == 1:<br/>                        value = value[&#x27;value&#x27;]<br/>                    status = value.get(&#x27;error&#x27;, None)<br/>                    if status is None:<br/>                        status = value[&quot;status&quot;]<br/>                        message = value[&quot;value&quot;]<br/>                        if not isinstance(message, basestring):<br/>                            value = message<br/>                            message = message.get(&#x27;message&#x27;)<br/>                    else:<br/>                        message = value.get(&#x27;message&#x27;, None)<br/>                except ValueError:<br/>                    pass<br/>    <br/>        exception_class = ErrorInResponseException<br/>        if status in ErrorCode.NO_SUCH_ELEMENT:<br/>            exception_class = NoSuchElementException<br/>        elif status in ErrorCode.NO_SUCH_FRAME:<br/>            exception_class = NoSuchFrameException<br/>        elif status in ErrorCode.NO_SUCH_WINDOW:<br/>            exception_class = NoSuchWindowException<br/>        elif status in ErrorCode.STALE_ELEMENT_REFERENCE:<br/>            exception_class = StaleElementReferenceException<br/>        elif status in ErrorCode.ELEMENT_NOT_VISIBLE:<br/>            exception_class = ElementNotVisibleException<br/>        elif status in ErrorCode.INVALID_ELEMENT_STATE:<br/>            exception_class = InvalidElementStateException<br/>        elif status in ErrorCode.INVALID_SELECTOR \<br/>                or status in ErrorCode.INVALID_XPATH_SELECTOR \<br/>                or status in ErrorCode.INVALID_XPATH_SELECTOR_RETURN_TYPER:<br/>            exception_class = InvalidSelectorException<br/>        elif status in ErrorCode.ELEMENT_IS_NOT_SELECTABLE:<br/>            exception_class = ElementNotSelectableException<br/>        elif status in ErrorCode.ELEMENT_NOT_INTERACTABLE:<br/>            exception_class = ElementNotInteractableException<br/>        elif status in ErrorCode.INVALID_COOKIE_DOMAIN:<br/>            exception_class = InvalidCookieDomainException<br/>        elif status in ErrorCode.UNABLE_TO_SET_COOKIE:<br/>            exception_class = UnableToSetCookieException<br/>        elif status in ErrorCode.TIMEOUT:<br/>            exception_class = TimeoutException<br/>        elif status in ErrorCode.SCRIPT_TIMEOUT:<br/>            exception_class = TimeoutException<br/>        elif status in ErrorCode.UNKNOWN_ERROR:<br/>            exception_class = WebDriverException<br/>        elif status in ErrorCode.UNEXPECTED_ALERT_OPEN:<br/>            exception_class = UnexpectedAlertPresentException<br/>        elif status in ErrorCode.NO_ALERT_OPEN:<br/>            exception_class = NoAlertPresentException<br/>        elif status in ErrorCode.IME_NOT_AVAILABLE:<br/>            exception_class = ImeNotAvailableException<br/>        elif status in ErrorCode.IME_ENGINE_ACTIVATION_FAILED:<br/>            exception_class = ImeActivationFailedException<br/>        elif status in ErrorCode.MOVE_TARGET_OUT_OF_BOUNDS:<br/>            exception_class = MoveTargetOutOfBoundsException<br/>        elif status in ErrorCode.JAVASCRIPT_ERROR:<br/>            exception_class = JavascriptException<br/>        elif status in ErrorCode.SESSION_NOT_CREATED:<br/>            exception_class = SessionNotCreatedException<br/>        elif status in ErrorCode.INVALID_ARGUMENT:<br/>            exception_class = InvalidArgumentException<br/>        elif status in ErrorCode.NO_SUCH_COOKIE:<br/>            exception_class = NoSuchCookieException<br/>        elif status in ErrorCode.UNABLE_TO_CAPTURE_SCREEN:<br/>            exception_class = ScreenshotException<br/>        elif status in ErrorCode.ELEMENT_CLICK_INTERCEPTED:<br/>            exception_class = ElementClickInterceptedException<br/>        elif status in ErrorCode.INSECURE_CERTIFICATE:<br/>            exception_class = InsecureCertificateException<br/>        elif status in ErrorCode.INVALID_COORDINATES:<br/>            exception_class = InvalidCoordinatesException<br/>        elif status in ErrorCode.INVALID_SESSION_ID:<br/>            exception_class = InvalidSessionIdException<br/>        elif status in ErrorCode.UNKNOWN_METHOD:<br/>            exception_class = UnknownMethodException<br/>        else:<br/>            exception_class = WebDriverException<br/>        if value == &#x27;&#x27; or value is None:<br/>            value = response[&#x27;value&#x27;]<br/>        if isinstance(value, basestring):<br/>            if exception_class == ErrorInResponseException:<br/>                raise exception_class(response, value)<br/>            raise exception_class(value)<br/>        if message == &quot;&quot; and &#x27;message&#x27; in value:<br/>            message = value[&#x27;message&#x27;]<br/>    <br/>        screen = None<br/>        if &#x27;screen&#x27; in value:<br/>            screen = value[&#x27;screen&#x27;]<br/>    <br/>        stacktrace = None<br/>        if &#x27;stackTrace&#x27; in value and value[&#x27;stackTrace&#x27;]:<br/>            stacktrace = []<br/>            try:<br/>                for frame in value[&#x27;stackTrace&#x27;]:<br/>                    line = self._value_or_default(frame, &#x27;lineNumber&#x27;, &#x27;&#x27;)<br/>                    file = self._value_or_default(frame, &#x27;fileName&#x27;, &#x27;&lt;anonymous&gt;&#x27;)<br/>                    if line:<br/>                        file = &quot;%s:%s&quot; % (file, line)<br/>                    meth = self._value_or_default(frame, &#x27;methodName&#x27;, &#x27;&lt;anonymous&gt;&#x27;)<br/>                    if &#x27;className&#x27; in frame:<br/>                        meth = &quot;%s.%s&quot; % (frame[&#x27;className&#x27;], meth)<br/>                    msg = &quot;    at %s (%s)&quot;<br/>                    msg = msg % (meth, file)<br/>                    stacktrace.append(msg)<br/>            except TypeError:<br/>                pass<br/>        if exception_class == ErrorInResponseException:<br/>            raise exception_class(response, message)<br/>        elif exception_class == UnexpectedAlertPresentException:<br/>            alert_text = None<br/>            if &#x27;data&#x27; in value:<br/>                alert_text = value[&#x27;data&#x27;].get(&#x27;text&#x27;)<br/>            elif &#x27;alert&#x27; in value:<br/>                alert_text = value[&#x27;alert&#x27;].get(&#x27;text&#x27;)<br/>            raise exception_class(message, screen, stacktrace, alert_text)<br/>&gt;       raise exception_class(message, screen, stacktrace)<br/><span class="error">E       selenium.common.exceptions.NoSuchElementException: Message: no such element: Unable to locate element: {&quot;method&quot;:&quot;xpath&quot;,&quot;selector&quot;:&quot;//*[@id=&quot;log_record_system_table&quot;]/tbody/tr[2]/td[1]&quot;}</span><br/><span class="error">E         (Session info: chrome=80.0.3987.122)</span><br/><span class="error">E         (Driver info: chromedriver=2.41.578737 (49da6702b16031c40d63e5618de03a32ff6c197e),platform=Windows NT 6.1.7601 SP1 x86_64)</span><br/><br/>..\..\AppData\Local\Programs\Python\Python37\lib\site-packages\selenium\webdriver\remote\errorhandler.py:242: NoSuchElementException<br/><br/>During handling of the above exception, another exception occurred:<br/><br/>browser = &lt;selenium.webdriver.chrome.webdriver.WebDriver (session=&quot;6208bca0fb13e85c42052894530ba335&quot;)&gt;<br/><br/>    def test_c142884(browser):<br/>    	try:<br/>    		login_web(browser, url=dev1)<br/>    <br/>    		get_log(browser, 系统日志)<br/>    <br/>    		info1 = browser.find_element_by_xpath(&#x27;//*[@id=&quot;for_config_tb_title_mix&quot;]/ul/li&#x27;).text<br/>    		# print(info1)<br/>    		try:<br/>    			assert &quot;系统日志&quot; in info1<br/>    <br/>    			rail_pass(test_run_id, test_id)<br/>    		except:<br/>    			# 当日志仅有一页时,该脚本会执行失败,在这里可以添加SSH登陆或者接口downup去产生日志，保证重新执行时可以PASS<br/>    			# INTERFACE DOWN UP<br/>    			generate_log(browser, dev=dev1, log_type=系统日志, num=&quot;20&quot;)<br/>    			rail_fail(test_run_id, test_id)<br/>    			assert &quot;系统日志&quot; in info1<br/>    	except Exception as err:<br/>    		# 如果上面的步骤有报错，重新设备，恢复配置<br/>    		print(err)<br/>    		# reload(hostip=dev1)<br/>    		rail_fail(test_run_id, test_id)<br/>&gt;   		assert False<br/><span class="error">E     assert False</span><br/><br/>test_case\scg\scg_LOG\test_c142884.py:41: AssertionError<br/></div></td></tr></tbody>
      <tbody class="rerun results-table-row">
        <tr>
          <td class="col-result">Rerun</td>
          <td class="col-time">2020-03-07 03:01:38.713281</td>
          <td class="col-name">test_case/scg/scg_LOG/test_c142893.py::test_c142893</td>
          <td>None</td>
          <td class="col-duration">10.96</td></tr>
        <tr>
          <td class="extra" colspan="5">
            <div class="log">browser = &lt;selenium.webdriver.chrome.webdriver.WebDriver (session=&quot;6208bca0fb13e85c42052894530ba335&quot;)&gt;<br/><br/>    def test_c142893(browser):<br/>    	try:<br/>    		# 登录admin<br/>    		login_web(browser, url=dev1)<br/>    		# 获取页数<br/>    		get_into_logging(browser, log_type=管理日志)<br/>    		info1 = browser.find_element_by_xpath(&#x27;//*[@id=&quot;timearea0&quot;]&#x27;).text<br/>    		# print(info1)<br/>    		num1 = browser.find_element_by_xpath(&#x27;//*[@id=&quot;rules_count&quot;]&#x27;).text<br/>    		# print(num1)<br/>    		num2 = int(num1)<br/>    		s1 = Select(browser.find_element_by_xpath(&#x27;//*[@id=&quot;counter&quot;]&#x27;))<br/>    		s1.select_by_visible_text(&#x27;50&#x27;)<br/>    		page1 = num2/50<br/>    		page2 = math.ceil(page1)<br/>    		# print(page2)<br/>    		# 根据页码查询admin日志<br/>    		s1 = Select(browser.find_element_by_xpath(&#x27;//*[@id=&quot;Select1&quot;]&#x27;))<br/>&gt;   		s1.select_by_visible_text(&#x27;2/&#x27;+str(page2))<br/><br/>test_case\scg\scg_LOG\test_c142893.py:39: <br/>_ _ _ _ _ _ _ _ _ _ _ _ _ _ _ _ _ _ _ _ _ _ _ _ _ _ _ _ _ _ _ _ _ _ _ _ _ _ _ _<br/><br/>self = &lt;selenium.webdriver.support.select.Select object at 0x000000001036CFD0&gt;<br/>text = &#x27;2/1&#x27;<br/><br/>    def select_by_visible_text(self, text):<br/>        &quot;&quot;&quot;Select all options that display text matching the argument. That is, when given &quot;Bar&quot; this<br/>               would select an option like:<br/>    <br/>                &lt;option value=&quot;foo&quot;&gt;Bar&lt;/option&gt;<br/>    <br/>               :Args:<br/>                - text - The visible text to match against<br/>    <br/>                throws NoSuchElementException If there is no option with specisied text in SELECT<br/>               &quot;&quot;&quot;<br/>        xpath = &quot;.//option[normalize-space(.) = %s]&quot; % self._escapeString(text)<br/>        opts = self._el.find_elements(By.XPATH, xpath)<br/>        matched = False<br/>        for opt in opts:<br/>            self._setSelected(opt)<br/>            if not self.is_multiple:<br/>                return<br/>            matched = True<br/>    <br/>        if len(opts) == 0 and &quot; &quot; in text:<br/>            subStringWithoutSpace = self._get_longest_token(text)<br/>            if subStringWithoutSpace == &quot;&quot;:<br/>                candidates = self.options<br/>            else:<br/>                xpath = &quot;.//option[contains(.,%s)]&quot; % self._escapeString(subStringWithoutSpace)<br/>                candidates = self._el.find_elements(By.XPATH, xpath)<br/>            for candidate in candidates:<br/>                if text == candidate.text:<br/>                    self._setSelected(candidate)<br/>                    if not self.is_multiple:<br/>                        return<br/>                    matched = True<br/>    <br/>        if not matched:<br/>&gt;           raise NoSuchElementException(&quot;Could not locate element with visible text: %s&quot; % text)<br/><span class="error">E           selenium.common.exceptions.NoSuchElementException: Message: Could not locate element with visible text: 2/1</span><br/><br/>..\..\AppData\Local\Programs\Python\Python37\lib\site-packages\selenium\webdriver\support\select.py:140: NoSuchElementException<br/><br/>During handling of the above exception, another exception occurred:<br/><br/>browser = &lt;selenium.webdriver.chrome.webdriver.WebDriver (session=&quot;6208bca0fb13e85c42052894530ba335&quot;)&gt;<br/><br/>    def test_c142893(browser):<br/>    	try:<br/>    		# 登录admin<br/>    		login_web(browser, url=dev1)<br/>    		# 获取页数<br/>    		get_into_logging(browser, log_type=管理日志)<br/>    		info1 = browser.find_element_by_xpath(&#x27;//*[@id=&quot;timearea0&quot;]&#x27;).text<br/>    		# print(info1)<br/>    		num1 = browser.find_element_by_xpath(&#x27;//*[@id=&quot;rules_count&quot;]&#x27;).text<br/>    		# print(num1)<br/>    		num2 = int(num1)<br/>    		s1 = Select(browser.find_element_by_xpath(&#x27;//*[@id=&quot;counter&quot;]&#x27;))<br/>    		s1.select_by_visible_text(&#x27;50&#x27;)<br/>    		page1 = num2/50<br/>    		page2 = math.ceil(page1)<br/>    		# print(page2)<br/>    		# 根据页码查询admin日志<br/>    		s1 = Select(browser.find_element_by_xpath(&#x27;//*[@id=&quot;Select1&quot;]&#x27;))<br/>    		s1.select_by_visible_text(&#x27;2/&#x27;+str(page2))<br/>    		time.sleep(1.5)<br/>    		info2 = browser.find_element_by_xpath(&#x27;//*[@id=&quot;timearea0&quot;]&#x27;).text<br/>    		# print(info2)<br/>    <br/>    		try:<br/>    			assert info1 != info2<br/>    			rail_pass(test_run_id, test_id)<br/>    		except:<br/>    			# 当日志仅有一页时,该脚本会执行失败,在这里可以添加SSH登陆或者接口downup去产生日志，保证重新执行时可以PASS<br/>    			# INTERFACE DOWN UP<br/>    			rail_fail(test_run_id, test_id)<br/>    			assert info1 != info2<br/>    	except Exception as err:<br/>    		# 如果上面的步骤有报错，重新设备，恢复配置<br/>    		print(err)<br/>    		# reload(hostip=dev1)<br/>    		rail_fail(test_run_id, test_id)<br/>&gt;   		assert False<br/><span class="error">E     assert False</span><br/><br/>test_case\scg\scg_LOG\test_c142893.py:57: AssertionError<br/></div></td></tr></tbody>
      <tbody class="rerun results-table-row">
        <tr>
          <td class="col-result">Rerun</td>
          <td class="col-time">2020-03-07 03:04:37.010479</td>
          <td class="col-name">test_case/scg/scg_LOG/test_c142898.py::test_c142898</td>
          <td>None</td>
          <td class="col-duration">89.61</td></tr>
        <tr>
          <td class="extra" colspan="5">
            <div class="log">browser = &lt;selenium.webdriver.chrome.webdriver.WebDriver (session=&quot;6208bca0fb13e85c42052894530ba335&quot;)&gt;<br/><br/>    def test_c142898(browser):<br/>        try:<br/>            login_web(browser, url=dev1)<br/>            # 配置查询条件并保存为“系统日志查询”<br/>            advanced_query_save_system_log_lzy(browser, advanced=&quot;yes&quot;, ambiguous_search=&quot;&quot;,<br/>                                               start_date=&quot;&quot;, start_time=&quot;&quot;, end_date=&quot;&quot;, end_time=&quot;&quot;,<br/>                                               level=&quot;change&quot;, select_all=&quot;no&quot;, emerg=&quot;yes/no&quot;, alert=&quot;yes/no&quot;,<br/>                                               critical=&quot;yes/no&quot;, error=&quot;yes/no&quot;, warning=&quot;yes/no&quot;, notice=&quot;yes&quot;,<br/>                                               info=&quot;yes/no&quot;,<br/>                                               debug=&quot;yes/no&quot;, module=&quot;change/unchange&quot;, modul_name=&quot;&quot;,<br/>                                               save_as=&quot;yes&quot;, save_as_name=&quot;系统日志查询&quot;)<br/>            # 点击该条件查询系统日志<br/>            advanced_query_save_modify_admin_log_lzy(browser, log_type=系统日志, refresh=&quot;yes&quot;, refresh_name=&quot;系统日志查询&quot;,<br/>                                                     delete=&quot;no&quot;)<br/>            # 获取级别 判断为notice<br/>            sleep(1)<br/>&gt;           info1 = browser.find_element_by_xpath(&#x27;//*[@id=&quot;levelarea0&quot;]&#x27;).text<br/><br/>test_case\scg\scg_LOG\test_c142898.py:37: <br/>_ _ _ _ _ _ _ _ _ _ _ _ _ _ _ _ _ _ _ _ _ _ _ _ _ _ _ _ _ _ _ _ _ _ _ _ _ _ _ _<br/><br/>self = &lt;selenium.webdriver.chrome.webdriver.WebDriver (session=&quot;6208bca0fb13e85c42052894530ba335&quot;)&gt;<br/>xpath = &#x27;//*[@id=&quot;levelarea0&quot;]&#x27;<br/><br/>    def find_element_by_xpath(self, xpath):<br/>        &quot;&quot;&quot;<br/>            Finds an element by xpath.<br/>    <br/>            :Args:<br/>             - xpath - The xpath locator of the element to find.<br/>    <br/>            :Returns:<br/>             - WebElement - the element if it was found<br/>    <br/>            :Raises:<br/>             - NoSuchElementException - if the element wasn&#x27;t found<br/>    <br/>            :Usage:<br/>                element = driver.find_element_by_xpath(&#x27;//div/td[1]&#x27;)<br/>            &quot;&quot;&quot;<br/>&gt;       return self.find_element(by=By.XPATH, value=xpath)<br/><br/>..\..\AppData\Local\Programs\Python\Python37\lib\site-packages\selenium\webdriver\remote\webdriver.py:393: <br/>_ _ _ _ _ _ _ _ _ _ _ _ _ _ _ _ _ _ _ _ _ _ _ _ _ _ _ _ _ _ _ _ _ _ _ _ _ _ _ _<br/><br/>self = &lt;selenium.webdriver.chrome.webdriver.WebDriver (session=&quot;6208bca0fb13e85c42052894530ba335&quot;)&gt;<br/>by = &#x27;xpath&#x27;, value = &#x27;//*[@id=&quot;levelarea0&quot;]&#x27;<br/><br/>    def find_element(self, by=By.ID, value=None):<br/>        &quot;&quot;&quot;<br/>            Find an element given a By strategy and locator. Prefer the find_element_by_* methods when<br/>            possible.<br/>    <br/>            :Usage:<br/>                element = driver.find_element(By.ID, &#x27;foo&#x27;)<br/>    <br/>            :rtype: WebElement<br/>            &quot;&quot;&quot;<br/>        if self.w3c:<br/>            if by == By.ID:<br/>                by = By.CSS_SELECTOR<br/>                value = &#x27;[id=&quot;%s&quot;]&#x27; % value<br/>            elif by == By.TAG_NAME:<br/>                by = By.CSS_SELECTOR<br/>            elif by == By.CLASS_NAME:<br/>                by = By.CSS_SELECTOR<br/>                value = &quot;.%s&quot; % value<br/>            elif by == By.NAME:<br/>                by = By.CSS_SELECTOR<br/>                value = &#x27;[name=&quot;%s&quot;]&#x27; % value<br/>        return self.execute(Command.FIND_ELEMENT, {<br/>            &#x27;using&#x27;: by,<br/>&gt;           &#x27;value&#x27;: value})[&#x27;value&#x27;]<br/><br/>..\..\AppData\Local\Programs\Python\Python37\lib\site-packages\selenium\webdriver\remote\webdriver.py:966: <br/>_ _ _ _ _ _ _ _ _ _ _ _ _ _ _ _ _ _ _ _ _ _ _ _ _ _ _ _ _ _ _ _ _ _ _ _ _ _ _ _<br/><br/>self = &lt;selenium.webdriver.chrome.webdriver.WebDriver (session=&quot;6208bca0fb13e85c42052894530ba335&quot;)&gt;<br/>driver_command = &#x27;findElement&#x27;<br/>params = {&#x27;sessionId&#x27;: &#x27;6208bca0fb13e85c42052894530ba335&#x27;, &#x27;using&#x27;: &#x27;xpath&#x27;, &#x27;value&#x27;: &#x27;//*[@id=&quot;levelarea0&quot;]&#x27;}<br/><br/>    def execute(self, driver_command, params=None):<br/>        &quot;&quot;&quot;<br/>            Sends a command to be executed by a command.CommandExecutor.<br/>    <br/>            :Args:<br/>             - driver_command: The name of the command to execute as a string.<br/>             - params: A dictionary of named parameters to send with the command.<br/>    <br/>            :Returns:<br/>              The command&#x27;s JSON response loaded into a dictionary object.<br/>            &quot;&quot;&quot;<br/>        if self.session_id is not None:<br/>            if not params:<br/>                params = {&#x27;sessionId&#x27;: self.session_id}<br/>            elif &#x27;sessionId&#x27; not in params:<br/>                params[&#x27;sessionId&#x27;] = self.session_id<br/>    <br/>        params = self._wrap_value(params)<br/>        response = self.command_executor.execute(driver_command, params)<br/>        if response:<br/>&gt;           self.error_handler.check_response(response)<br/><br/>..\..\AppData\Local\Programs\Python\Python37\lib\site-packages\selenium\webdriver\remote\webdriver.py:320: <br/>_ _ _ _ _ _ _ _ _ _ _ _ _ _ _ _ _ _ _ _ _ _ _ _ _ _ _ _ _ _ _ _ _ _ _ _ _ _ _ _<br/><br/>self = &lt;selenium.webdriver.remote.errorhandler.ErrorHandler object at 0x000000000FB4F668&gt;<br/>response = {&#x27;sessionId&#x27;: &#x27;6208bca0fb13e85c42052894530ba335&#x27;, &#x27;status&#x27;: 7, &#x27;value&#x27;: {&#x27;message&#x27;: &#x27;no such element: Unable to locate...r info: chromedriver=2.41.578737 (49da6702b16031c40d63e5618de03a32ff6c197e),platform=Windows NT 6.1.7601 SP1 x86_64)&#x27;}}<br/><br/>    def check_response(self, response):<br/>        &quot;&quot;&quot;<br/>            Checks that a JSON response from the WebDriver does not have an error.<br/>    <br/>            :Args:<br/>             - response - The JSON response from the WebDriver server as a dictionary<br/>               object.<br/>    <br/>            :Raises: If the response contains an error message.<br/>            &quot;&quot;&quot;<br/>        status = response.get(&#x27;status&#x27;, None)<br/>        if status is None or status == ErrorCode.SUCCESS:<br/>            return<br/>        value = None<br/>        message = response.get(&quot;message&quot;, &quot;&quot;)<br/>        screen = response.get(&quot;screen&quot;, &quot;&quot;)<br/>        stacktrace = None<br/>        if isinstance(status, int):<br/>            value_json = response.get(&#x27;value&#x27;, None)<br/>            if value_json and isinstance(value_json, basestring):<br/>                import json<br/>                try:<br/>                    value = json.loads(value_json)<br/>                    if len(value.keys()) == 1:<br/>                        value = value[&#x27;value&#x27;]<br/>                    status = value.get(&#x27;error&#x27;, None)<br/>                    if status is None:<br/>                        status = value[&quot;status&quot;]<br/>                        message = value[&quot;value&quot;]<br/>                        if not isinstance(message, basestring):<br/>                            value = message<br/>                            message = message.get(&#x27;message&#x27;)<br/>                    else:<br/>                        message = value.get(&#x27;message&#x27;, None)<br/>                except ValueError:<br/>                    pass<br/>    <br/>        exception_class = ErrorInResponseException<br/>        if status in ErrorCode.NO_SUCH_ELEMENT:<br/>            exception_class = NoSuchElementException<br/>        elif status in ErrorCode.NO_SUCH_FRAME:<br/>            exception_class = NoSuchFrameException<br/>        elif status in ErrorCode.NO_SUCH_WINDOW:<br/>            exception_class = NoSuchWindowException<br/>        elif status in ErrorCode.STALE_ELEMENT_REFERENCE:<br/>            exception_class = StaleElementReferenceException<br/>        elif status in ErrorCode.ELEMENT_NOT_VISIBLE:<br/>            exception_class = ElementNotVisibleException<br/>        elif status in ErrorCode.INVALID_ELEMENT_STATE:<br/>            exception_class = InvalidElementStateException<br/>        elif status in ErrorCode.INVALID_SELECTOR \<br/>                or status in ErrorCode.INVALID_XPATH_SELECTOR \<br/>                or status in ErrorCode.INVALID_XPATH_SELECTOR_RETURN_TYPER:<br/>            exception_class = InvalidSelectorException<br/>        elif status in ErrorCode.ELEMENT_IS_NOT_SELECTABLE:<br/>            exception_class = ElementNotSelectableException<br/>        elif status in ErrorCode.ELEMENT_NOT_INTERACTABLE:<br/>            exception_class = ElementNotInteractableException<br/>        elif status in ErrorCode.INVALID_COOKIE_DOMAIN:<br/>            exception_class = InvalidCookieDomainException<br/>        elif status in ErrorCode.UNABLE_TO_SET_COOKIE:<br/>            exception_class = UnableToSetCookieException<br/>        elif status in ErrorCode.TIMEOUT:<br/>            exception_class = TimeoutException<br/>        elif status in ErrorCode.SCRIPT_TIMEOUT:<br/>            exception_class = TimeoutException<br/>        elif status in ErrorCode.UNKNOWN_ERROR:<br/>            exception_class = WebDriverException<br/>        elif status in ErrorCode.UNEXPECTED_ALERT_OPEN:<br/>            exception_class = UnexpectedAlertPresentException<br/>        elif status in ErrorCode.NO_ALERT_OPEN:<br/>            exception_class = NoAlertPresentException<br/>        elif status in ErrorCode.IME_NOT_AVAILABLE:<br/>            exception_class = ImeNotAvailableException<br/>        elif status in ErrorCode.IME_ENGINE_ACTIVATION_FAILED:<br/>            exception_class = ImeActivationFailedException<br/>        elif status in ErrorCode.MOVE_TARGET_OUT_OF_BOUNDS:<br/>            exception_class = MoveTargetOutOfBoundsException<br/>        elif status in ErrorCode.JAVASCRIPT_ERROR:<br/>            exception_class = JavascriptException<br/>        elif status in ErrorCode.SESSION_NOT_CREATED:<br/>            exception_class = SessionNotCreatedException<br/>        elif status in ErrorCode.INVALID_ARGUMENT:<br/>            exception_class = InvalidArgumentException<br/>        elif status in ErrorCode.NO_SUCH_COOKIE:<br/>            exception_class = NoSuchCookieException<br/>        elif status in ErrorCode.UNABLE_TO_CAPTURE_SCREEN:<br/>            exception_class = ScreenshotException<br/>        elif status in ErrorCode.ELEMENT_CLICK_INTERCEPTED:<br/>            exception_class = ElementClickInterceptedException<br/>        elif status in ErrorCode.INSECURE_CERTIFICATE:<br/>            exception_class = InsecureCertificateException<br/>        elif status in ErrorCode.INVALID_COORDINATES:<br/>            exception_class = InvalidCoordinatesException<br/>        elif status in ErrorCode.INVALID_SESSION_ID:<br/>            exception_class = InvalidSessionIdException<br/>        elif status in ErrorCode.UNKNOWN_METHOD:<br/>            exception_class = UnknownMethodException<br/>        else:<br/>            exception_class = WebDriverException<br/>        if value == &#x27;&#x27; or value is None:<br/>            value = response[&#x27;value&#x27;]<br/>        if isinstance(value, basestring):<br/>            if exception_class == ErrorInResponseException:<br/>                raise exception_class(response, value)<br/>            raise exception_class(value)<br/>        if message == &quot;&quot; and &#x27;message&#x27; in value:<br/>            message = value[&#x27;message&#x27;]<br/>    <br/>        screen = None<br/>        if &#x27;screen&#x27; in value:<br/>            screen = value[&#x27;screen&#x27;]<br/>    <br/>        stacktrace = None<br/>        if &#x27;stackTrace&#x27; in value and value[&#x27;stackTrace&#x27;]:<br/>            stacktrace = []<br/>            try:<br/>                for frame in value[&#x27;stackTrace&#x27;]:<br/>                    line = self._value_or_default(frame, &#x27;lineNumber&#x27;, &#x27;&#x27;)<br/>                    file = self._value_or_default(frame, &#x27;fileName&#x27;, &#x27;&lt;anonymous&gt;&#x27;)<br/>                    if line:<br/>                        file = &quot;%s:%s&quot; % (file, line)<br/>                    meth = self._value_or_default(frame, &#x27;methodName&#x27;, &#x27;&lt;anonymous&gt;&#x27;)<br/>                    if &#x27;className&#x27; in frame:<br/>                        meth = &quot;%s.%s&quot; % (frame[&#x27;className&#x27;], meth)<br/>                    msg = &quot;    at %s (%s)&quot;<br/>                    msg = msg % (meth, file)<br/>                    stacktrace.append(msg)<br/>            except TypeError:<br/>                pass<br/>        if exception_class == ErrorInResponseException:<br/>            raise exception_class(response, message)<br/>        elif exception_class == UnexpectedAlertPresentException:<br/>            alert_text = None<br/>            if &#x27;data&#x27; in value:<br/>                alert_text = value[&#x27;data&#x27;].get(&#x27;text&#x27;)<br/>            elif &#x27;alert&#x27; in value:<br/>                alert_text = value[&#x27;alert&#x27;].get(&#x27;text&#x27;)<br/>            raise exception_class(message, screen, stacktrace, alert_text)<br/>&gt;       raise exception_class(message, screen, stacktrace)<br/><span class="error">E       selenium.common.exceptions.NoSuchElementException: Message: no such element: Unable to locate element: {&quot;method&quot;:&quot;xpath&quot;,&quot;selector&quot;:&quot;//*[@id=&quot;levelarea0&quot;]&quot;}</span><br/><span class="error">E         (Session info: chrome=80.0.3987.122)</span><br/><span class="error">E         (Driver info: chromedriver=2.41.578737 (49da6702b16031c40d63e5618de03a32ff6c197e),platform=Windows NT 6.1.7601 SP1 x86_64)</span><br/><br/>..\..\AppData\Local\Programs\Python\Python37\lib\site-packages\selenium\webdriver\remote\errorhandler.py:242: NoSuchElementException<br/><br/>During handling of the above exception, another exception occurred:<br/><br/>browser = &lt;selenium.webdriver.chrome.webdriver.WebDriver (session=&quot;6208bca0fb13e85c42052894530ba335&quot;)&gt;<br/><br/>    def test_c142898(browser):<br/>        try:<br/>            login_web(browser, url=dev1)<br/>            # 配置查询条件并保存为“系统日志查询”<br/>            advanced_query_save_system_log_lzy(browser, advanced=&quot;yes&quot;, ambiguous_search=&quot;&quot;,<br/>                                               start_date=&quot;&quot;, start_time=&quot;&quot;, end_date=&quot;&quot;, end_time=&quot;&quot;,<br/>                                               level=&quot;change&quot;, select_all=&quot;no&quot;, emerg=&quot;yes/no&quot;, alert=&quot;yes/no&quot;,<br/>                                               critical=&quot;yes/no&quot;, error=&quot;yes/no&quot;, warning=&quot;yes/no&quot;, notice=&quot;yes&quot;,<br/>                                               info=&quot;yes/no&quot;,<br/>                                               debug=&quot;yes/no&quot;, module=&quot;change/unchange&quot;, modul_name=&quot;&quot;,<br/>                                               save_as=&quot;yes&quot;, save_as_name=&quot;系统日志查询&quot;)<br/>            # 点击该条件查询系统日志<br/>            advanced_query_save_modify_admin_log_lzy(browser, log_type=系统日志, refresh=&quot;yes&quot;, refresh_name=&quot;系统日志查询&quot;,<br/>                                                     delete=&quot;no&quot;)<br/>            # 获取级别 判断为notice<br/>            sleep(1)<br/>            info1 = browser.find_element_by_xpath(&#x27;//*[@id=&quot;levelarea0&quot;]&#x27;).text<br/>            # print(info1)<br/>    <br/>            # 还原<br/>            # 删除该查询条件<br/>            advanced_query_save_modify_admin_log_lzy(browser, log_type=系统日志, refresh=&quot;yes&quot;, refresh_name=&quot;系统日志查询&quot;,<br/>                                                     delete=&quot;yes&quot;)<br/>    <br/>            # 获取日志<br/>            log1 =get_log(browser, 管理日志)<br/>            # print(log1)<br/>    <br/>    <br/>    <br/>            try:<br/>                assert &quot;notice&quot; in info1 and &#x27;Delete&#x27; in log1<br/>                rail_pass(test_run_id, test_id)<br/>            except:<br/>                rail_fail(test_run_id, test_id)<br/>                assert &quot;notice&quot; in info1 and &#x27;Delete&#x27; in log1<br/>        except Exception as err:<br/>            # 如果上面的步骤有报错，重新设备，恢复配置<br/>            print(err)<br/>            reload(hostip=dev1)<br/>            rail_fail(test_run_id, test_id)<br/>&gt;           assert False<br/><span class="error">E           assert False</span><br/><br/>test_case\scg\scg_LOG\test_c142898.py:62: AssertionError<br/></div></td></tr></tbody>
      <tbody class="rerun results-table-row">
        <tr>
          <td class="col-result">Rerun</td>
          <td class="col-time">2020-03-07 03:05:27.745381</td>
          <td class="col-name">test_case/scg/scg_LOG/test_c142899.py::test_c142899</td>
          <td>None</td>
          <td class="col-duration">11.21</td></tr>
        <tr>
          <td class="extra" colspan="5">
            <div class="log">browser = &lt;selenium.webdriver.chrome.webdriver.WebDriver (session=&quot;6208bca0fb13e85c42052894530ba335&quot;)&gt;<br/><br/>    def test_c142899(browser):<br/>    	try:<br/>    		# 登录admin<br/>    		login_web(browser, url=dev1)<br/>    		# 获取页数<br/>    		get_into_logging(browser, log_type=系统日志)<br/>    		info1 = browser.find_element_by_xpath(&#x27;//*[@id=&quot;timearea0&quot;]&#x27;).text<br/>    		# print(info1)<br/>    		num1 = browser.find_element_by_xpath(&#x27;//*[@id=&quot;rules_count&quot;]&#x27;).text<br/>    		# print(num1)<br/>    		num2 = int(num1)<br/>    		s1 = Select(browser.find_element_by_xpath(&#x27;//*[@id=&quot;counter&quot;]&#x27;))<br/>    		s1.select_by_visible_text(&#x27;50&#x27;)<br/>    		page1 = num2/50<br/>    		page2 = math.ceil(page1)<br/>    		# print(page2)<br/>    		# 根据页码查询system日志<br/>    		s1 = Select(browser.find_element_by_xpath(&#x27;//*[@id=&quot;Select1&quot;]&#x27;))<br/>&gt;   		s1.select_by_visible_text(&#x27;2/&#x27;+str(page2))<br/><br/>test_case\scg\scg_LOG\test_c142899.py:39: <br/>_ _ _ _ _ _ _ _ _ _ _ _ _ _ _ _ _ _ _ _ _ _ _ _ _ _ _ _ _ _ _ _ _ _ _ _ _ _ _ _<br/><br/>self = &lt;selenium.webdriver.support.select.Select object at 0x0000000010370358&gt;<br/>text = &#x27;2/1&#x27;<br/><br/>    def select_by_visible_text(self, text):<br/>        &quot;&quot;&quot;Select all options that display text matching the argument. That is, when given &quot;Bar&quot; this<br/>               would select an option like:<br/>    <br/>                &lt;option value=&quot;foo&quot;&gt;Bar&lt;/option&gt;<br/>    <br/>               :Args:<br/>                - text - The visible text to match against<br/>    <br/>                throws NoSuchElementException If there is no option with specisied text in SELECT<br/>               &quot;&quot;&quot;<br/>        xpath = &quot;.//option[normalize-space(.) = %s]&quot; % self._escapeString(text)<br/>        opts = self._el.find_elements(By.XPATH, xpath)<br/>        matched = False<br/>        for opt in opts:<br/>            self._setSelected(opt)<br/>            if not self.is_multiple:<br/>                return<br/>            matched = True<br/>    <br/>        if len(opts) == 0 and &quot; &quot; in text:<br/>            subStringWithoutSpace = self._get_longest_token(text)<br/>            if subStringWithoutSpace == &quot;&quot;:<br/>                candidates = self.options<br/>            else:<br/>                xpath = &quot;.//option[contains(.,%s)]&quot; % self._escapeString(subStringWithoutSpace)<br/>                candidates = self._el.find_elements(By.XPATH, xpath)<br/>            for candidate in candidates:<br/>                if text == candidate.text:<br/>                    self._setSelected(candidate)<br/>                    if not self.is_multiple:<br/>                        return<br/>                    matched = True<br/>    <br/>        if not matched:<br/>&gt;           raise NoSuchElementException(&quot;Could not locate element with visible text: %s&quot; % text)<br/><span class="error">E           selenium.common.exceptions.NoSuchElementException: Message: Could not locate element with visible text: 2/1</span><br/><br/>..\..\AppData\Local\Programs\Python\Python37\lib\site-packages\selenium\webdriver\support\select.py:140: NoSuchElementException<br/><br/>During handling of the above exception, another exception occurred:<br/><br/>browser = &lt;selenium.webdriver.chrome.webdriver.WebDriver (session=&quot;6208bca0fb13e85c42052894530ba335&quot;)&gt;<br/><br/>    def test_c142899(browser):<br/>    	try:<br/>    		# 登录admin<br/>    		login_web(browser, url=dev1)<br/>    		# 获取页数<br/>    		get_into_logging(browser, log_type=系统日志)<br/>    		info1 = browser.find_element_by_xpath(&#x27;//*[@id=&quot;timearea0&quot;]&#x27;).text<br/>    		# print(info1)<br/>    		num1 = browser.find_element_by_xpath(&#x27;//*[@id=&quot;rules_count&quot;]&#x27;).text<br/>    		# print(num1)<br/>    		num2 = int(num1)<br/>    		s1 = Select(browser.find_element_by_xpath(&#x27;//*[@id=&quot;counter&quot;]&#x27;))<br/>    		s1.select_by_visible_text(&#x27;50&#x27;)<br/>    		page1 = num2/50<br/>    		page2 = math.ceil(page1)<br/>    		# print(page2)<br/>    		# 根据页码查询system日志<br/>    		s1 = Select(browser.find_element_by_xpath(&#x27;//*[@id=&quot;Select1&quot;]&#x27;))<br/>    		s1.select_by_visible_text(&#x27;2/&#x27;+str(page2))<br/>    		time.sleep(1.5)<br/>    		info2 = browser.find_element_by_xpath(&#x27;//*[@id=&quot;timearea0&quot;]&#x27;).text<br/>    		# print(info2)<br/>    <br/>    		try:<br/>    			assert info1 != info2<br/>    			rail_pass(test_run_id, test_id)<br/>    		except:<br/>    			# 当日志仅有一页时,该脚本会执行失败,在这里可以添加SSH登陆或者接口downup去产生日志，保证重新执行时可以PASS<br/>    			# INTERFACE DOWN UP<br/>    			rail_fail(test_run_id, test_id)<br/>    			assert info1 != info2<br/>    	except Exception as err:<br/>    		# 如果上面的步骤有报错，重新设备，恢复配置<br/>    		print(err)<br/>    		# reload(hostip=dev1)<br/>    		rail_fail(test_run_id, test_id)<br/>&gt;   		assert False<br/><span class="error">E     assert False</span><br/><br/>test_case\scg\scg_LOG\test_c142899.py:57: AssertionError<br/></div></td></tr></tbody>
      <tbody class="rerun results-table-row">
        <tr>
          <td class="col-result">Rerun</td>
          <td class="col-time">2020-03-07 03:09:10.489121</td>
          <td class="col-name">test_case/scg/scg_LOG/test_c142905.py::test_c142905</td>
          <td>None</td>
          <td class="col-duration">14.04</td></tr>
        <tr>
          <td class="extra" colspan="5">
            <div class="log">browser = &lt;selenium.webdriver.chrome.webdriver.WebDriver (session=&quot;6208bca0fb13e85c42052894530ba335&quot;)&gt;<br/><br/>    def test_c142905(browser):<br/>    	try:<br/>    		# 登录admin<br/>    		login_web(browser, url=dev1)<br/>    		# 获取页数<br/>    		get_into_logging(browser, log_type=安全日志)<br/>    		info1 = browser.find_element_by_xpath(&#x27;//*[@id=&quot;datearea0&quot;]&#x27;).text<br/>    		# print(info1)<br/>    		num1 = browser.find_element_by_xpath(&#x27;//*[@id=&quot;rules_count&quot;]&#x27;).text<br/>    		# print(num1)<br/>    		num2 = int(num1)<br/>    		s1 = Select(browser.find_element_by_xpath(&#x27;//*[@id=&quot;counter&quot;]&#x27;))<br/>    		s1.select_by_visible_text(&#x27;50&#x27;)<br/>    		page1 = num2/50<br/>    		page2 = math.ceil(page1)<br/>    		# print(page2)<br/>    		# 根据页码查询security日志<br/>    		s1 = Select(browser.find_element_by_xpath(&#x27;//*[@id=&quot;Select1&quot;]&#x27;))<br/>&gt;   		s1.select_by_visible_text(&#x27;2/&#x27;+str(page2))<br/><br/>test_case\scg\scg_LOG\test_c142905.py:39: <br/>_ _ _ _ _ _ _ _ _ _ _ _ _ _ _ _ _ _ _ _ _ _ _ _ _ _ _ _ _ _ _ _ _ _ _ _ _ _ _ _<br/><br/>self = &lt;selenium.webdriver.support.select.Select object at 0x00000000104656D8&gt;<br/>text = &#x27;2/1&#x27;<br/><br/>    def select_by_visible_text(self, text):<br/>        &quot;&quot;&quot;Select all options that display text matching the argument. That is, when given &quot;Bar&quot; this<br/>               would select an option like:<br/>    <br/>                &lt;option value=&quot;foo&quot;&gt;Bar&lt;/option&gt;<br/>    <br/>               :Args:<br/>                - text - The visible text to match against<br/>    <br/>                throws NoSuchElementException If there is no option with specisied text in SELECT<br/>               &quot;&quot;&quot;<br/>        xpath = &quot;.//option[normalize-space(.) = %s]&quot; % self._escapeString(text)<br/>        opts = self._el.find_elements(By.XPATH, xpath)<br/>        matched = False<br/>        for opt in opts:<br/>            self._setSelected(opt)<br/>            if not self.is_multiple:<br/>                return<br/>            matched = True<br/>    <br/>        if len(opts) == 0 and &quot; &quot; in text:<br/>            subStringWithoutSpace = self._get_longest_token(text)<br/>            if subStringWithoutSpace == &quot;&quot;:<br/>                candidates = self.options<br/>            else:<br/>                xpath = &quot;.//option[contains(.,%s)]&quot; % self._escapeString(subStringWithoutSpace)<br/>                candidates = self._el.find_elements(By.XPATH, xpath)<br/>            for candidate in candidates:<br/>                if text == candidate.text:<br/>                    self._setSelected(candidate)<br/>                    if not self.is_multiple:<br/>                        return<br/>                    matched = True<br/>    <br/>        if not matched:<br/>&gt;           raise NoSuchElementException(&quot;Could not locate element with visible text: %s&quot; % text)<br/><span class="error">E           selenium.common.exceptions.NoSuchElementException: Message: Could not locate element with visible text: 2/1</span><br/><br/>..\..\AppData\Local\Programs\Python\Python37\lib\site-packages\selenium\webdriver\support\select.py:140: NoSuchElementException<br/><br/>During handling of the above exception, another exception occurred:<br/><br/>browser = &lt;selenium.webdriver.chrome.webdriver.WebDriver (session=&quot;6208bca0fb13e85c42052894530ba335&quot;)&gt;<br/><br/>    def test_c142905(browser):<br/>    	try:<br/>    		# 登录admin<br/>    		login_web(browser, url=dev1)<br/>    		# 获取页数<br/>    		get_into_logging(browser, log_type=安全日志)<br/>    		info1 = browser.find_element_by_xpath(&#x27;//*[@id=&quot;datearea0&quot;]&#x27;).text<br/>    		# print(info1)<br/>    		num1 = browser.find_element_by_xpath(&#x27;//*[@id=&quot;rules_count&quot;]&#x27;).text<br/>    		# print(num1)<br/>    		num2 = int(num1)<br/>    		s1 = Select(browser.find_element_by_xpath(&#x27;//*[@id=&quot;counter&quot;]&#x27;))<br/>    		s1.select_by_visible_text(&#x27;50&#x27;)<br/>    		page1 = num2/50<br/>    		page2 = math.ceil(page1)<br/>    		# print(page2)<br/>    		# 根据页码查询security日志<br/>    		s1 = Select(browser.find_element_by_xpath(&#x27;//*[@id=&quot;Select1&quot;]&#x27;))<br/>    		s1.select_by_visible_text(&#x27;2/&#x27;+str(page2))<br/>    		time.sleep(1.5)<br/>    		info2 = browser.find_element_by_xpath(&#x27;//*[@id=&quot;datearea0&quot;]&#x27;).text<br/>    		# print(info2)<br/>    <br/>    		try:<br/>    			assert info1 != info2<br/>    			rail_pass(test_run_id, test_id)<br/>    		except:<br/>    			# 当没有安全日志时，需要去出发安全<br/>    			# INTERFACE DOWN UP日志<br/>    			rail_fail(test_run_id, test_id)<br/>    			assert info1 != info2<br/>    	except Exception as err:<br/>    		# 如果上面的步骤有报错，重新设备，恢复配置<br/>    		print(err)<br/>    		# reload(hostip=dev1)<br/>    		rail_fail(test_run_id, test_id)<br/>&gt;   		assert False<br/><span class="error">E     assert False</span><br/><br/>test_case\scg\scg_LOG\test_c142905.py:57: AssertionError<br/></div></td></tr></tbody>
      <tbody class="rerun results-table-row">
        <tr>
          <td class="col-result">Rerun</td>
          <td class="col-time">2020-03-07 03:40:58.877274</td>
          <td class="col-name">test_case/scg/scg_LOG/test_c142958.py::test_c142958</td>
          <td>None</td>
          <td class="col-duration">78.05</td></tr>
        <tr>
          <td class="extra" colspan="5">
            <div class="log">browser = &lt;selenium.webdriver.chrome.webdriver.WebDriver (session=&quot;6208bca0fb13e85c42052894530ba335&quot;)&gt;<br/><br/>    def test_c142958(browser):<br/>    	try:<br/>    		login_web(browser, url=dev1)<br/>    <br/>    		add_ftp_server_jyl(browser, status=&quot;enable&quot;, server_name=&quot;ftp_server_jia_1&quot;, ftp_server_name=&quot;192.165.12.8&quot;,<br/>    						   path=&quot;jia&quot;, user=&quot;user&quot;, password=&quot;123456&quot;, format=&quot;syslog&quot;, time=&quot;yes&quot;, time_num=&quot;1450&quot;,<br/>    						   save=&quot;yes&quot;)<br/>    <br/>&gt;   		alert = browser.switch_to_alert()<br/><br/>test_case\scg\scg_LOG\test_c142958.py:27: <br/>_ _ _ _ _ _ _ _ _ _ _ _ _ _ _ _ _ _ _ _ _ _ _ _ _ _ _ _ _ _ _ _ _ _ _ _ _ _ _ _<br/><br/>self = &lt;selenium.webdriver.chrome.webdriver.WebDriver (session=&quot;6208bca0fb13e85c42052894530ba335&quot;)&gt;<br/><br/>    def switch_to_alert(self):<br/>        &quot;&quot;&quot; Deprecated use driver.switch_to.alert<br/>            &quot;&quot;&quot;<br/>        warnings.warn(&quot;use driver.switch_to.alert instead&quot;, DeprecationWarning)<br/>&gt;       return self._switch_to.alert<br/><br/>..\..\AppData\Local\Programs\Python\Python37\lib\site-packages\selenium\webdriver\remote\webdriver.py:797: <br/>_ _ _ _ _ _ _ _ _ _ _ _ _ _ _ _ _ _ _ _ _ _ _ _ _ _ _ _ _ _ _ _ _ _ _ _ _ _ _ _<br/><br/>self = &lt;selenium.webdriver.remote.switch_to.SwitchTo object at 0x000000000FB4F1D0&gt;<br/><br/>    @property<br/>    def alert(self):<br/>        &quot;&quot;&quot;<br/>            Switches focus to an alert on the page.<br/>    <br/>            :Usage:<br/>                alert = driver.switch_to.alert<br/>            &quot;&quot;&quot;<br/>        alert = Alert(self._driver)<br/>&gt;       alert.text<br/><br/>..\..\AppData\Local\Programs\Python\Python37\lib\site-packages\selenium\webdriver\remote\switch_to.py:55: <br/>_ _ _ _ _ _ _ _ _ _ _ _ _ _ _ _ _ _ _ _ _ _ _ _ _ _ _ _ _ _ _ _ _ _ _ _ _ _ _ _<br/><br/>self = &lt;selenium.webdriver.common.alert.Alert object at 0x0000000010326EF0&gt;<br/><br/>    @property<br/>    def text(self):<br/>        &quot;&quot;&quot;<br/>            Gets the text of the Alert.<br/>            &quot;&quot;&quot;<br/>        if self.driver.w3c:<br/>            return self.driver.execute(Command.W3C_GET_ALERT_TEXT)[&quot;value&quot;]<br/>        else:<br/>&gt;           return self.driver.execute(Command.GET_ALERT_TEXT)[&quot;value&quot;]<br/><br/>..\..\AppData\Local\Programs\Python\Python37\lib\site-packages\selenium\webdriver\common\alert.py:69: <br/>_ _ _ _ _ _ _ _ _ _ _ _ _ _ _ _ _ _ _ _ _ _ _ _ _ _ _ _ _ _ _ _ _ _ _ _ _ _ _ _<br/><br/>self = &lt;selenium.webdriver.chrome.webdriver.WebDriver (session=&quot;6208bca0fb13e85c42052894530ba335&quot;)&gt;<br/>driver_command = &#x27;getAlertText&#x27;<br/>params = {&#x27;sessionId&#x27;: &#x27;6208bca0fb13e85c42052894530ba335&#x27;}<br/><br/>    def execute(self, driver_command, params=None):<br/>        &quot;&quot;&quot;<br/>            Sends a command to be executed by a command.CommandExecutor.<br/>    <br/>            :Args:<br/>             - driver_command: The name of the command to execute as a string.<br/>             - params: A dictionary of named parameters to send with the command.<br/>    <br/>            :Returns:<br/>              The command&#x27;s JSON response loaded into a dictionary object.<br/>            &quot;&quot;&quot;<br/>        if self.session_id is not None:<br/>            if not params:<br/>                params = {&#x27;sessionId&#x27;: self.session_id}<br/>            elif &#x27;sessionId&#x27; not in params:<br/>                params[&#x27;sessionId&#x27;] = self.session_id<br/>    <br/>        params = self._wrap_value(params)<br/>        response = self.command_executor.execute(driver_command, params)<br/>        if response:<br/>&gt;           self.error_handler.check_response(response)<br/><br/>..\..\AppData\Local\Programs\Python\Python37\lib\site-packages\selenium\webdriver\remote\webdriver.py:320: <br/>_ _ _ _ _ _ _ _ _ _ _ _ _ _ _ _ _ _ _ _ _ _ _ _ _ _ _ _ _ _ _ _ _ _ _ _ _ _ _ _<br/><br/>self = &lt;selenium.webdriver.remote.errorhandler.ErrorHandler object at 0x000000000FB4F668&gt;<br/>response = {&#x27;sessionId&#x27;: &#x27;6208bca0fb13e85c42052894530ba335&#x27;, &#x27;status&#x27;: 27, &#x27;value&#x27;: {&#x27;message&#x27;: &#x27;no such alert\n  (Session info: ...r info: chromedriver=2.41.578737 (49da6702b16031c40d63e5618de03a32ff6c197e),platform=Windows NT 6.1.7601 SP1 x86_64)&#x27;}}<br/><br/>    def check_response(self, response):<br/>        &quot;&quot;&quot;<br/>            Checks that a JSON response from the WebDriver does not have an error.<br/>    <br/>            :Args:<br/>             - response - The JSON response from the WebDriver server as a dictionary<br/>               object.<br/>    <br/>            :Raises: If the response contains an error message.<br/>            &quot;&quot;&quot;<br/>        status = response.get(&#x27;status&#x27;, None)<br/>        if status is None or status == ErrorCode.SUCCESS:<br/>            return<br/>        value = None<br/>        message = response.get(&quot;message&quot;, &quot;&quot;)<br/>        screen = response.get(&quot;screen&quot;, &quot;&quot;)<br/>        stacktrace = None<br/>        if isinstance(status, int):<br/>            value_json = response.get(&#x27;value&#x27;, None)<br/>            if value_json and isinstance(value_json, basestring):<br/>                import json<br/>                try:<br/>                    value = json.loads(value_json)<br/>                    if len(value.keys()) == 1:<br/>                        value = value[&#x27;value&#x27;]<br/>                    status = value.get(&#x27;error&#x27;, None)<br/>                    if status is None:<br/>                        status = value[&quot;status&quot;]<br/>                        message = value[&quot;value&quot;]<br/>                        if not isinstance(message, basestring):<br/>                            value = message<br/>                            message = message.get(&#x27;message&#x27;)<br/>                    else:<br/>                        message = value.get(&#x27;message&#x27;, None)<br/>                except ValueError:<br/>                    pass<br/>    <br/>        exception_class = ErrorInResponseException<br/>        if status in ErrorCode.NO_SUCH_ELEMENT:<br/>            exception_class = NoSuchElementException<br/>        elif status in ErrorCode.NO_SUCH_FRAME:<br/>            exception_class = NoSuchFrameException<br/>        elif status in ErrorCode.NO_SUCH_WINDOW:<br/>            exception_class = NoSuchWindowException<br/>        elif status in ErrorCode.STALE_ELEMENT_REFERENCE:<br/>            exception_class = StaleElementReferenceException<br/>        elif status in ErrorCode.ELEMENT_NOT_VISIBLE:<br/>            exception_class = ElementNotVisibleException<br/>        elif status in ErrorCode.INVALID_ELEMENT_STATE:<br/>            exception_class = InvalidElementStateException<br/>        elif status in ErrorCode.INVALID_SELECTOR \<br/>                or status in ErrorCode.INVALID_XPATH_SELECTOR \<br/>                or status in ErrorCode.INVALID_XPATH_SELECTOR_RETURN_TYPER:<br/>            exception_class = InvalidSelectorException<br/>        elif status in ErrorCode.ELEMENT_IS_NOT_SELECTABLE:<br/>            exception_class = ElementNotSelectableException<br/>        elif status in ErrorCode.ELEMENT_NOT_INTERACTABLE:<br/>            exception_class = ElementNotInteractableException<br/>        elif status in ErrorCode.INVALID_COOKIE_DOMAIN:<br/>            exception_class = InvalidCookieDomainException<br/>        elif status in ErrorCode.UNABLE_TO_SET_COOKIE:<br/>            exception_class = UnableToSetCookieException<br/>        elif status in ErrorCode.TIMEOUT:<br/>            exception_class = TimeoutException<br/>        elif status in ErrorCode.SCRIPT_TIMEOUT:<br/>            exception_class = TimeoutException<br/>        elif status in ErrorCode.UNKNOWN_ERROR:<br/>            exception_class = WebDriverException<br/>        elif status in ErrorCode.UNEXPECTED_ALERT_OPEN:<br/>            exception_class = UnexpectedAlertPresentException<br/>        elif status in ErrorCode.NO_ALERT_OPEN:<br/>            exception_class = NoAlertPresentException<br/>        elif status in ErrorCode.IME_NOT_AVAILABLE:<br/>            exception_class = ImeNotAvailableException<br/>        elif status in ErrorCode.IME_ENGINE_ACTIVATION_FAILED:<br/>            exception_class = ImeActivationFailedException<br/>        elif status in ErrorCode.MOVE_TARGET_OUT_OF_BOUNDS:<br/>            exception_class = MoveTargetOutOfBoundsException<br/>        elif status in ErrorCode.JAVASCRIPT_ERROR:<br/>            exception_class = JavascriptException<br/>        elif status in ErrorCode.SESSION_NOT_CREATED:<br/>            exception_class = SessionNotCreatedException<br/>        elif status in ErrorCode.INVALID_ARGUMENT:<br/>            exception_class = InvalidArgumentException<br/>        elif status in ErrorCode.NO_SUCH_COOKIE:<br/>            exception_class = NoSuchCookieException<br/>        elif status in ErrorCode.UNABLE_TO_CAPTURE_SCREEN:<br/>            exception_class = ScreenshotException<br/>        elif status in ErrorCode.ELEMENT_CLICK_INTERCEPTED:<br/>            exception_class = ElementClickInterceptedException<br/>        elif status in ErrorCode.INSECURE_CERTIFICATE:<br/>            exception_class = InsecureCertificateException<br/>        elif status in ErrorCode.INVALID_COORDINATES:<br/>            exception_class = InvalidCoordinatesException<br/>        elif status in ErrorCode.INVALID_SESSION_ID:<br/>            exception_class = InvalidSessionIdException<br/>        elif status in ErrorCode.UNKNOWN_METHOD:<br/>            exception_class = UnknownMethodException<br/>        else:<br/>            exception_class = WebDriverException<br/>        if value == &#x27;&#x27; or value is None:<br/>            value = response[&#x27;value&#x27;]<br/>        if isinstance(value, basestring):<br/>            if exception_class == ErrorInResponseException:<br/>                raise exception_class(response, value)<br/>            raise exception_class(value)<br/>        if message == &quot;&quot; and &#x27;message&#x27; in value:<br/>            message = value[&#x27;message&#x27;]<br/>    <br/>        screen = None<br/>        if &#x27;screen&#x27; in value:<br/>            screen = value[&#x27;screen&#x27;]<br/>    <br/>        stacktrace = None<br/>        if &#x27;stackTrace&#x27; in value and value[&#x27;stackTrace&#x27;]:<br/>            stacktrace = []<br/>            try:<br/>                for frame in value[&#x27;stackTrace&#x27;]:<br/>                    line = self._value_or_default(frame, &#x27;lineNumber&#x27;, &#x27;&#x27;)<br/>                    file = self._value_or_default(frame, &#x27;fileName&#x27;, &#x27;&lt;anonymous&gt;&#x27;)<br/>                    if line:<br/>                        file = &quot;%s:%s&quot; % (file, line)<br/>                    meth = self._value_or_default(frame, &#x27;methodName&#x27;, &#x27;&lt;anonymous&gt;&#x27;)<br/>                    if &#x27;className&#x27; in frame:<br/>                        meth = &quot;%s.%s&quot; % (frame[&#x27;className&#x27;], meth)<br/>                    msg = &quot;    at %s (%s)&quot;<br/>                    msg = msg % (meth, file)<br/>                    stacktrace.append(msg)<br/>            except TypeError:<br/>                pass<br/>        if exception_class == ErrorInResponseException:<br/>            raise exception_class(response, message)<br/>        elif exception_class == UnexpectedAlertPresentException:<br/>            alert_text = None<br/>            if &#x27;data&#x27; in value:<br/>                alert_text = value[&#x27;data&#x27;].get(&#x27;text&#x27;)<br/>            elif &#x27;alert&#x27; in value:<br/>                alert_text = value[&#x27;alert&#x27;].get(&#x27;text&#x27;)<br/>            raise exception_class(message, screen, stacktrace, alert_text)<br/>&gt;       raise exception_class(message, screen, stacktrace)<br/><span class="error">E       selenium.common.exceptions.NoAlertPresentException: Message: no such alert</span><br/><span class="error">E         (Session info: chrome=80.0.3987.122)</span><br/><span class="error">E         (Driver info: chromedriver=2.41.578737 (49da6702b16031c40d63e5618de03a32ff6c197e),platform=Windows NT 6.1.7601 SP1 x86_64)</span><br/><br/>..\..\AppData\Local\Programs\Python\Python37\lib\site-packages\selenium\webdriver\remote\errorhandler.py:242: NoAlertPresentException<br/><br/>During handling of the above exception, another exception occurred:<br/><br/>browser = &lt;selenium.webdriver.chrome.webdriver.WebDriver (session=&quot;6208bca0fb13e85c42052894530ba335&quot;)&gt;<br/><br/>    def test_c142958(browser):<br/>    	try:<br/>    		login_web(browser, url=dev1)<br/>    <br/>    		add_ftp_server_jyl(browser, status=&quot;enable&quot;, server_name=&quot;ftp_server_jia_1&quot;, ftp_server_name=&quot;192.165.12.8&quot;,<br/>    						   path=&quot;jia&quot;, user=&quot;user&quot;, password=&quot;123456&quot;, format=&quot;syslog&quot;, time=&quot;yes&quot;, time_num=&quot;1450&quot;,<br/>    						   save=&quot;yes&quot;)<br/>    <br/>    		alert = browser.switch_to_alert()<br/>    		print(alert.text)<br/>    		web_info1 = alert.text<br/>    		# print(web_info1)<br/>    		# 接受告警<br/>    		browser.switch_to_alert().accept()<br/>    <br/>    		try:<br/>    			assert &quot;输入数字错误&quot; in web_info1<br/>    			rail_pass(test_run_id, test_id)<br/>    		except:<br/>    			rail_fail(test_run_id, test_id)<br/>    			assert &quot;输入数字错误&quot; in web_info1<br/>    	except Exception as err:<br/>    		# 如果上面的步骤有报错，重新设备，恢复配置<br/>    		print(err)<br/>    		reload(hostip=dev1)<br/>    		rail_fail(test_run_id, test_id)<br/>&gt;   		assert False<br/><span class="error">E     assert False</span><br/><br/>test_case\scg\scg_LOG\test_c142958.py:45: AssertionError<br/></div></td></tr></tbody>
      <tbody class="rerun results-table-row">
        <tr>
          <td class="col-result">Rerun</td>
          <td class="col-time">2020-03-07 03:44:15.354512</td>
          <td class="col-name">test_case/scg/scg_LOG/test_c142960.py::test_c142960</td>
          <td>None</td>
          <td class="col-duration">77.94</td></tr>
        <tr>
          <td class="extra" colspan="5">
            <div class="log">browser = &lt;selenium.webdriver.chrome.webdriver.WebDriver (session=&quot;6208bca0fb13e85c42052894530ba335&quot;)&gt;<br/><br/>    def test_c142960(browser):<br/>    	try:<br/>    		login_web(browser, url=dev1)<br/>    		add_log_server_jyl(browser, status=&quot;enable&quot;, server_name=&quot;log_server_jia_1&quot;, ip=&quot;192.165.12.3&quot;, port=&quot;65536&quot;,<br/>    						   format=&quot;syslog&quot;, protocol=&quot;tcp&quot;, charset=&quot;UTF-8&quot;, save=&quot;yes&quot;)<br/>&gt;   		alert = browser.switch_to_alert()<br/><br/>test_case\scg\scg_LOG\test_c142960.py:24: <br/>_ _ _ _ _ _ _ _ _ _ _ _ _ _ _ _ _ _ _ _ _ _ _ _ _ _ _ _ _ _ _ _ _ _ _ _ _ _ _ _<br/><br/>self = &lt;selenium.webdriver.chrome.webdriver.WebDriver (session=&quot;6208bca0fb13e85c42052894530ba335&quot;)&gt;<br/><br/>    def switch_to_alert(self):<br/>        &quot;&quot;&quot; Deprecated use driver.switch_to.alert<br/>            &quot;&quot;&quot;<br/>        warnings.warn(&quot;use driver.switch_to.alert instead&quot;, DeprecationWarning)<br/>&gt;       return self._switch_to.alert<br/><br/>..\..\AppData\Local\Programs\Python\Python37\lib\site-packages\selenium\webdriver\remote\webdriver.py:797: <br/>_ _ _ _ _ _ _ _ _ _ _ _ _ _ _ _ _ _ _ _ _ _ _ _ _ _ _ _ _ _ _ _ _ _ _ _ _ _ _ _<br/><br/>self = &lt;selenium.webdriver.remote.switch_to.SwitchTo object at 0x000000000FB4F1D0&gt;<br/><br/>    @property<br/>    def alert(self):<br/>        &quot;&quot;&quot;<br/>            Switches focus to an alert on the page.<br/>    <br/>            :Usage:<br/>                alert = driver.switch_to.alert<br/>            &quot;&quot;&quot;<br/>        alert = Alert(self._driver)<br/>&gt;       alert.text<br/><br/>..\..\AppData\Local\Programs\Python\Python37\lib\site-packages\selenium\webdriver\remote\switch_to.py:55: <br/>_ _ _ _ _ _ _ _ _ _ _ _ _ _ _ _ _ _ _ _ _ _ _ _ _ _ _ _ _ _ _ _ _ _ _ _ _ _ _ _<br/><br/>self = &lt;selenium.webdriver.common.alert.Alert object at 0x000000001031B470&gt;<br/><br/>    @property<br/>    def text(self):<br/>        &quot;&quot;&quot;<br/>            Gets the text of the Alert.<br/>            &quot;&quot;&quot;<br/>        if self.driver.w3c:<br/>            return self.driver.execute(Command.W3C_GET_ALERT_TEXT)[&quot;value&quot;]<br/>        else:<br/>&gt;           return self.driver.execute(Command.GET_ALERT_TEXT)[&quot;value&quot;]<br/><br/>..\..\AppData\Local\Programs\Python\Python37\lib\site-packages\selenium\webdriver\common\alert.py:69: <br/>_ _ _ _ _ _ _ _ _ _ _ _ _ _ _ _ _ _ _ _ _ _ _ _ _ _ _ _ _ _ _ _ _ _ _ _ _ _ _ _<br/><br/>self = &lt;selenium.webdriver.chrome.webdriver.WebDriver (session=&quot;6208bca0fb13e85c42052894530ba335&quot;)&gt;<br/>driver_command = &#x27;getAlertText&#x27;<br/>params = {&#x27;sessionId&#x27;: &#x27;6208bca0fb13e85c42052894530ba335&#x27;}<br/><br/>    def execute(self, driver_command, params=None):<br/>        &quot;&quot;&quot;<br/>            Sends a command to be executed by a command.CommandExecutor.<br/>    <br/>            :Args:<br/>             - driver_command: The name of the command to execute as a string.<br/>             - params: A dictionary of named parameters to send with the command.<br/>    <br/>            :Returns:<br/>              The command&#x27;s JSON response loaded into a dictionary object.<br/>            &quot;&quot;&quot;<br/>        if self.session_id is not None:<br/>            if not params:<br/>                params = {&#x27;sessionId&#x27;: self.session_id}<br/>            elif &#x27;sessionId&#x27; not in params:<br/>                params[&#x27;sessionId&#x27;] = self.session_id<br/>    <br/>        params = self._wrap_value(params)<br/>        response = self.command_executor.execute(driver_command, params)<br/>        if response:<br/>&gt;           self.error_handler.check_response(response)<br/><br/>..\..\AppData\Local\Programs\Python\Python37\lib\site-packages\selenium\webdriver\remote\webdriver.py:320: <br/>_ _ _ _ _ _ _ _ _ _ _ _ _ _ _ _ _ _ _ _ _ _ _ _ _ _ _ _ _ _ _ _ _ _ _ _ _ _ _ _<br/><br/>self = &lt;selenium.webdriver.remote.errorhandler.ErrorHandler object at 0x000000000FB4F668&gt;<br/>response = {&#x27;sessionId&#x27;: &#x27;6208bca0fb13e85c42052894530ba335&#x27;, &#x27;status&#x27;: 27, &#x27;value&#x27;: {&#x27;message&#x27;: &#x27;no such alert\n  (Session info: ...r info: chromedriver=2.41.578737 (49da6702b16031c40d63e5618de03a32ff6c197e),platform=Windows NT 6.1.7601 SP1 x86_64)&#x27;}}<br/><br/>    def check_response(self, response):<br/>        &quot;&quot;&quot;<br/>            Checks that a JSON response from the WebDriver does not have an error.<br/>    <br/>            :Args:<br/>             - response - The JSON response from the WebDriver server as a dictionary<br/>               object.<br/>    <br/>            :Raises: If the response contains an error message.<br/>            &quot;&quot;&quot;<br/>        status = response.get(&#x27;status&#x27;, None)<br/>        if status is None or status == ErrorCode.SUCCESS:<br/>            return<br/>        value = None<br/>        message = response.get(&quot;message&quot;, &quot;&quot;)<br/>        screen = response.get(&quot;screen&quot;, &quot;&quot;)<br/>        stacktrace = None<br/>        if isinstance(status, int):<br/>            value_json = response.get(&#x27;value&#x27;, None)<br/>            if value_json and isinstance(value_json, basestring):<br/>                import json<br/>                try:<br/>                    value = json.loads(value_json)<br/>                    if len(value.keys()) == 1:<br/>                        value = value[&#x27;value&#x27;]<br/>                    status = value.get(&#x27;error&#x27;, None)<br/>                    if status is None:<br/>                        status = value[&quot;status&quot;]<br/>                        message = value[&quot;value&quot;]<br/>                        if not isinstance(message, basestring):<br/>                            value = message<br/>                            message = message.get(&#x27;message&#x27;)<br/>                    else:<br/>                        message = value.get(&#x27;message&#x27;, None)<br/>                except ValueError:<br/>                    pass<br/>    <br/>        exception_class = ErrorInResponseException<br/>        if status in ErrorCode.NO_SUCH_ELEMENT:<br/>            exception_class = NoSuchElementException<br/>        elif status in ErrorCode.NO_SUCH_FRAME:<br/>            exception_class = NoSuchFrameException<br/>        elif status in ErrorCode.NO_SUCH_WINDOW:<br/>            exception_class = NoSuchWindowException<br/>        elif status in ErrorCode.STALE_ELEMENT_REFERENCE:<br/>            exception_class = StaleElementReferenceException<br/>        elif status in ErrorCode.ELEMENT_NOT_VISIBLE:<br/>            exception_class = ElementNotVisibleException<br/>        elif status in ErrorCode.INVALID_ELEMENT_STATE:<br/>            exception_class = InvalidElementStateException<br/>        elif status in ErrorCode.INVALID_SELECTOR \<br/>                or status in ErrorCode.INVALID_XPATH_SELECTOR \<br/>                or status in ErrorCode.INVALID_XPATH_SELECTOR_RETURN_TYPER:<br/>            exception_class = InvalidSelectorException<br/>        elif status in ErrorCode.ELEMENT_IS_NOT_SELECTABLE:<br/>            exception_class = ElementNotSelectableException<br/>        elif status in ErrorCode.ELEMENT_NOT_INTERACTABLE:<br/>            exception_class = ElementNotInteractableException<br/>        elif status in ErrorCode.INVALID_COOKIE_DOMAIN:<br/>            exception_class = InvalidCookieDomainException<br/>        elif status in ErrorCode.UNABLE_TO_SET_COOKIE:<br/>            exception_class = UnableToSetCookieException<br/>        elif status in ErrorCode.TIMEOUT:<br/>            exception_class = TimeoutException<br/>        elif status in ErrorCode.SCRIPT_TIMEOUT:<br/>            exception_class = TimeoutException<br/>        elif status in ErrorCode.UNKNOWN_ERROR:<br/>            exception_class = WebDriverException<br/>        elif status in ErrorCode.UNEXPECTED_ALERT_OPEN:<br/>            exception_class = UnexpectedAlertPresentException<br/>        elif status in ErrorCode.NO_ALERT_OPEN:<br/>            exception_class = NoAlertPresentException<br/>        elif status in ErrorCode.IME_NOT_AVAILABLE:<br/>            exception_class = ImeNotAvailableException<br/>        elif status in ErrorCode.IME_ENGINE_ACTIVATION_FAILED:<br/>            exception_class = ImeActivationFailedException<br/>        elif status in ErrorCode.MOVE_TARGET_OUT_OF_BOUNDS:<br/>            exception_class = MoveTargetOutOfBoundsException<br/>        elif status in ErrorCode.JAVASCRIPT_ERROR:<br/>            exception_class = JavascriptException<br/>        elif status in ErrorCode.SESSION_NOT_CREATED:<br/>            exception_class = SessionNotCreatedException<br/>        elif status in ErrorCode.INVALID_ARGUMENT:<br/>            exception_class = InvalidArgumentException<br/>        elif status in ErrorCode.NO_SUCH_COOKIE:<br/>            exception_class = NoSuchCookieException<br/>        elif status in ErrorCode.UNABLE_TO_CAPTURE_SCREEN:<br/>            exception_class = ScreenshotException<br/>        elif status in ErrorCode.ELEMENT_CLICK_INTERCEPTED:<br/>            exception_class = ElementClickInterceptedException<br/>        elif status in ErrorCode.INSECURE_CERTIFICATE:<br/>            exception_class = InsecureCertificateException<br/>        elif status in ErrorCode.INVALID_COORDINATES:<br/>            exception_class = InvalidCoordinatesException<br/>        elif status in ErrorCode.INVALID_SESSION_ID:<br/>            exception_class = InvalidSessionIdException<br/>        elif status in ErrorCode.UNKNOWN_METHOD:<br/>            exception_class = UnknownMethodException<br/>        else:<br/>            exception_class = WebDriverException<br/>        if value == &#x27;&#x27; or value is None:<br/>            value = response[&#x27;value&#x27;]<br/>        if isinstance(value, basestring):<br/>            if exception_class == ErrorInResponseException:<br/>                raise exception_class(response, value)<br/>            raise exception_class(value)<br/>        if message == &quot;&quot; and &#x27;message&#x27; in value:<br/>            message = value[&#x27;message&#x27;]<br/>    <br/>        screen = None<br/>        if &#x27;screen&#x27; in value:<br/>            screen = value[&#x27;screen&#x27;]<br/>    <br/>        stacktrace = None<br/>        if &#x27;stackTrace&#x27; in value and value[&#x27;stackTrace&#x27;]:<br/>            stacktrace = []<br/>            try:<br/>                for frame in value[&#x27;stackTrace&#x27;]:<br/>                    line = self._value_or_default(frame, &#x27;lineNumber&#x27;, &#x27;&#x27;)<br/>                    file = self._value_or_default(frame, &#x27;fileName&#x27;, &#x27;&lt;anonymous&gt;&#x27;)<br/>                    if line:<br/>                        file = &quot;%s:%s&quot; % (file, line)<br/>                    meth = self._value_or_default(frame, &#x27;methodName&#x27;, &#x27;&lt;anonymous&gt;&#x27;)<br/>                    if &#x27;className&#x27; in frame:<br/>                        meth = &quot;%s.%s&quot; % (frame[&#x27;className&#x27;], meth)<br/>                    msg = &quot;    at %s (%s)&quot;<br/>                    msg = msg % (meth, file)<br/>                    stacktrace.append(msg)<br/>            except TypeError:<br/>                pass<br/>        if exception_class == ErrorInResponseException:<br/>            raise exception_class(response, message)<br/>        elif exception_class == UnexpectedAlertPresentException:<br/>            alert_text = None<br/>            if &#x27;data&#x27; in value:<br/>                alert_text = value[&#x27;data&#x27;].get(&#x27;text&#x27;)<br/>            elif &#x27;alert&#x27; in value:<br/>                alert_text = value[&#x27;alert&#x27;].get(&#x27;text&#x27;)<br/>            raise exception_class(message, screen, stacktrace, alert_text)<br/>&gt;       raise exception_class(message, screen, stacktrace)<br/><span class="error">E       selenium.common.exceptions.NoAlertPresentException: Message: no such alert</span><br/><span class="error">E         (Session info: chrome=80.0.3987.122)</span><br/><span class="error">E         (Driver info: chromedriver=2.41.578737 (49da6702b16031c40d63e5618de03a32ff6c197e),platform=Windows NT 6.1.7601 SP1 x86_64)</span><br/><br/>..\..\AppData\Local\Programs\Python\Python37\lib\site-packages\selenium\webdriver\remote\errorhandler.py:242: NoAlertPresentException<br/><br/>During handling of the above exception, another exception occurred:<br/><br/>browser = &lt;selenium.webdriver.chrome.webdriver.WebDriver (session=&quot;6208bca0fb13e85c42052894530ba335&quot;)&gt;<br/><br/>    def test_c142960(browser):<br/>    	try:<br/>    		login_web(browser, url=dev1)<br/>    		add_log_server_jyl(browser, status=&quot;enable&quot;, server_name=&quot;log_server_jia_1&quot;, ip=&quot;192.165.12.3&quot;, port=&quot;65536&quot;,<br/>    						   format=&quot;syslog&quot;, protocol=&quot;tcp&quot;, charset=&quot;UTF-8&quot;, save=&quot;yes&quot;)<br/>    		alert = browser.switch_to_alert()<br/>    		print(alert.text)<br/>    		web_info1 = alert.text<br/>    		print(web_info1)<br/>    		# 接受告警<br/>    		browser.switch_to_alert().accept()<br/>    <br/>    		try:<br/>    			assert &quot;端口输入错误&quot; in web_info1<br/>    			rail_pass(test_run_id, test_id)<br/>    		except:<br/>    			rail_fail(test_run_id, test_id)<br/>    			assert &quot;端口输入错误&quot; in web_info1<br/>    	except Exception as err:<br/>    		# 如果上面的步骤有报错，重新设备，恢复配置<br/>    		print(err)<br/>    		reload(hostip=dev1)<br/>    		rail_fail(test_run_id, test_id)<br/>&gt;   		assert False<br/><span class="error">E     assert False</span><br/><br/>test_case\scg\scg_LOG\test_c142960.py:42: AssertionError<br/></div></td></tr></tbody>
      <tbody class="passed results-table-row">
        <tr>
          <td class="col-result">Passed</td>
          <td class="col-time">2020-03-07 02:23:23.662011</td>
          <td class="col-name">test_case/scg/scg_LOG/test_c142731.py::test_c142731</td>
          <td>None</td>
          <td class="col-duration">27.91</td></tr>
        <tr>
          <td class="extra" colspan="5">
            <div class="empty log">No log output captured.</div></td></tr></tbody>
      <tbody class="passed results-table-row">
        <tr>
          <td class="col-result">Passed</td>
          <td class="col-time">2020-03-07 02:23:41.619038</td>
          <td class="col-name">test_case/scg/scg_LOG/test_c142732.py::test_c142732</td>
          <td>None</td>
          <td class="col-duration">17.95</td></tr>
        <tr>
          <td class="extra" colspan="5">
            <div class="empty log">No log output captured.</div></td></tr></tbody>
      <tbody class="passed results-table-row">
        <tr>
          <td class="col-result">Passed</td>
          <td class="col-time">2020-03-07 02:23:58.402998</td>
          <td class="col-name">test_case/scg/scg_LOG/test_c142733.py::test_c142733</td>
          <td>None</td>
          <td class="col-duration">16.78</td></tr>
        <tr>
          <td class="extra" colspan="5">
            <div class="empty log">No log output captured.</div></td></tr></tbody>
      <tbody class="passed results-table-row">
        <tr>
          <td class="col-result">Passed</td>
          <td class="col-time">2020-03-07 02:24:19.909228</td>
          <td class="col-name">test_case/scg/scg_LOG/test_c142734.py::test_c142734</td>
          <td>None</td>
          <td class="col-duration">21.50</td></tr>
        <tr>
          <td class="extra" colspan="5">
            <div class="empty log">No log output captured.</div></td></tr></tbody>
      <tbody class="passed results-table-row">
        <tr>
          <td class="col-result">Passed</td>
          <td class="col-time">2020-03-07 02:24:30.463832</td>
          <td class="col-name">test_case/scg/scg_LOG/test_c142735.py::test_c142735</td>
          <td>None</td>
          <td class="col-duration">10.55</td></tr>
        <tr>
          <td class="extra" colspan="5">
            <div class="empty log">No log output captured.</div></td></tr></tbody>
      <tbody class="passed results-table-row">
        <tr>
          <td class="col-result">Passed</td>
          <td class="col-time">2020-03-07 02:24:57.323368</td>
          <td class="col-name">test_case/scg/scg_LOG/test_c142736.py::test_c142736</td>
          <td>None</td>
          <td class="col-duration">26.86</td></tr>
        <tr>
          <td class="extra" colspan="5">
            <div class="empty log">No log output captured.</div></td></tr></tbody>
      <tbody class="passed results-table-row">
        <tr>
          <td class="col-result">Passed</td>
          <td class="col-time">2020-03-07 02:25:44.324057</td>
          <td class="col-name">test_case/scg/scg_LOG/test_c142739.py::test_c142739</td>
          <td>None</td>
          <td class="col-duration">47.00</td></tr>
        <tr>
          <td class="extra" colspan="5">
            <div class="empty log">No log output captured.</div></td></tr></tbody>
      <tbody class="passed results-table-row">
        <tr>
          <td class="col-result">Passed</td>
          <td class="col-time">2020-03-07 02:26:55.260114</td>
          <td class="col-name">test_case/scg/scg_LOG/test_c142740.py::test_c142740</td>
          <td>None</td>
          <td class="col-duration">70.93</td></tr>
        <tr>
          <td class="extra" colspan="5">
            <div class="empty log">No log output captured.</div></td></tr></tbody>
      <tbody class="passed results-table-row">
        <tr>
          <td class="col-result">Passed</td>
          <td class="col-time">2020-03-07 02:27:16.096306</td>
          <td class="col-name">test_case/scg/scg_LOG/test_c142741.py::test_c142741</td>
          <td>None</td>
          <td class="col-duration">20.83</td></tr>
        <tr>
          <td class="extra" colspan="5">
            <div class="empty log">No log output captured.</div></td></tr></tbody>
      <tbody class="passed results-table-row">
        <tr>
          <td class="col-result">Passed</td>
          <td class="col-time">2020-03-07 02:27:28.424011</td>
          <td class="col-name">test_case/scg/scg_LOG/test_c142742.py::test_c142742</td>
          <td>None</td>
          <td class="col-duration">12.32</td></tr>
        <tr>
          <td class="extra" colspan="5">
            <div class="empty log">No log output captured.</div></td></tr></tbody>
      <tbody class="passed results-table-row">
        <tr>
          <td class="col-result">Passed</td>
          <td class="col-time">2020-03-07 02:27:54.983530</td>
          <td class="col-name">test_case/scg/scg_LOG/test_c142743.py::test_c142743</td>
          <td>None</td>
          <td class="col-duration">26.56</td></tr>
        <tr>
          <td class="extra" colspan="5">
            <div class="empty log">No log output captured.</div></td></tr></tbody>
      <tbody class="passed results-table-row">
        <tr>
          <td class="col-result">Passed</td>
          <td class="col-time">2020-03-07 02:28:39.413071</td>
          <td class="col-name">test_case/scg/scg_LOG/test_c142744.py::test_c142744</td>
          <td>None</td>
          <td class="col-duration">44.43</td></tr>
        <tr>
          <td class="extra" colspan="5">
            <div class="empty log">No log output captured.</div></td></tr></tbody>
      <tbody class="passed results-table-row">
        <tr>
          <td class="col-result">Passed</td>
          <td class="col-time">2020-03-07 02:29:04.044480</td>
          <td class="col-name">test_case/scg/scg_LOG/test_c142752.py::test_c142752</td>
          <td>None</td>
          <td class="col-duration">24.63</td></tr>
        <tr>
          <td class="extra" colspan="5">
            <div class="empty log">No log output captured.</div></td></tr></tbody>
      <tbody class="passed results-table-row">
        <tr>
          <td class="col-result">Passed</td>
          <td class="col-time">2020-03-07 02:29:31.895073</td>
          <td class="col-name">test_case/scg/scg_LOG/test_c142753.py::test_c142753</td>
          <td>None</td>
          <td class="col-duration">27.85</td></tr>
        <tr>
          <td class="extra" colspan="5">
            <div class="empty log">No log output captured.</div></td></tr></tbody>
      <tbody class="passed results-table-row">
        <tr>
          <td class="col-result">Passed</td>
          <td class="col-time">2020-03-07 02:29:59.782668</td>
          <td class="col-name">test_case/scg/scg_LOG/test_c142754.py::test_c142754</td>
          <td>None</td>
          <td class="col-duration">27.88</td></tr>
        <tr>
          <td class="extra" colspan="5">
            <div class="empty log">No log output captured.</div></td></tr></tbody>
      <tbody class="passed results-table-row">
        <tr>
          <td class="col-result">Passed</td>
          <td class="col-time">2020-03-07 02:30:22.498967</td>
          <td class="col-name">test_case/scg/scg_LOG/test_c142755.py::test_c142755</td>
          <td>None</td>
          <td class="col-duration">22.71</td></tr>
        <tr>
          <td class="extra" colspan="5">
            <div class="empty log">No log output captured.</div></td></tr></tbody>
      <tbody class="passed results-table-row">
        <tr>
          <td class="col-result">Passed</td>
          <td class="col-time">2020-03-07 02:30:41.639062</td>
          <td class="col-name">test_case/scg/scg_LOG/test_c142756.py::test_c142756</td>
          <td>None</td>
          <td class="col-duration">19.14</td></tr>
        <tr>
          <td class="extra" colspan="5">
            <div class="empty log">No log output captured.</div></td></tr></tbody>
      <tbody class="passed results-table-row">
        <tr>
          <td class="col-result">Passed</td>
          <td class="col-time">2020-03-07 02:31:00.704153</td>
          <td class="col-name">test_case/scg/scg_LOG/test_c142757.py::test_c142757</td>
          <td>None</td>
          <td class="col-duration">19.06</td></tr>
        <tr>
          <td class="extra" colspan="5">
            <div class="empty log">No log output captured.</div></td></tr></tbody>
      <tbody class="passed results-table-row">
        <tr>
          <td class="col-result">Passed</td>
          <td class="col-time">2020-03-07 02:31:19.988256</td>
          <td class="col-name">test_case/scg/scg_LOG/test_c142758.py::test_c142758</td>
          <td>None</td>
          <td class="col-duration">19.28</td></tr>
        <tr>
          <td class="extra" colspan="5">
            <div class="empty log">No log output captured.</div></td></tr></tbody>
      <tbody class="passed results-table-row">
        <tr>
          <td class="col-result">Passed</td>
          <td class="col-time">2020-03-07 02:31:38.737328</td>
          <td class="col-name">test_case/scg/scg_LOG/test_c142759.py::test_c142759</td>
          <td>None</td>
          <td class="col-duration">18.75</td></tr>
        <tr>
          <td class="extra" colspan="5">
            <div class="empty log">No log output captured.</div></td></tr></tbody>
      <tbody class="passed results-table-row">
        <tr>
          <td class="col-result">Passed</td>
          <td class="col-time">2020-03-07 02:31:57.845421</td>
          <td class="col-name">test_case/scg/scg_LOG/test_c142760.py::test_c142760</td>
          <td>None</td>
          <td class="col-duration">19.11</td></tr>
        <tr>
          <td class="extra" colspan="5">
            <div class="empty log">No log output captured.</div></td></tr></tbody>
      <tbody class="passed results-table-row">
        <tr>
          <td class="col-result">Passed</td>
          <td class="col-time">2020-03-07 02:32:08.435027</td>
          <td class="col-name">test_case/scg/scg_LOG/test_c142761.py::test_c142761</td>
          <td>None</td>
          <td class="col-duration">10.59</td></tr>
        <tr>
          <td class="extra" colspan="5">
            <div class="empty log">No log output captured.</div></td></tr></tbody>
      <tbody class="passed results-table-row">
        <tr>
          <td class="col-result">Passed</td>
          <td class="col-time">2020-03-07 02:32:32.673413</td>
          <td class="col-name">test_case/scg/scg_LOG/test_c142762.py::test_c142762</td>
          <td>None</td>
          <td class="col-duration">24.23</td></tr>
        <tr>
          <td class="extra" colspan="5">
            <div class="empty log">No log output captured.</div></td></tr></tbody>
      <tbody class="passed results-table-row">
        <tr>
          <td class="col-result">Passed</td>
          <td class="col-time">2020-03-07 02:32:56.767791</td>
          <td class="col-name">test_case/scg/scg_LOG/test_c142763.py::test_c142763</td>
          <td>None</td>
          <td class="col-duration">24.09</td></tr>
        <tr>
          <td class="extra" colspan="5">
            <div class="empty log">No log output captured.</div></td></tr></tbody>
      <tbody class="passed results-table-row">
        <tr>
          <td class="col-result">Passed</td>
          <td class="col-time">2020-03-07 02:33:31.042752</td>
          <td class="col-name">test_case/scg/scg_LOG/test_c142764.py::test_c142764</td>
          <td>None</td>
          <td class="col-duration">34.27</td></tr>
        <tr>
          <td class="extra" colspan="5">
            <div class="empty log">No log output captured.</div></td></tr></tbody>
      <tbody class="passed results-table-row">
        <tr>
          <td class="col-result">Passed</td>
          <td class="col-time">2020-03-07 02:34:05.423718</td>
          <td class="col-name">test_case/scg/scg_LOG/test_c142771.py::test_c142771</td>
          <td>None</td>
          <td class="col-duration">34.38</td></tr>
        <tr>
          <td class="extra" colspan="5">
            <div class="empty log">No log output captured.</div></td></tr></tbody>
      <tbody class="passed results-table-row">
        <tr>
          <td class="col-result">Passed</td>
          <td class="col-time">2020-03-07 02:34:33.290312</td>
          <td class="col-name">test_case/scg/scg_LOG/test_c142772.py::test_c142772</td>
          <td>None</td>
          <td class="col-duration">27.86</td></tr>
        <tr>
          <td class="extra" colspan="5">
            <div class="empty log">No log output captured.</div></td></tr></tbody>
      <tbody class="passed results-table-row">
        <tr>
          <td class="col-result">Passed</td>
          <td class="col-time">2020-03-07 02:34:48.794199</td>
          <td class="col-name">test_case/scg/scg_LOG/test_c142784.py::test_c142784</td>
          <td>None</td>
          <td class="col-duration">15.50</td></tr>
        <tr>
          <td class="extra" colspan="5">
            <div class="empty log">No log output captured.</div></td></tr></tbody>
      <tbody class="passed results-table-row">
        <tr>
          <td class="col-result">Passed</td>
          <td class="col-time">2020-03-07 02:35:07.213252</td>
          <td class="col-name">test_case/scg/scg_LOG/test_c142785.py::test_c142785</td>
          <td>None</td>
          <td class="col-duration">18.42</td></tr>
        <tr>
          <td class="extra" colspan="5">
            <div class="empty log">No log output captured.</div></td></tr></tbody>
      <tbody class="passed results-table-row">
        <tr>
          <td class="col-result">Passed</td>
          <td class="col-time">2020-03-07 02:35:27.486412</td>
          <td class="col-name">test_case/scg/scg_LOG/test_c142786.py::test_c142786</td>
          <td>None</td>
          <td class="col-duration">20.27</td></tr>
        <tr>
          <td class="extra" colspan="5">
            <div class="empty log">No log output captured.</div></td></tr></tbody>
      <tbody class="passed results-table-row">
        <tr>
          <td class="col-result">Passed</td>
          <td class="col-time">2020-03-07 02:35:47.377549</td>
          <td class="col-name">test_case/scg/scg_LOG/test_c142787.py::test_c142787</td>
          <td>None</td>
          <td class="col-duration">19.89</td></tr>
        <tr>
          <td class="extra" colspan="5">
            <div class="empty log">No log output captured.</div></td></tr></tbody>
      <tbody class="passed results-table-row">
        <tr>
          <td class="col-result">Passed</td>
          <td class="col-time">2020-03-07 02:36:07.110678</td>
          <td class="col-name">test_case/scg/scg_LOG/test_c142788.py::test_c142788</td>
          <td>None</td>
          <td class="col-duration">19.73</td></tr>
        <tr>
          <td class="extra" colspan="5">
            <div class="empty log">No log output captured.</div></td></tr></tbody>
      <tbody class="passed results-table-row">
        <tr>
          <td class="col-result">Passed</td>
          <td class="col-time">2020-03-07 02:36:16.049189</td>
          <td class="col-name">test_case/scg/scg_LOG/test_c142789.py::test_c142789</td>
          <td>None</td>
          <td class="col-duration">8.93</td></tr>
        <tr>
          <td class="extra" colspan="5">
            <div class="empty log">No log output captured.</div></td></tr></tbody>
      <tbody class="passed results-table-row">
        <tr>
          <td class="col-result">Passed</td>
          <td class="col-time">2020-03-07 02:36:27.247830</td>
          <td class="col-name">test_case/scg/scg_LOG/test_c142790.py::test_c142790</td>
          <td>None</td>
          <td class="col-duration">11.20</td></tr>
        <tr>
          <td class="extra" colspan="5">
            <div class="empty log">No log output captured.</div></td></tr></tbody>
      <tbody class="passed results-table-row">
        <tr>
          <td class="col-result">Passed</td>
          <td class="col-time">2020-03-07 02:36:49.879124</td>
          <td class="col-name">test_case/scg/scg_LOG/test_c142791.py::test_c142791</td>
          <td>None</td>
          <td class="col-duration">22.63</td></tr>
        <tr>
          <td class="extra" colspan="5">
            <div class="empty log">No log output captured.</div></td></tr></tbody>
      <tbody class="passed results-table-row">
        <tr>
          <td class="col-result">Passed</td>
          <td class="col-time">2020-03-07 02:37:12.361410</td>
          <td class="col-name">test_case/scg/scg_LOG/test_c142792.py::test_c142792</td>
          <td>None</td>
          <td class="col-duration">22.48</td></tr>
        <tr>
          <td class="extra" colspan="5">
            <div class="empty log">No log output captured.</div></td></tr></tbody>
      <tbody class="passed results-table-row">
        <tr>
          <td class="col-result">Passed</td>
          <td class="col-time">2020-03-07 02:37:34.870698</td>
          <td class="col-name">test_case/scg/scg_LOG/test_c142793.py::test_c142793</td>
          <td>None</td>
          <td class="col-duration">22.50</td></tr>
        <tr>
          <td class="extra" colspan="5">
            <div class="empty log">No log output captured.</div></td></tr></tbody>
      <tbody class="passed results-table-row">
        <tr>
          <td class="col-result">Passed</td>
          <td class="col-time">2020-03-07 02:37:59.629114</td>
          <td class="col-name">test_case/scg/scg_LOG/test_c142794.py::test_c142794</td>
          <td>None</td>
          <td class="col-duration">24.75</td></tr>
        <tr>
          <td class="extra" colspan="5">
            <div class="empty log">No log output captured.</div></td></tr></tbody>
      <tbody class="passed results-table-row">
        <tr>
          <td class="col-result">Passed</td>
          <td class="col-time">2020-03-07 02:39:22.282841</td>
          <td class="col-name">test_case/scg/scg_LOG/test_c142795.py::test_c142795</td>
          <td>None</td>
          <td class="col-duration">82.65</td></tr>
        <tr>
          <td class="extra" colspan="5">
            <div class="empty log">No log output captured.</div></td></tr></tbody>
      <tbody class="passed results-table-row">
        <tr>
          <td class="col-result">Passed</td>
          <td class="col-time">2020-03-07 02:41:05.621752</td>
          <td class="col-name">test_case/scg/scg_LOG/test_c142796.py::test_c142796</td>
          <td>None</td>
          <td class="col-duration">103.34</td></tr>
        <tr>
          <td class="extra" colspan="5">
            <div class="empty log">No log output captured.</div></td></tr></tbody>
      <tbody class="passed results-table-row">
        <tr>
          <td class="col-result">Passed</td>
          <td class="col-time">2020-03-07 02:41:51.645384</td>
          <td class="col-name">test_case/scg/scg_LOG/test_c142797.py::test_c142797</td>
          <td>None</td>
          <td class="col-duration">46.02</td></tr>
        <tr>
          <td class="extra" colspan="5">
            <div class="empty log">No log output captured.</div></td></tr></tbody>
      <tbody class="passed results-table-row">
        <tr>
          <td class="col-result">Passed</td>
          <td class="col-time">2020-03-07 02:42:25.823339</td>
          <td class="col-name">test_case/scg/scg_LOG/test_c142798.py::test_c142798</td>
          <td>None</td>
          <td class="col-duration">34.18</td></tr>
        <tr>
          <td class="extra" colspan="5">
            <div class="empty log">No log output captured.</div></td></tr></tbody>
      <tbody class="passed results-table-row">
        <tr>
          <td class="col-result">Passed</td>
          <td class="col-time">2020-03-07 02:43:53.714366</td>
          <td class="col-name">test_case/scg/scg_LOG/test_c142799.py::test_c142799</td>
          <td>None</td>
          <td class="col-duration">87.89</td></tr>
        <tr>
          <td class="extra" colspan="5">
            <div class="empty log">No log output captured.</div></td></tr></tbody>
      <tbody class="passed results-table-row">
        <tr>
          <td class="col-result">Passed</td>
          <td class="col-time">2020-03-07 02:44:12.401435</td>
          <td class="col-name">test_case/scg/scg_LOG/test_c142800.py::test_c142800</td>
          <td>None</td>
          <td class="col-duration">18.68</td></tr>
        <tr>
          <td class="extra" colspan="5">
            <div class="empty log">No log output captured.</div></td></tr></tbody>
      <tbody class="passed results-table-row">
        <tr>
          <td class="col-result">Passed</td>
          <td class="col-time">2020-03-07 02:44:42.371149</td>
          <td class="col-name">test_case/scg/scg_LOG/test_c142801.py::test_c142801</td>
          <td>None</td>
          <td class="col-duration">29.97</td></tr>
        <tr>
          <td class="extra" colspan="5">
            <div class="empty log">No log output captured.</div></td></tr></tbody>
      <tbody class="passed results-table-row">
        <tr>
          <td class="col-result">Passed</td>
          <td class="col-time">2020-03-07 02:45:20.884352</td>
          <td class="col-name">test_case/scg/scg_LOG/test_c142820.py::test_c142820</td>
          <td>None</td>
          <td class="col-duration">38.51</td></tr>
        <tr>
          <td class="extra" colspan="5">
            <div class="empty log">No log output captured.</div></td></tr></tbody>
      <tbody class="passed results-table-row">
        <tr>
          <td class="col-result">Passed</td>
          <td class="col-time">2020-03-07 02:45:58.350495</td>
          <td class="col-name">test_case/scg/scg_LOG/test_c142821.py::test_c142821</td>
          <td>None</td>
          <td class="col-duration">37.46</td></tr>
        <tr>
          <td class="extra" colspan="5">
            <div class="empty log">No log output captured.</div></td></tr></tbody>
      <tbody class="passed results-table-row">
        <tr>
          <td class="col-result">Passed</td>
          <td class="col-time">2020-03-07 02:48:18.977538</td>
          <td class="col-name">test_case/scg/scg_LOG/test_c142822.py::test_c142822</td>
          <td>None</td>
          <td class="col-duration">140.62</td></tr>
        <tr>
          <td class="extra" colspan="5">
            <div class="empty log">No log output captured.</div></td></tr></tbody>
      <tbody class="passed results-table-row">
        <tr>
          <td class="col-result">Passed</td>
          <td class="col-time">2020-03-07 02:50:16.978288</td>
          <td class="col-name">test_case/scg/scg_LOG/test_c142823.py::test_c142823</td>
          <td>None</td>
          <td class="col-duration">118.00</td></tr>
        <tr>
          <td class="extra" colspan="5">
            <div class="empty log">No log output captured.</div></td></tr></tbody>
      <tbody class="passed results-table-row">
        <tr>
          <td class="col-result">Passed</td>
          <td class="col-time">2020-03-07 02:52:25.956665</td>
          <td class="col-name">test_case/scg/scg_LOG/test_c142829.py::test_c142829</td>
          <td>None</td>
          <td class="col-duration">128.97</td></tr>
        <tr>
          <td class="extra" colspan="5">
            <div class="empty log">No log output captured.</div></td></tr></tbody>
      <tbody class="passed results-table-row">
        <tr>
          <td class="col-result">Passed</td>
          <td class="col-time">2020-03-07 02:53:11.535272</td>
          <td class="col-name">test_case/scg/scg_LOG/test_c142830.py::test_c142830</td>
          <td>None</td>
          <td class="col-duration">45.57</td></tr>
        <tr>
          <td class="extra" colspan="5">
            <div class="empty log">No log output captured.</div></td></tr></tbody>
      <tbody class="passed results-table-row">
        <tr>
          <td class="col-result">Passed</td>
          <td class="col-time">2020-03-07 02:53:24.180995</td>
          <td class="col-name">test_case/scg/scg_LOG/test_c142875.py::test_c142875</td>
          <td>None</td>
          <td class="col-duration">12.64</td></tr>
        <tr>
          <td class="extra" colspan="5">
            <div class="empty log">No log output captured.</div></td></tr></tbody>
      <tbody class="passed results-table-row">
        <tr>
          <td class="col-result">Passed</td>
          <td class="col-time">2020-03-07 02:53:36.167681</td>
          <td class="col-name">test_case/scg/scg_LOG/test_c142876.py::test_c142876</td>
          <td>None</td>
          <td class="col-duration">11.98</td></tr>
        <tr>
          <td class="extra" colspan="5">
            <div class="empty log">No log output captured.</div></td></tr></tbody>
      <tbody class="passed results-table-row">
        <tr>
          <td class="col-result">Passed</td>
          <td class="col-time">2020-03-07 02:53:47.248315</td>
          <td class="col-name">test_case/scg/scg_LOG/test_c142877.py::test_c142877</td>
          <td>None</td>
          <td class="col-duration">11.07</td></tr>
        <tr>
          <td class="extra" colspan="5">
            <div class="empty log">No log output captured.</div></td></tr></tbody>
      <tbody class="passed results-table-row">
        <tr>
          <td class="col-result">Passed</td>
          <td class="col-time">2020-03-07 02:53:58.195941</td>
          <td class="col-name">test_case/scg/scg_LOG/test_c142878.py::test_c142878</td>
          <td>None</td>
          <td class="col-duration">10.94</td></tr>
        <tr>
          <td class="extra" colspan="5">
            <div class="empty log">No log output captured.</div></td></tr></tbody>
      <tbody class="passed results-table-row">
        <tr>
          <td class="col-result">Passed</td>
          <td class="col-time">2020-03-07 02:54:15.380924</td>
          <td class="col-name">test_case/scg/scg_LOG/test_c142879.py::test_c142879</td>
          <td>None</td>
          <td class="col-duration">17.18</td></tr>
        <tr>
          <td class="extra" colspan="5">
            <div class="empty log">No log output captured.</div></td></tr></tbody>
      <tbody class="passed results-table-row">
        <tr>
          <td class="col-result">Passed</td>
          <td class="col-time">2020-03-07 02:54:32.480902</td>
          <td class="col-name">test_case/scg/scg_LOG/test_c142880.py::test_c142880</td>
          <td>None</td>
          <td class="col-duration">17.10</td></tr>
        <tr>
          <td class="extra" colspan="5">
            <div class="empty log">No log output captured.</div></td></tr></tbody>
      <tbody class="passed results-table-row">
        <tr>
          <td class="col-result">Passed</td>
          <td class="col-time">2020-03-07 02:56:31.264696</td>
          <td class="col-name">test_case/scg/scg_LOG/test_c142881.py::test_c142881</td>
          <td>None</td>
          <td class="col-duration">118.78</td></tr>
        <tr>
          <td class="extra" colspan="5">
            <div class="empty log">No log output captured.</div></td></tr></tbody>
      <tbody class="passed results-table-row">
        <tr>
          <td class="col-result">Passed</td>
          <td class="col-time">2020-03-07 02:58:18.243815</td>
          <td class="col-name">test_case/scg/scg_LOG/test_c142882.py::test_c142882</td>
          <td>None</td>
          <td class="col-duration">106.97</td></tr>
        <tr>
          <td class="extra" colspan="5">
            <div class="empty log">No log output captured.</div></td></tr></tbody>
      <tbody class="passed results-table-row">
        <tr>
          <td class="col-result">Passed</td>
          <td class="col-time">2020-03-07 02:58:33.927712</td>
          <td class="col-name">test_case/scg/scg_LOG/test_c142883.py::test_c142883</td>
          <td>None</td>
          <td class="col-duration">15.68</td></tr>
        <tr>
          <td class="extra" colspan="5">
            <div class="empty log">No log output captured.</div></td></tr></tbody>
      <tbody class="passed results-table-row">
        <tr>
          <td class="col-result">Passed</td>
          <td class="col-time">2020-03-07 02:59:08.667699</td>
          <td class="col-name">test_case/scg/scg_LOG/test_c142885.py::test_c142885</td>
          <td>None</td>
          <td class="col-duration">11.31</td></tr>
        <tr>
          <td class="extra" colspan="5">
            <div class="empty log">No log output captured.</div></td></tr></tbody>
      <tbody class="passed results-table-row">
        <tr>
          <td class="col-result">Passed</td>
          <td class="col-time">2020-03-07 02:59:27.838795</td>
          <td class="col-name">test_case/scg/scg_LOG/test_c142887.py::test_c142887</td>
          <td>None</td>
          <td class="col-duration">19.17</td></tr>
        <tr>
          <td class="extra" colspan="5">
            <div class="empty log">No log output captured.</div></td></tr></tbody>
      <tbody class="passed results-table-row">
        <tr>
          <td class="col-result">Passed</td>
          <td class="col-time">2020-03-07 02:59:53.842282</td>
          <td class="col-name">test_case/scg/scg_LOG/test_c142888.py::test_c142888</td>
          <td>None</td>
          <td class="col-duration">26.00</td></tr>
        <tr>
          <td class="extra" colspan="5">
            <div class="empty log">No log output captured.</div></td></tr></tbody>
      <tbody class="passed results-table-row">
        <tr>
          <td class="col-result">Passed</td>
          <td class="col-time">2020-03-07 03:00:20.013779</td>
          <td class="col-name">test_case/scg/scg_LOG/test_c142889.py::test_c142889</td>
          <td>None</td>
          <td class="col-duration">26.17</td></tr>
        <tr>
          <td class="extra" colspan="5">
            <div class="empty log">No log output captured.</div></td></tr></tbody>
      <tbody class="passed results-table-row">
        <tr>
          <td class="col-result">Passed</td>
          <td class="col-time">2020-03-07 03:00:45.444234</td>
          <td class="col-name">test_case/scg/scg_LOG/test_c142890.py::test_c142890</td>
          <td>None</td>
          <td class="col-duration">25.43</td></tr>
        <tr>
          <td class="extra" colspan="5">
            <div class="empty log">No log output captured.</div></td></tr></tbody>
      <tbody class="passed results-table-row">
        <tr>
          <td class="col-result">Passed</td>
          <td class="col-time">2020-03-07 03:01:15.695964</td>
          <td class="col-name">test_case/scg/scg_LOG/test_c142891.py::test_c142891</td>
          <td>None</td>
          <td class="col-duration">30.25</td></tr>
        <tr>
          <td class="extra" colspan="5">
            <div class="empty log">No log output captured.</div></td></tr></tbody>
      <tbody class="passed results-table-row">
        <tr>
          <td class="col-result">Passed</td>
          <td class="col-time">2020-03-07 03:01:27.728652</td>
          <td class="col-name">test_case/scg/scg_LOG/test_c142892.py::test_c142892</td>
          <td>None</td>
          <td class="col-duration">12.03</td></tr>
        <tr>
          <td class="extra" colspan="5">
            <div class="empty log">No log output captured.</div></td></tr></tbody>
      <tbody class="passed results-table-row">
        <tr>
          <td class="col-result">Passed</td>
          <td class="col-time">2020-03-07 03:02:14.407322</td>
          <td class="col-name">test_case/scg/scg_LOG/test_c142894.py::test_c142894</td>
          <td>None</td>
          <td class="col-duration">24.82</td></tr>
        <tr>
          <td class="extra" colspan="5">
            <div class="empty log">No log output captured.</div></td></tr></tbody>
      <tbody class="passed results-table-row">
        <tr>
          <td class="col-result">Passed</td>
          <td class="col-time">2020-03-07 03:02:28.649137</td>
          <td class="col-name">test_case/scg/scg_LOG/test_c142895.py::test_c142895</td>
          <td>None</td>
          <td class="col-duration">14.24</td></tr>
        <tr>
          <td class="extra" colspan="5">
            <div class="empty log">No log output captured.</div></td></tr></tbody>
      <tbody class="passed results-table-row">
        <tr>
          <td class="col-result">Passed</td>
          <td class="col-time">2020-03-07 03:02:48.702284</td>
          <td class="col-name">test_case/scg/scg_LOG/test_c142896.py::test_c142896</td>
          <td>None</td>
          <td class="col-duration">20.05</td></tr>
        <tr>
          <td class="extra" colspan="5">
            <div class="empty log">No log output captured.</div></td></tr></tbody>
      <tbody class="passed results-table-row">
        <tr>
          <td class="col-result">Passed</td>
          <td class="col-time">2020-03-07 03:03:07.226343</td>
          <td class="col-name">test_case/scg/scg_LOG/test_c142897.py::test_c142897</td>
          <td>None</td>
          <td class="col-duration">18.52</td></tr>
        <tr>
          <td class="extra" colspan="5">
            <div class="empty log">No log output captured.</div></td></tr></tbody>
      <tbody class="passed results-table-row">
        <tr>
          <td class="col-result">Passed</td>
          <td class="col-time">2020-03-07 03:05:16.502738</td>
          <td class="col-name">test_case/scg/scg_LOG/test_c142898.py::test_c142898</td>
          <td>None</td>
          <td class="col-duration">39.49</td></tr>
        <tr>
          <td class="extra" colspan="5">
            <div class="empty log">No log output captured.</div></td></tr></tbody>
      <tbody class="passed results-table-row">
        <tr>
          <td class="col-result">Passed</td>
          <td class="col-time">2020-03-07 03:05:57.963109</td>
          <td class="col-name">test_case/scg/scg_LOG/test_c142900.py::test_c142900</td>
          <td>None</td>
          <td class="col-duration">19.57</td></tr>
        <tr>
          <td class="extra" colspan="5">
            <div class="empty log">No log output captured.</div></td></tr></tbody>
      <tbody class="passed results-table-row">
        <tr>
          <td class="col-result">Passed</td>
          <td class="col-time">2020-03-07 03:06:12.072916</td>
          <td class="col-name">test_case/scg/scg_LOG/test_c142901.py::test_c142901</td>
          <td>None</td>
          <td class="col-duration">14.11</td></tr>
        <tr>
          <td class="extra" colspan="5">
            <div class="empty log">No log output captured.</div></td></tr></tbody>
      <tbody class="passed results-table-row">
        <tr>
          <td class="col-result">Passed</td>
          <td class="col-time">2020-03-07 03:06:27.205782</td>
          <td class="col-name">test_case/scg/scg_LOG/test_c142902.py::test_c142902</td>
          <td>None</td>
          <td class="col-duration">15.13</td></tr>
        <tr>
          <td class="extra" colspan="5">
            <div class="empty log">No log output captured.</div></td></tr></tbody>
      <tbody class="passed results-table-row">
        <tr>
          <td class="col-result">Passed</td>
          <td class="col-time">2020-03-07 03:06:40.471540</td>
          <td class="col-name">test_case/scg/scg_LOG/test_c142903.py::test_c142903</td>
          <td>None</td>
          <td class="col-duration">13.26</td></tr>
        <tr>
          <td class="extra" colspan="5">
            <div class="empty log">No log output captured.</div></td></tr></tbody>
      <tbody class="passed results-table-row">
        <tr>
          <td class="col-result">Passed</td>
          <td class="col-time">2020-03-07 03:08:56.405315</td>
          <td class="col-name">test_case/scg/scg_LOG/test_c142904.py::test_c142904</td>
          <td>None</td>
          <td class="col-duration">135.93</td></tr>
        <tr>
          <td class="extra" colspan="5">
            <div class="empty log">No log output captured.</div></td></tr></tbody>
      <tbody class="passed results-table-row">
        <tr>
          <td class="col-result">Passed</td>
          <td class="col-time">2020-03-07 03:11:20.220541</td>
          <td class="col-name">test_case/scg/scg_LOG/test_c142906.py::test_c142906</td>
          <td>None</td>
          <td class="col-duration">118.90</td></tr>
        <tr>
          <td class="extra" colspan="5">
            <div class="empty log">No log output captured.</div></td></tr></tbody>
      <tbody class="passed results-table-row">
        <tr>
          <td class="col-result">Passed</td>
          <td class="col-time">2020-03-07 03:13:08.103712</td>
          <td class="col-name">test_case/scg/scg_LOG/test_c142907.py::test_c142907</td>
          <td>None</td>
          <td class="col-duration">107.88</td></tr>
        <tr>
          <td class="extra" colspan="5">
            <div class="empty log">No log output captured.</div></td></tr></tbody>
      <tbody class="passed results-table-row">
        <tr>
          <td class="col-result">Passed</td>
          <td class="col-time">2020-03-07 03:14:54.639805</td>
          <td class="col-name">test_case/scg/scg_LOG/test_c142908.py::test_c142908</td>
          <td>None</td>
          <td class="col-duration">106.53</td></tr>
        <tr>
          <td class="extra" colspan="5">
            <div class="empty log">No log output captured.</div></td></tr></tbody>
      <tbody class="passed results-table-row">
        <tr>
          <td class="col-result">Passed</td>
          <td class="col-time">2020-03-07 03:16:40.988888</td>
          <td class="col-name">test_case/scg/scg_LOG/test_c142909.py::test_c142909</td>
          <td>None</td>
          <td class="col-duration">106.34</td></tr>
        <tr>
          <td class="extra" colspan="5">
            <div class="empty log">No log output captured.</div></td></tr></tbody>
      <tbody class="passed results-table-row">
        <tr>
          <td class="col-result">Passed</td>
          <td class="col-time">2020-03-07 03:18:37.320542</td>
          <td class="col-name">test_case/scg/scg_LOG/test_c142911.py::test_c142911</td>
          <td>None</td>
          <td class="col-duration">116.33</td></tr>
        <tr>
          <td class="extra" colspan="5">
            <div class="empty log">No log output captured.</div></td></tr></tbody>
      <tbody class="passed results-table-row">
        <tr>
          <td class="col-result">Passed</td>
          <td class="col-time">2020-03-07 03:20:06.362635</td>
          <td class="col-name">test_case/scg/scg_LOG/test_c142912.py::test_c142912</td>
          <td>None</td>
          <td class="col-duration">89.03</td></tr>
        <tr>
          <td class="extra" colspan="5">
            <div class="empty log">No log output captured.</div></td></tr></tbody>
      <tbody class="passed results-table-row">
        <tr>
          <td class="col-result">Passed</td>
          <td class="col-time">2020-03-07 03:21:36.419786</td>
          <td class="col-name">test_case/scg/scg_LOG/test_c142913.py::test_c142913</td>
          <td>None</td>
          <td class="col-duration">90.05</td></tr>
        <tr>
          <td class="extra" colspan="5">
            <div class="empty log">No log output captured.</div></td></tr></tbody>
      <tbody class="passed results-table-row">
        <tr>
          <td class="col-result">Passed</td>
          <td class="col-time">2020-03-07 03:23:05.119859</td>
          <td class="col-name">test_case/scg/scg_LOG/test_c142915.py::test_c142915</td>
          <td>None</td>
          <td class="col-duration">88.70</td></tr>
        <tr>
          <td class="extra" colspan="5">
            <div class="empty log">No log output captured.</div></td></tr></tbody>
      <tbody class="passed results-table-row">
        <tr>
          <td class="col-result">Passed</td>
          <td class="col-time">2020-03-07 03:24:46.091634</td>
          <td class="col-name">test_case/scg/scg_LOG/test_c142917.py::test_c142917</td>
          <td>None</td>
          <td class="col-duration">100.97</td></tr>
        <tr>
          <td class="extra" colspan="5">
            <div class="empty log">No log output captured.</div></td></tr></tbody>
      <tbody class="passed results-table-row">
        <tr>
          <td class="col-result">Passed</td>
          <td class="col-time">2020-03-07 03:26:16.629813</td>
          <td class="col-name">test_case/scg/scg_LOG/test_c142918.py::test_c142918</td>
          <td>None</td>
          <td class="col-duration">90.53</td></tr>
        <tr>
          <td class="extra" colspan="5">
            <div class="empty log">No log output captured.</div></td></tr></tbody>
      <tbody class="passed results-table-row">
        <tr>
          <td class="col-result">Passed</td>
          <td class="col-time">2020-03-07 03:27:48.392061</td>
          <td class="col-name">test_case/scg/scg_LOG/test_c142919.py::test_c142919</td>
          <td>None</td>
          <td class="col-duration">91.76</td></tr>
        <tr>
          <td class="extra" colspan="5">
            <div class="empty log">No log output captured.</div></td></tr></tbody>
      <tbody class="passed results-table-row">
        <tr>
          <td class="col-result">Passed</td>
          <td class="col-time">2020-03-07 03:29:18.546218</td>
          <td class="col-name">test_case/scg/scg_LOG/test_c142920.py::test_c142920</td>
          <td>None</td>
          <td class="col-duration">90.15</td></tr>
        <tr>
          <td class="extra" colspan="5">
            <div class="empty log">No log output captured.</div></td></tr></tbody>
      <tbody class="passed results-table-row">
        <tr>
          <td class="col-result">Passed</td>
          <td class="col-time">2020-03-07 03:31:04.634286</td>
          <td class="col-name">test_case/scg/scg_LOG/test_c142922.py::test_c142922</td>
          <td>None</td>
          <td class="col-duration">106.08</td></tr>
        <tr>
          <td class="extra" colspan="5">
            <div class="empty log">No log output captured.</div></td></tr></tbody>
      <tbody class="passed results-table-row">
        <tr>
          <td class="col-result">Passed</td>
          <td class="col-time">2020-03-07 03:33:13.304645</td>
          <td class="col-name">test_case/scg/scg_LOG/test_c142923.py::test_c142923</td>
          <td>None</td>
          <td class="col-duration">128.67</td></tr>
        <tr>
          <td class="extra" colspan="5">
            <div class="empty log">No log output captured.</div></td></tr></tbody>
      <tbody class="passed results-table-row">
        <tr>
          <td class="col-result">Passed</td>
          <td class="col-time">2020-03-07 03:34:46.662985</td>
          <td class="col-name">test_case/scg/scg_LOG/test_c142924.py::test_c142924</td>
          <td>None</td>
          <td class="col-duration">93.35</td></tr>
        <tr>
          <td class="extra" colspan="5">
            <div class="empty log">No log output captured.</div></td></tr></tbody>
      <tbody class="passed results-table-row">
        <tr>
          <td class="col-result">Passed</td>
          <td class="col-time">2020-03-07 03:36:17.390174</td>
          <td class="col-name">test_case/scg/scg_LOG/test_c142925.py::test_c142925</td>
          <td>None</td>
          <td class="col-duration">90.72</td></tr>
        <tr>
          <td class="extra" colspan="5">
            <div class="empty log">No log output captured.</div></td></tr></tbody>
      <tbody class="passed results-table-row">
        <tr>
          <td class="col-result">Passed</td>
          <td class="col-time">2020-03-07 03:38:58.332380</td>
          <td class="col-name">test_case/scg/scg_LOG/test_c142938.py::test_c142938</td>
          <td>None</td>
          <td class="col-duration">160.94</td></tr>
        <tr>
          <td class="extra" colspan="5">
            <div class="empty log">No log output captured.</div></td></tr></tbody>
      <tbody class="passed results-table-row">
        <tr>
          <td class="col-result">Passed</td>
          <td class="col-time">2020-03-07 03:39:17.233461</td>
          <td class="col-name">test_case/scg/scg_LOG/test_c142954.py::test_c142954</td>
          <td>None</td>
          <td class="col-duration">18.90</td></tr>
        <tr>
          <td class="extra" colspan="5">
            <div class="empty log">No log output captured.</div></td></tr></tbody>
      <tbody class="passed results-table-row">
        <tr>
          <td class="col-result">Passed</td>
          <td class="col-time">2020-03-07 03:39:31.034250</td>
          <td class="col-name">test_case/scg/scg_LOG/test_c142955.py::test_c142955</td>
          <td>None</td>
          <td class="col-duration">13.80</td></tr>
        <tr>
          <td class="extra" colspan="5">
            <div class="empty log">No log output captured.</div></td></tr></tbody>
      <tbody class="passed results-table-row">
        <tr>
          <td class="col-result">Passed</td>
          <td class="col-time">2020-03-07 03:39:40.453789</td>
          <td class="col-name">test_case/scg/scg_LOG/test_c142956.py::test_c142956</td>
          <td>None</td>
          <td class="col-duration">9.42</td></tr>
        <tr>
          <td class="extra" colspan="5">
            <div class="empty log">No log output captured.</div></td></tr></tbody>
      <tbody class="passed results-table-row">
        <tr>
          <td class="col-result">Passed</td>
          <td class="col-time">2020-03-07 03:42:57.297048</td>
          <td class="col-name">test_case/scg/scg_LOG/test_c142959.py::test_c142959</td>
          <td>None</td>
          <td class="col-duration">37.57</td></tr>
        <tr>
          <td class="extra" colspan="5">
            <div class="empty log">No log output captured.</div></td></tr></tbody>
      <tbody class="passed results-table-row">
        <tr>
          <td class="col-result">Passed</td>
          <td class="col-time">2020-03-07 03:46:03.884720</td>
          <td class="col-name">test_case/scg/scg_LOG/test_c142961.py::test_c142961</td>
          <td>None</td>
          <td class="col-duration">27.99</td></tr>
        <tr>
          <td class="extra" colspan="5">
            <div class="empty log">No log output captured.</div></td></tr></tbody>
      <tbody class="passed results-table-row">
        <tr>
          <td class="col-result">Passed</td>
          <td class="col-time">2020-03-07 03:46:15.939409</td>
          <td class="col-name">test_case/scg/scg_LOG/test_c142969.py::test_c142969</td>
          <td>None</td>
          <td class="col-duration">12.05</td></tr>
        <tr>
          <td class="extra" colspan="5">
            <div class="empty log">No log output captured.</div></td></tr></tbody>
      <tbody class="passed results-table-row">
        <tr>
          <td class="col-result">Passed</td>
          <td class="col-time">2020-03-07 03:46:30.756257</td>
          <td class="col-name">test_case/scg/scg_LOG/test_c142970.py::test_c142970</td>
          <td>None</td>
          <td class="col-duration">12.00</td></tr>
        <tr>
          <td class="extra" colspan="5">
            <div class="empty log">No log output captured.</div></td></tr></tbody></table></body></html>